[logs/Android_OnePlus_3T INFO ] 2020-05-10 02:06:41.826 BaseTest:203 - log path: logs/Android_OnePlus_3T
[logs/Android_OnePlus_3T INFO ] 2020-05-10 02:06:41.860 BaseTest:210 - load config.properties
[logs/Android_OnePlus_3T INFO ] 2020-05-10 02:06:41.861 BaseTest:215 - load strings/strings.xml
[logs/Android_OnePlus_3T INFO ] 2020-05-10 02:06:41.866 BaseTest:235 - appUrl is/Users/srikanthparvatikar/Downloads/appium-pageobjectmodel-master/target/test-classes/app/Amazon_Shopping.apk
[logs/Android_OnePlus_3T INFO ] 2020-05-10 02:06:56.467 BaseTest:253 - driver initialized: io.appium.java_client.android.AndroidDriver, Capabilities: {app=/Users/srikanthparvatikar/Downloads/appium-pageobjectmodel-master/target/test-classes/app/Amazon_Shopping.apk, appActivity=com.amazon.mShop.splashscreen.StartupActivity, appPackage=com.amazon.mShop.android.shopping, automationName=UiAutomator2, databaseEnabled=false, desired={platformName=android, app=/Users/srikanthparvatikar/Downloads/appium-pageobjectmodel-master/target/test-classes/app/Amazon_Shopping.apk, appActivity=com.amazon.mShop.splashscreen.StartupActivity, appPackage=com.amazon.mShop.android.shopping, automationName=UiAutomator2, deviceName=OnePlus_3T, udid=614a12ef}, deviceApiLevel=28, deviceManufacturer=OnePlus, deviceModel=ONEPLUS A3003, deviceName=614a12ef, deviceScreenDensity=420, deviceScreenSize=1080x1920, deviceUDID=614a12ef, javascriptEnabled=true, locationContextEnabled=false, networkConnectionEnabled=true, pixelRatio=2.625, platform=LINUX, platformName=Android, platformVersion=9, statBarHeight=63, takesScreenshot=true, udid=614a12ef, viewportRect={left=0, top=63, width=1080, height=1857}, warnings={}, webStorageEnabled=false}
[logs/Android_OnePlus_3T INFO ] 2020-05-10 02:06:56.830 LoginTests:55 - 
****** starting test:invalidUserName******

[logs/Android_OnePlus_3T INFO ] 2020-05-10 02:07:02.034 BaseTest:325 - Sign in to your account
[logs/Android_OnePlus_3T ERROR] 2020-05-10 02:07:14.019 TestListener:33 - org.openqa.selenium.TimeoutException: Expected condition failed: waiting for visibility of Located by By.chained({By.id: login_accordion_header}) (tried for 10 second(s) with 500 milliseconds interval)
	at org.openqa.selenium.support.ui.WebDriverWait.timeoutException(WebDriverWait.java:95)
	at org.openqa.selenium.support.ui.FluentWait.until(FluentWait.java:272)
	at com.qa.BaseTest.waitForVisibility(BaseTest.java:269)
	at com.qa.BaseTest.click(BaseTest.java:287)
	at com.qa.pages.Login.LoginUserNamePage.pressLoginRadioBtn(LoginUserNamePage.java:25)
	at com.qa.tests.LoginTests.invalidUserName(LoginTests.java:71)
	at sun.reflect.NativeMethodAccessorImpl.invoke0(Native Method)
	at sun.reflect.NativeMethodAccessorImpl.invoke(NativeMethodAccessorImpl.java:62)
	at sun.reflect.DelegatingMethodAccessorImpl.invoke(DelegatingMethodAccessorImpl.java:43)
	at java.lang.reflect.Method.invoke(Method.java:498)
	at org.testng.internal.MethodInvocationHelper.invokeMethod(MethodInvocationHelper.java:124)
	at org.testng.internal.Invoker.invokeMethod(Invoker.java:583)
	at org.testng.internal.Invoker.invokeTestMethod(Invoker.java:719)
	at org.testng.internal.Invoker.invokeTestMethods(Invoker.java:989)
	at org.testng.internal.TestMethodWorker.invokeTestMethods(TestMethodWorker.java:125)
	at org.testng.internal.TestMethodWorker.run(TestMethodWorker.java:109)
	at org.testng.TestRunner.privateRun(TestRunner.java:648)
	at org.testng.TestRunner.run(TestRunner.java:505)
	at org.testng.SuiteRunner.runTest(SuiteRunner.java:455)
	at org.testng.SuiteRunner.access$000(SuiteRunner.java:40)
	at org.testng.SuiteRunner$SuiteWorker.run(SuiteRunner.java:489)
	at org.testng.internal.thread.ThreadUtil$1.call(ThreadUtil.java:52)
	at java.util.concurrent.FutureTask.run(FutureTask.java:266)
	at java.util.concurrent.ThreadPoolExecutor.runWorker(ThreadPoolExecutor.java:1149)
	at java.util.concurrent.ThreadPoolExecutor$Worker.run(ThreadPoolExecutor.java:624)
	at java.lang.Thread.run(Thread.java:748)
Caused by: org.openqa.selenium.NoSuchElementException: Can't locate an element by this strategy: By.chained({By.id: login_accordion_header})
	at io.appium.java_client.pagefactory.AppiumElementLocator.findElement(AppiumElementLocator.java:126)
	at io.appium.java_client.pagefactory.interceptors.InterceptorOfASingleElement.intercept(InterceptorOfASingleElement.java:59)
	at io.appium.java_client.android.AndroidElement$$EnhancerByCGLIB$$b598166c.isDisplayed(<generated>)
	at org.openqa.selenium.support.ui.ExpectedConditions.elementIfVisible(ExpectedConditions.java:314)
	at org.openqa.selenium.support.ui.ExpectedConditions.access$000(ExpectedConditions.java:43)
	at org.openqa.selenium.support.ui.ExpectedConditions$10.apply(ExpectedConditions.java:300)
	at org.openqa.selenium.support.ui.ExpectedConditions$10.apply(ExpectedConditions.java:297)
	at org.openqa.selenium.support.ui.FluentWait.until(FluentWait.java:249)
	... 24 more
Caused by: org.openqa.selenium.TimeoutException: Expected condition failed: waiting for io.appium.java_client.pagefactory.AppiumElementLocator$WaitingFunction@7544536 (tried for 1 second(s) with 500 milliseconds interval)
	at org.openqa.selenium.support.ui.FluentWait.timeoutException(FluentWait.java:304)
	at org.openqa.selenium.support.ui.FluentWait.until(FluentWait.java:272)
	at io.appium.java_client.pagefactory.AppiumElementLocator.waitFor(AppiumElementLocator.java:99)
	at io.appium.java_client.pagefactory.AppiumElementLocator.findElement(AppiumElementLocator.java:119)
	... 31 more
Caused by: org.openqa.selenium.NoSuchElementException: Cannot locate an element using By.chained({By.id: login_accordion_header})
For documentation on this error, please visit: https://www.seleniumhq.org/exceptions/no_such_element.html
Build info: version: '3.141.59', revision: 'e82be7d358', time: '2018-11-14T08:17:03'
System info: host: 'Srikanths-MBP', ip: '2401:4900:2684:8fe1:b5be:c626:69e5:72b6%en0', os.name: 'Mac OS X', os.arch: 'x86_64', os.version: '10.14.6', java.version: '1.8.0_231'
Driver info: driver.version: AndroidDriver
	at io.appium.java_client.pagefactory.bys.builder.ByChained.findElement(ByChained.java:74)
	at org.openqa.selenium.remote.RemoteWebDriver.findElement(RemoteWebDriver.java:315)
	at io.appium.java_client.DefaultGenericMobileDriver.findElement(DefaultGenericMobileDriver.java:57)
	at io.appium.java_client.AppiumDriver.findElement(AppiumDriver.java:1)
	at io.appium.java_client.android.AndroidDriver.findElement(AndroidDriver.java:1)
	at io.appium.java_client.pagefactory.bys.ContentMappedBy.findElement(ContentMappedBy.java:50)
	at org.openqa.selenium.remote.RemoteWebDriver.findElement(RemoteWebDriver.java:315)
	at io.appium.java_client.DefaultGenericMobileDriver.findElement(DefaultGenericMobileDriver.java:57)
	at io.appium.java_client.AppiumDriver.findElement(AppiumDriver.java:1)
	at io.appium.java_client.android.AndroidDriver.findElement(AndroidDriver.java:1)
	at io.appium.java_client.pagefactory.AppiumElementLocator.lambda$0(AppiumElementLocator.java:120)
	at io.appium.java_client.pagefactory.AppiumElementLocator$WaitingFunction.apply(AppiumElementLocator.java:172)
	at io.appium.java_client.pagefactory.AppiumElementLocator$WaitingFunction.apply(AppiumElementLocator.java:1)
	at org.openqa.selenium.support.ui.FluentWait.until(FluentWait.java:249)
	... 33 more

[logs/Android_OnePlus_3T INFO ] 2020-05-10 02:07:15.525 BaseTest:146 - video path: videos/Android_OnePlus_3T/2020-05-10-02-06-41/LoginTests/invalidUserName.mp4
[logs/Android_OnePlus_3T INFO ] 2020-05-10 02:09:13.595 BaseTest:203 - log path: logs/Android_OnePlus_3T
[logs/Android_OnePlus_3T INFO ] 2020-05-10 02:09:13.617 BaseTest:210 - load config.properties
[logs/Android_OnePlus_3T INFO ] 2020-05-10 02:09:13.618 BaseTest:215 - load strings/strings.xml
[logs/Android_OnePlus_3T INFO ] 2020-05-10 02:09:13.621 BaseTest:235 - appUrl is/Users/srikanthparvatikar/Downloads/appium-pageobjectmodel-master/target/test-classes/app/Amazon_Shopping.apk
[logs/Android_OnePlus_3T INFO ] 2020-05-10 02:09:25.892 BaseTest:253 - driver initialized: io.appium.java_client.android.AndroidDriver, Capabilities: {app=/Users/srikanthparvatikar/Downloads/appium-pageobjectmodel-master/target/test-classes/app/Amazon_Shopping.apk, appActivity=com.amazon.mShop.splashscreen.StartupActivity, appPackage=com.amazon.mShop.android.shopping, automationName=UiAutomator2, databaseEnabled=false, desired={platformName=android, app=/Users/srikanthparvatikar/Downloads/appium-pageobjectmodel-master/target/test-classes/app/Amazon_Shopping.apk, appActivity=com.amazon.mShop.splashscreen.StartupActivity, appPackage=com.amazon.mShop.android.shopping, automationName=UiAutomator2, deviceName=OnePlus_3T, udid=614a12ef}, deviceApiLevel=28, deviceManufacturer=OnePlus, deviceModel=ONEPLUS A3003, deviceName=614a12ef, deviceScreenDensity=420, deviceScreenSize=1080x1920, deviceUDID=614a12ef, javascriptEnabled=true, locationContextEnabled=false, networkConnectionEnabled=true, pixelRatio=2.625, platform=LINUX, platformName=Android, platformVersion=9, statBarHeight=63, takesScreenshot=true, udid=614a12ef, viewportRect={left=0, top=63, width=1080, height=1857}, warnings={}, webStorageEnabled=false}
[logs/Android_OnePlus_3T INFO ] 2020-05-10 02:09:26.403 LoginTests:55 - 
****** starting test:invalidUserName******

[logs/Android_OnePlus_3T ERROR] 2020-05-10 02:09:42.219 TestListener:33 - org.openqa.selenium.WebDriverException: org.openqa.selenium.WebDriverException: An unknown server-side error occurred while processing the command. Original error: Timed out after 10000 milliseconds waiting for root AccessibilityNodeInfo
Build info: version: '3.141.59', revision: 'e82be7d358', time: '2018-11-14T08:17:03'
System info: host: 'Srikanths-MBP', ip: '2401:4900:2684:8fe1:b5be:c626:69e5:72b6%en0', os.name: 'Mac OS X', os.arch: 'x86_64', os.version: '10.14.6', java.version: '1.8.0_231'
Driver info: io.appium.java_client.android.AndroidDriver
Capabilities {app: /Users/srikanthparvatikar/D..., appActivity: com.amazon.mShop.splashscre..., appPackage: com.amazon.mShop.android.sh..., automationName: UiAutomator2, databaseEnabled: false, desired: {app: /Users/srikanthparvatikar/D..., appActivity: com.amazon.mShop.splashscre..., appPackage: com.amazon.mShop.android.sh..., automationName: UiAutomator2, deviceName: OnePlus_3T, platformName: android, udid: 614a12ef}, deviceApiLevel: 28, deviceManufacturer: OnePlus, deviceModel: ONEPLUS A3003, deviceName: 614a12ef, deviceScreenDensity: 420, deviceScreenSize: 1080x1920, deviceUDID: 614a12ef, javascriptEnabled: true, locationContextEnabled: false, networkConnectionEnabled: true, pixelRatio: 2.625, platform: LINUX, platformName: Android, platformVersion: 9, statBarHeight: 63, takesScreenshot: true, udid: 614a12ef, viewportRect: {height: 1857, left: 0, top: 63, width: 1080}, warnings: {}, webStorageEnabled: false}
Session ID: 5ec04dfd-6853-4adf-a0c0-9cab413cfb59
*** Element info: {Using=id, value=signin_to_yourAccount}
	at io.appium.java_client.pagefactory.AppiumElementLocator$WaitingFunction.apply(AppiumElementLocator.java:192)
	at io.appium.java_client.pagefactory.AppiumElementLocator$WaitingFunction.apply(AppiumElementLocator.java:1)
	at org.openqa.selenium.support.ui.FluentWait.until(FluentWait.java:249)
	at io.appium.java_client.pagefactory.AppiumElementLocator.waitFor(AppiumElementLocator.java:99)
	at io.appium.java_client.pagefactory.AppiumElementLocator.findElement(AppiumElementLocator.java:119)
	at io.appium.java_client.pagefactory.interceptors.InterceptorOfASingleElement.intercept(InterceptorOfASingleElement.java:59)
	at io.appium.java_client.android.AndroidElement$$EnhancerByCGLIB$$b598166c.isDisplayed(<generated>)
	at org.openqa.selenium.support.ui.ExpectedConditions.elementIfVisible(ExpectedConditions.java:314)
	at org.openqa.selenium.support.ui.ExpectedConditions.access$000(ExpectedConditions.java:43)
	at org.openqa.selenium.support.ui.ExpectedConditions$10.apply(ExpectedConditions.java:300)
	at org.openqa.selenium.support.ui.ExpectedConditions$10.apply(ExpectedConditions.java:297)
	at org.openqa.selenium.support.ui.FluentWait.until(FluentWait.java:249)
	at com.qa.BaseTest.waitForVisibility(BaseTest.java:269)
	at com.qa.BaseTest.getAttribute(BaseTest.java:311)
	at com.qa.BaseTest.getText(BaseTest.java:319)
	at com.qa.pages.Login.SignInPage.getSignInBarTxt(SignInPage.java:23)
	at com.qa.tests.LoginTests.invalidUserName(LoginTests.java:68)
	at sun.reflect.NativeMethodAccessorImpl.invoke0(Native Method)
	at sun.reflect.NativeMethodAccessorImpl.invoke(NativeMethodAccessorImpl.java:62)
	at sun.reflect.DelegatingMethodAccessorImpl.invoke(DelegatingMethodAccessorImpl.java:43)
	at java.lang.reflect.Method.invoke(Method.java:498)
	at org.testng.internal.MethodInvocationHelper.invokeMethod(MethodInvocationHelper.java:124)
	at org.testng.internal.Invoker.invokeMethod(Invoker.java:583)
	at org.testng.internal.Invoker.invokeTestMethod(Invoker.java:719)
	at org.testng.internal.Invoker.invokeTestMethods(Invoker.java:989)
	at org.testng.internal.TestMethodWorker.invokeTestMethods(TestMethodWorker.java:125)
	at org.testng.internal.TestMethodWorker.run(TestMethodWorker.java:109)
	at org.testng.TestRunner.privateRun(TestRunner.java:648)
	at org.testng.TestRunner.run(TestRunner.java:505)
	at org.testng.SuiteRunner.runTest(SuiteRunner.java:455)
	at org.testng.SuiteRunner.access$000(SuiteRunner.java:40)
	at org.testng.SuiteRunner$SuiteWorker.run(SuiteRunner.java:489)
	at org.testng.internal.thread.ThreadUtil$1.call(ThreadUtil.java:52)
	at java.util.concurrent.FutureTask.run(FutureTask.java:266)
	at java.util.concurrent.ThreadPoolExecutor.runWorker(ThreadPoolExecutor.java:1149)
	at java.util.concurrent.ThreadPoolExecutor$Worker.run(ThreadPoolExecutor.java:624)
	at java.lang.Thread.run(Thread.java:748)
Caused by: org.openqa.selenium.WebDriverException: An unknown server-side error occurred while processing the command. Original error: Timed out after 10000 milliseconds waiting for root AccessibilityNodeInfo
Build info: version: '3.141.59', revision: 'e82be7d358', time: '2018-11-14T08:17:03'
System info: host: 'Srikanths-MBP', ip: '2401:4900:2684:8fe1:b5be:c626:69e5:72b6%en0', os.name: 'Mac OS X', os.arch: 'x86_64', os.version: '10.14.6', java.version: '1.8.0_231'
Driver info: io.appium.java_client.android.AndroidDriver
Capabilities {app: /Users/srikanthparvatikar/D..., appActivity: com.amazon.mShop.splashscre..., appPackage: com.amazon.mShop.android.sh..., automationName: UiAutomator2, databaseEnabled: false, desired: {app: /Users/srikanthparvatikar/D..., appActivity: com.amazon.mShop.splashscre..., appPackage: com.amazon.mShop.android.sh..., automationName: UiAutomator2, deviceName: OnePlus_3T, platformName: android, udid: 614a12ef}, deviceApiLevel: 28, deviceManufacturer: OnePlus, deviceModel: ONEPLUS A3003, deviceName: 614a12ef, deviceScreenDensity: 420, deviceScreenSize: 1080x1920, deviceUDID: 614a12ef, javascriptEnabled: true, locationContextEnabled: false, networkConnectionEnabled: true, pixelRatio: 2.625, platform: LINUX, platformName: Android, platformVersion: 9, statBarHeight: 63, takesScreenshot: true, udid: 614a12ef, viewportRect: {height: 1857, left: 0, top: 63, width: 1080}, warnings: {}, webStorageEnabled: false}
Session ID: 5ec04dfd-6853-4adf-a0c0-9cab413cfb59
*** Element info: {Using=id, value=signin_to_yourAccount}
	at sun.reflect.NativeConstructorAccessorImpl.newInstance0(Native Method)
	at sun.reflect.NativeConstructorAccessorImpl.newInstance(NativeConstructorAccessorImpl.java:62)
	at sun.reflect.DelegatingConstructorAccessorImpl.newInstance(DelegatingConstructorAccessorImpl.java:45)
	at java.lang.reflect.Constructor.newInstance(Constructor.java:423)
	at org.openqa.selenium.remote.http.W3CHttpResponseCodec.createException(W3CHttpResponseCodec.java:187)
	at org.openqa.selenium.remote.http.W3CHttpResponseCodec.decode(W3CHttpResponseCodec.java:122)
	at org.openqa.selenium.remote.http.W3CHttpResponseCodec.decode(W3CHttpResponseCodec.java:49)
	at org.openqa.selenium.remote.HttpCommandExecutor.execute(HttpCommandExecutor.java:158)
	at io.appium.java_client.remote.AppiumCommandExecutor.execute(AppiumCommandExecutor.java:239)
	at org.openqa.selenium.remote.RemoteWebDriver.execute(RemoteWebDriver.java:552)
	at io.appium.java_client.DefaultGenericMobileDriver.execute(DefaultGenericMobileDriver.java:41)
	at io.appium.java_client.AppiumDriver.execute(AppiumDriver.java:1)
	at io.appium.java_client.android.AndroidDriver.execute(AndroidDriver.java:1)
	at org.openqa.selenium.remote.RemoteWebDriver.findElement(RemoteWebDriver.java:323)
	at io.appium.java_client.DefaultGenericMobileDriver.findElement(DefaultGenericMobileDriver.java:61)
	at io.appium.java_client.AppiumDriver.findElement(AppiumDriver.java:1)
	at io.appium.java_client.android.AndroidDriver.findElement(AndroidDriver.java:1)
	at org.openqa.selenium.remote.RemoteWebDriver.findElementById(RemoteWebDriver.java:372)
	at io.appium.java_client.DefaultGenericMobileDriver.findElementById(DefaultGenericMobileDriver.java:69)
	at io.appium.java_client.AppiumDriver.findElementById(AppiumDriver.java:1)
	at io.appium.java_client.android.AndroidDriver.findElementById(AndroidDriver.java:1)
	at org.openqa.selenium.By$ById.findElement(By.java:188)
	at org.openqa.selenium.remote.RemoteWebDriver.findElement(RemoteWebDriver.java:315)
	at io.appium.java_client.DefaultGenericMobileDriver.findElement(DefaultGenericMobileDriver.java:57)
	at io.appium.java_client.AppiumDriver.findElement(AppiumDriver.java:1)
	at io.appium.java_client.android.AndroidDriver.findElement(AndroidDriver.java:1)
	at io.appium.java_client.pagefactory.bys.builder.ByChained.lambda$0(ByChained.java:38)
	at org.openqa.selenium.support.ui.FluentWait.until(FluentWait.java:249)
	at io.appium.java_client.pagefactory.bys.builder.ByChained.findElement(ByChained.java:72)
	at org.openqa.selenium.remote.RemoteWebDriver.findElement(RemoteWebDriver.java:315)
	at io.appium.java_client.DefaultGenericMobileDriver.findElement(DefaultGenericMobileDriver.java:57)
	at io.appium.java_client.AppiumDriver.findElement(AppiumDriver.java:1)
	at io.appium.java_client.android.AndroidDriver.findElement(AndroidDriver.java:1)
	at io.appium.java_client.pagefactory.bys.ContentMappedBy.findElement(ContentMappedBy.java:50)
	at org.openqa.selenium.remote.RemoteWebDriver.findElement(RemoteWebDriver.java:315)
	at io.appium.java_client.DefaultGenericMobileDriver.findElement(DefaultGenericMobileDriver.java:57)
	at io.appium.java_client.AppiumDriver.findElement(AppiumDriver.java:1)
	at io.appium.java_client.android.AndroidDriver.findElement(AndroidDriver.java:1)
	at io.appium.java_client.pagefactory.AppiumElementLocator.lambda$0(AppiumElementLocator.java:120)
	at io.appium.java_client.pagefactory.AppiumElementLocator$WaitingFunction.apply(AppiumElementLocator.java:172)
	... 36 more

[logs/Android_OnePlus_3T INFO ] 2020-05-10 02:09:43.661 BaseTest:146 - video path: videos/Android_OnePlus_3T/2020-05-10-02-09-13/LoginTests/invalidUserName.mp4
[logs/Android_OnePlus_3T INFO ] 2020-05-10 02:11:30.148 BaseTest:203 - log path: logs/Android_OnePlus_3T
[logs/Android_OnePlus_3T INFO ] 2020-05-10 02:11:30.177 BaseTest:210 - load config.properties
[logs/Android_OnePlus_3T INFO ] 2020-05-10 02:11:30.177 BaseTest:215 - load strings/strings.xml
[logs/Android_OnePlus_3T INFO ] 2020-05-10 02:11:30.182 BaseTest:235 - appUrl is/Users/srikanthparvatikar/Downloads/appium-pageobjectmodel-master/target/test-classes/app/Amazon_Shopping.apk
[logs/Android_OnePlus_3T INFO ] 2020-05-10 02:11:42.564 BaseTest:253 - driver initialized: io.appium.java_client.android.AndroidDriver, Capabilities: {app=/Users/srikanthparvatikar/Downloads/appium-pageobjectmodel-master/target/test-classes/app/Amazon_Shopping.apk, appActivity=com.amazon.mShop.splashscreen.StartupActivity, appPackage=com.amazon.mShop.android.shopping, automationName=UiAutomator2, databaseEnabled=false, desired={platformName=android, app=/Users/srikanthparvatikar/Downloads/appium-pageobjectmodel-master/target/test-classes/app/Amazon_Shopping.apk, appActivity=com.amazon.mShop.splashscreen.StartupActivity, appPackage=com.amazon.mShop.android.shopping, automationName=UiAutomator2, deviceName=OnePlus_3T, udid=614a12ef}, deviceApiLevel=28, deviceManufacturer=OnePlus, deviceModel=ONEPLUS A3003, deviceName=614a12ef, deviceScreenDensity=420, deviceScreenSize=1080x1920, deviceUDID=614a12ef, javascriptEnabled=true, locationContextEnabled=false, networkConnectionEnabled=true, pixelRatio=2.625, platform=LINUX, platformName=Android, platformVersion=9, statBarHeight=63, takesScreenshot=true, udid=614a12ef, viewportRect={left=0, top=63, width=1080, height=1857}, warnings={}, webStorageEnabled=false}
[logs/Android_OnePlus_3T INFO ] 2020-05-10 02:11:42.926 LoginTests:55 - 
****** starting test:invalidUserName******

[logs/Android_OnePlus_3T INFO ] 2020-05-10 02:12:01.227 BaseTest:325 - Sign in to your account
[logs/Android_OnePlus_3T ERROR] 2020-05-10 02:12:34.516 TestListener:33 - org.openqa.selenium.TimeoutException: Expected condition failed: waiting for visibility of Located by By.chained({By.id: login_accordion_header}) (tried for 10 second(s) with 500 milliseconds interval)
	at org.openqa.selenium.support.ui.WebDriverWait.timeoutException(WebDriverWait.java:95)
	at org.openqa.selenium.support.ui.FluentWait.until(FluentWait.java:272)
	at com.qa.BaseTest.waitForVisibility(BaseTest.java:269)
	at com.qa.BaseTest.click(BaseTest.java:287)
	at com.qa.pages.Login.LoginUserNamePage.pressLoginRadioBtn(LoginUserNamePage.java:25)
	at com.qa.tests.LoginTests.invalidUserName(LoginTests.java:71)
	at sun.reflect.NativeMethodAccessorImpl.invoke0(Native Method)
	at sun.reflect.NativeMethodAccessorImpl.invoke(NativeMethodAccessorImpl.java:62)
	at sun.reflect.DelegatingMethodAccessorImpl.invoke(DelegatingMethodAccessorImpl.java:43)
	at java.lang.reflect.Method.invoke(Method.java:498)
	at org.testng.internal.MethodInvocationHelper.invokeMethod(MethodInvocationHelper.java:124)
	at org.testng.internal.Invoker.invokeMethod(Invoker.java:583)
	at org.testng.internal.Invoker.invokeTestMethod(Invoker.java:719)
	at org.testng.internal.Invoker.invokeTestMethods(Invoker.java:989)
	at org.testng.internal.TestMethodWorker.invokeTestMethods(TestMethodWorker.java:125)
	at org.testng.internal.TestMethodWorker.run(TestMethodWorker.java:109)
	at org.testng.TestRunner.privateRun(TestRunner.java:648)
	at org.testng.TestRunner.run(TestRunner.java:505)
	at org.testng.SuiteRunner.runTest(SuiteRunner.java:455)
	at org.testng.SuiteRunner.access$000(SuiteRunner.java:40)
	at org.testng.SuiteRunner$SuiteWorker.run(SuiteRunner.java:489)
	at org.testng.internal.thread.ThreadUtil$1.call(ThreadUtil.java:52)
	at java.util.concurrent.FutureTask.run$$$capture(FutureTask.java:266)
	at java.util.concurrent.FutureTask.run(FutureTask.java)
	at java.util.concurrent.ThreadPoolExecutor.runWorker(ThreadPoolExecutor.java:1149)
	at java.util.concurrent.ThreadPoolExecutor$Worker.run(ThreadPoolExecutor.java:624)
	at java.lang.Thread.run(Thread.java:748)
Caused by: org.openqa.selenium.NoSuchElementException: Can't locate an element by this strategy: By.chained({By.id: login_accordion_header})
	at io.appium.java_client.pagefactory.AppiumElementLocator.findElement(AppiumElementLocator.java:126)
	at io.appium.java_client.pagefactory.interceptors.InterceptorOfASingleElement.intercept(InterceptorOfASingleElement.java:59)
	at io.appium.java_client.android.AndroidElement$$EnhancerByCGLIB$$b598166c.isDisplayed(<generated>)
	at org.openqa.selenium.support.ui.ExpectedConditions.elementIfVisible(ExpectedConditions.java:314)
	at org.openqa.selenium.support.ui.ExpectedConditions.access$000(ExpectedConditions.java:43)
	at org.openqa.selenium.support.ui.ExpectedConditions$10.apply(ExpectedConditions.java:300)
	at org.openqa.selenium.support.ui.ExpectedConditions$10.apply(ExpectedConditions.java:297)
	at org.openqa.selenium.support.ui.FluentWait.until(FluentWait.java:249)
	... 25 more
Caused by: org.openqa.selenium.TimeoutException: Expected condition failed: waiting for io.appium.java_client.pagefactory.AppiumElementLocator$WaitingFunction@6007c65 (tried for 1 second(s) with 500 milliseconds interval)
	at org.openqa.selenium.support.ui.FluentWait.timeoutException(FluentWait.java:304)
	at org.openqa.selenium.support.ui.FluentWait.until(FluentWait.java:272)
	at io.appium.java_client.pagefactory.AppiumElementLocator.waitFor(AppiumElementLocator.java:99)
	at io.appium.java_client.pagefactory.AppiumElementLocator.findElement(AppiumElementLocator.java:119)
	... 32 more
Caused by: org.openqa.selenium.NoSuchElementException: Cannot locate an element using By.chained({By.id: login_accordion_header})
For documentation on this error, please visit: https://www.seleniumhq.org/exceptions/no_such_element.html
Build info: version: '3.141.59', revision: 'e82be7d358', time: '2018-11-14T08:17:03'
System info: host: 'Srikanths-MBP', ip: '2401:4900:2684:8fe1:b5be:c626:69e5:72b6%en0', os.name: 'Mac OS X', os.arch: 'x86_64', os.version: '10.14.6', java.version: '1.8.0_231'
Driver info: driver.version: AndroidDriver
	at io.appium.java_client.pagefactory.bys.builder.ByChained.findElement(ByChained.java:74)
	at org.openqa.selenium.remote.RemoteWebDriver.findElement(RemoteWebDriver.java:315)
	at io.appium.java_client.DefaultGenericMobileDriver.findElement(DefaultGenericMobileDriver.java:57)
	at io.appium.java_client.AppiumDriver.findElement(AppiumDriver.java:1)
	at io.appium.java_client.android.AndroidDriver.findElement(AndroidDriver.java:1)
	at io.appium.java_client.pagefactory.bys.ContentMappedBy.findElement(ContentMappedBy.java:50)
	at org.openqa.selenium.remote.RemoteWebDriver.findElement(RemoteWebDriver.java:315)
	at io.appium.java_client.DefaultGenericMobileDriver.findElement(DefaultGenericMobileDriver.java:57)
	at io.appium.java_client.AppiumDriver.findElement(AppiumDriver.java:1)
	at io.appium.java_client.android.AndroidDriver.findElement(AndroidDriver.java:1)
	at io.appium.java_client.pagefactory.AppiumElementLocator.lambda$0(AppiumElementLocator.java:120)
	at io.appium.java_client.pagefactory.AppiumElementLocator$WaitingFunction.apply(AppiumElementLocator.java:172)
	at io.appium.java_client.pagefactory.AppiumElementLocator$WaitingFunction.apply(AppiumElementLocator.java:1)
	at org.openqa.selenium.support.ui.FluentWait.until(FluentWait.java:249)
	... 34 more

[logs/Android_OnePlus_3T INFO ] 2020-05-10 02:12:53.134 BaseTest:203 - log path: logs/Android_OnePlus_3T
[logs/Android_OnePlus_3T INFO ] 2020-05-10 02:12:53.163 BaseTest:210 - load config.properties
[logs/Android_OnePlus_3T INFO ] 2020-05-10 02:12:53.163 BaseTest:215 - load strings/strings.xml
[logs/Android_OnePlus_3T INFO ] 2020-05-10 02:12:53.168 BaseTest:235 - appUrl is/Users/srikanthparvatikar/Downloads/appium-pageobjectmodel-master/target/test-classes/app/Amazon_Shopping.apk
[logs/Android_OnePlus_3T INFO ] 2020-05-10 02:13:08.872 BaseTest:253 - driver initialized: io.appium.java_client.android.AndroidDriver, Capabilities: {app=/Users/srikanthparvatikar/Downloads/appium-pageobjectmodel-master/target/test-classes/app/Amazon_Shopping.apk, appActivity=com.amazon.mShop.splashscreen.StartupActivity, appPackage=com.amazon.mShop.android.shopping, automationName=UiAutomator2, databaseEnabled=false, desired={platformName=android, app=/Users/srikanthparvatikar/Downloads/appium-pageobjectmodel-master/target/test-classes/app/Amazon_Shopping.apk, appActivity=com.amazon.mShop.splashscreen.StartupActivity, appPackage=com.amazon.mShop.android.shopping, automationName=UiAutomator2, deviceName=OnePlus_3T, udid=614a12ef}, deviceApiLevel=28, deviceManufacturer=OnePlus, deviceModel=ONEPLUS A3003, deviceName=614a12ef, deviceScreenDensity=420, deviceScreenSize=1080x1920, deviceUDID=614a12ef, javascriptEnabled=true, locationContextEnabled=false, networkConnectionEnabled=true, pixelRatio=2.625, platform=LINUX, platformName=Android, platformVersion=9, statBarHeight=63, takesScreenshot=true, udid=614a12ef, viewportRect={left=0, top=63, width=1080, height=1857}, warnings={}, webStorageEnabled=false}
[logs/Android_OnePlus_3T INFO ] 2020-05-10 02:13:19.996 LoginTests:55 - 
****** starting test:invalidUserName******

[logs/Android_OnePlus_3T ERROR] 2020-05-10 02:14:27.429 TestListener:33 - org.openqa.selenium.WebDriverException: org.openqa.selenium.NoSuchSessionException: A session is either terminated or not started
Build info: version: '3.141.59', revision: 'e82be7d358', time: '2018-11-14T08:17:03'
System info: host: 'Srikanths-MBP', ip: '2401:4900:2684:8fe1:b5be:c626:69e5:72b6%en0', os.name: 'Mac OS X', os.arch: 'x86_64', os.version: '10.14.6', java.version: '1.8.0_231'
Driver info: io.appium.java_client.android.AndroidDriver
Capabilities {app: /Users/srikanthparvatikar/D..., appActivity: com.amazon.mShop.splashscre..., appPackage: com.amazon.mShop.android.sh..., automationName: UiAutomator2, databaseEnabled: false, desired: {app: /Users/srikanthparvatikar/D..., appActivity: com.amazon.mShop.splashscre..., appPackage: com.amazon.mShop.android.sh..., automationName: UiAutomator2, deviceName: OnePlus_3T, platformName: android, udid: 614a12ef}, deviceApiLevel: 28, deviceManufacturer: OnePlus, deviceModel: ONEPLUS A3003, deviceName: 614a12ef, deviceScreenDensity: 420, deviceScreenSize: 1080x1920, deviceUDID: 614a12ef, javascriptEnabled: true, locationContextEnabled: false, networkConnectionEnabled: true, pixelRatio: 2.625, platform: LINUX, platformName: Android, platformVersion: 9, statBarHeight: 63, takesScreenshot: true, udid: 614a12ef, viewportRect: {height: 1857, left: 0, top: 63, width: 1080}, warnings: {}, webStorageEnabled: false}
Session ID: 85b4ca0f-610d-439f-a3d4-903d4f5ec006
*** Element info: {Using=id, value=signin_to_yourAccount}
	at io.appium.java_client.pagefactory.AppiumElementLocator$WaitingFunction.apply(AppiumElementLocator.java:192)
	at io.appium.java_client.pagefactory.AppiumElementLocator$WaitingFunction.apply(AppiumElementLocator.java:1)
	at org.openqa.selenium.support.ui.FluentWait.until(FluentWait.java:249)
	at io.appium.java_client.pagefactory.AppiumElementLocator.waitFor(AppiumElementLocator.java:99)
	at io.appium.java_client.pagefactory.AppiumElementLocator.findElement(AppiumElementLocator.java:119)
	at io.appium.java_client.pagefactory.interceptors.InterceptorOfASingleElement.intercept(InterceptorOfASingleElement.java:59)
	at io.appium.java_client.android.AndroidElement$$EnhancerByCGLIB$$b598166c.isDisplayed(<generated>)
	at org.openqa.selenium.support.ui.ExpectedConditions.elementIfVisible(ExpectedConditions.java:314)
	at org.openqa.selenium.support.ui.ExpectedConditions.access$000(ExpectedConditions.java:43)
	at org.openqa.selenium.support.ui.ExpectedConditions$10.apply(ExpectedConditions.java:300)
	at org.openqa.selenium.support.ui.ExpectedConditions$10.apply(ExpectedConditions.java:297)
	at org.openqa.selenium.support.ui.FluentWait.until(FluentWait.java:249)
	at com.qa.BaseTest.waitForVisibility(BaseTest.java:269)
	at com.qa.BaseTest.getAttribute(BaseTest.java:311)
	at com.qa.BaseTest.getText(BaseTest.java:319)
	at com.qa.pages.Login.SignInPage.getSignInBarTxt(SignInPage.java:23)
	at com.qa.tests.LoginTests.invalidUserName(LoginTests.java:69)
	at sun.reflect.NativeMethodAccessorImpl.invoke0(Native Method)
	at sun.reflect.NativeMethodAccessorImpl.invoke(NativeMethodAccessorImpl.java:62)
	at sun.reflect.DelegatingMethodAccessorImpl.invoke(DelegatingMethodAccessorImpl.java:43)
	at java.lang.reflect.Method.invoke(Method.java:498)
	at org.testng.internal.MethodInvocationHelper.invokeMethod(MethodInvocationHelper.java:124)
	at org.testng.internal.Invoker.invokeMethod(Invoker.java:583)
	at org.testng.internal.Invoker.invokeTestMethod(Invoker.java:719)
	at org.testng.internal.Invoker.invokeTestMethods(Invoker.java:989)
	at org.testng.internal.TestMethodWorker.invokeTestMethods(TestMethodWorker.java:125)
	at org.testng.internal.TestMethodWorker.run(TestMethodWorker.java:109)
	at org.testng.TestRunner.privateRun(TestRunner.java:648)
	at org.testng.TestRunner.run(TestRunner.java:505)
	at org.testng.SuiteRunner.runTest(SuiteRunner.java:455)
	at org.testng.SuiteRunner.access$000(SuiteRunner.java:40)
	at org.testng.SuiteRunner$SuiteWorker.run(SuiteRunner.java:489)
	at org.testng.internal.thread.ThreadUtil$1.call(ThreadUtil.java:52)
	at java.util.concurrent.FutureTask.run$$$capture(FutureTask.java:266)
	at java.util.concurrent.FutureTask.run(FutureTask.java)
	at java.util.concurrent.ThreadPoolExecutor.runWorker(ThreadPoolExecutor.java:1149)
	at java.util.concurrent.ThreadPoolExecutor$Worker.run(ThreadPoolExecutor.java:624)
	at java.lang.Thread.run(Thread.java:748)
Caused by: org.openqa.selenium.NoSuchSessionException: A session is either terminated or not started
Build info: version: '3.141.59', revision: 'e82be7d358', time: '2018-11-14T08:17:03'
System info: host: 'Srikanths-MBP', ip: '2401:4900:2684:8fe1:b5be:c626:69e5:72b6%en0', os.name: 'Mac OS X', os.arch: 'x86_64', os.version: '10.14.6', java.version: '1.8.0_231'
Driver info: io.appium.java_client.android.AndroidDriver
Capabilities {app: /Users/srikanthparvatikar/D..., appActivity: com.amazon.mShop.splashscre..., appPackage: com.amazon.mShop.android.sh..., automationName: UiAutomator2, databaseEnabled: false, desired: {app: /Users/srikanthparvatikar/D..., appActivity: com.amazon.mShop.splashscre..., appPackage: com.amazon.mShop.android.sh..., automationName: UiAutomator2, deviceName: OnePlus_3T, platformName: android, udid: 614a12ef}, deviceApiLevel: 28, deviceManufacturer: OnePlus, deviceModel: ONEPLUS A3003, deviceName: 614a12ef, deviceScreenDensity: 420, deviceScreenSize: 1080x1920, deviceUDID: 614a12ef, javascriptEnabled: true, locationContextEnabled: false, networkConnectionEnabled: true, pixelRatio: 2.625, platform: LINUX, platformName: Android, platformVersion: 9, statBarHeight: 63, takesScreenshot: true, udid: 614a12ef, viewportRect: {height: 1857, left: 0, top: 63, width: 1080}, warnings: {}, webStorageEnabled: false}
Session ID: 85b4ca0f-610d-439f-a3d4-903d4f5ec006
*** Element info: {Using=id, value=signin_to_yourAccount}
	at sun.reflect.NativeConstructorAccessorImpl.newInstance0(Native Method)
	at sun.reflect.NativeConstructorAccessorImpl.newInstance(NativeConstructorAccessorImpl.java:62)
	at sun.reflect.DelegatingConstructorAccessorImpl.newInstance(DelegatingConstructorAccessorImpl.java:45)
	at java.lang.reflect.Constructor.newInstance(Constructor.java:423)
	at org.openqa.selenium.remote.http.W3CHttpResponseCodec.createException(W3CHttpResponseCodec.java:187)
	at org.openqa.selenium.remote.http.W3CHttpResponseCodec.decode(W3CHttpResponseCodec.java:122)
	at org.openqa.selenium.remote.http.W3CHttpResponseCodec.decode(W3CHttpResponseCodec.java:49)
	at org.openqa.selenium.remote.HttpCommandExecutor.execute(HttpCommandExecutor.java:158)
	at io.appium.java_client.remote.AppiumCommandExecutor.execute(AppiumCommandExecutor.java:239)
	at org.openqa.selenium.remote.RemoteWebDriver.execute(RemoteWebDriver.java:552)
	at io.appium.java_client.DefaultGenericMobileDriver.execute(DefaultGenericMobileDriver.java:41)
	at io.appium.java_client.AppiumDriver.execute(AppiumDriver.java:1)
	at io.appium.java_client.android.AndroidDriver.execute(AndroidDriver.java:1)
	at org.openqa.selenium.remote.RemoteWebDriver.findElement(RemoteWebDriver.java:323)
	at io.appium.java_client.DefaultGenericMobileDriver.findElement(DefaultGenericMobileDriver.java:61)
	at io.appium.java_client.AppiumDriver.findElement(AppiumDriver.java:1)
	at io.appium.java_client.android.AndroidDriver.findElement(AndroidDriver.java:1)
	at org.openqa.selenium.remote.RemoteWebDriver.findElementById(RemoteWebDriver.java:372)
	at io.appium.java_client.DefaultGenericMobileDriver.findElementById(DefaultGenericMobileDriver.java:69)
	at io.appium.java_client.AppiumDriver.findElementById(AppiumDriver.java:1)
	at io.appium.java_client.android.AndroidDriver.findElementById(AndroidDriver.java:1)
	at org.openqa.selenium.By$ById.findElement(By.java:188)
	at org.openqa.selenium.remote.RemoteWebDriver.findElement(RemoteWebDriver.java:315)
	at io.appium.java_client.DefaultGenericMobileDriver.findElement(DefaultGenericMobileDriver.java:57)
	at io.appium.java_client.AppiumDriver.findElement(AppiumDriver.java:1)
	at io.appium.java_client.android.AndroidDriver.findElement(AndroidDriver.java:1)
	at io.appium.java_client.pagefactory.bys.builder.ByChained.lambda$0(ByChained.java:38)
	at org.openqa.selenium.support.ui.FluentWait.until(FluentWait.java:249)
	at io.appium.java_client.pagefactory.bys.builder.ByChained.findElement(ByChained.java:72)
	at org.openqa.selenium.remote.RemoteWebDriver.findElement(RemoteWebDriver.java:315)
	at io.appium.java_client.DefaultGenericMobileDriver.findElement(DefaultGenericMobileDriver.java:57)
	at io.appium.java_client.AppiumDriver.findElement(AppiumDriver.java:1)
	at io.appium.java_client.android.AndroidDriver.findElement(AndroidDriver.java:1)
	at io.appium.java_client.pagefactory.bys.ContentMappedBy.findElement(ContentMappedBy.java:50)
	at org.openqa.selenium.remote.RemoteWebDriver.findElement(RemoteWebDriver.java:315)
	at io.appium.java_client.DefaultGenericMobileDriver.findElement(DefaultGenericMobileDriver.java:57)
	at io.appium.java_client.AppiumDriver.findElement(AppiumDriver.java:1)
	at io.appium.java_client.android.AndroidDriver.findElement(AndroidDriver.java:1)
	at io.appium.java_client.pagefactory.AppiumElementLocator.lambda$0(AppiumElementLocator.java:120)
	at io.appium.java_client.pagefactory.AppiumElementLocator$WaitingFunction.apply(AppiumElementLocator.java:172)
	... 37 more

[logs/Android_OnePlus_3T ERROR] 2020-05-10 02:14:27.441 TestListener:33 - org.openqa.selenium.NoSuchSessionException: A session is either terminated or not started
Build info: version: '3.141.59', revision: 'e82be7d358', time: '2018-11-14T08:17:03'
System info: host: 'Srikanths-MBP', ip: '2401:4900:2684:8fe1:b5be:c626:69e5:72b6%en0', os.name: 'Mac OS X', os.arch: 'x86_64', os.version: '10.14.6', java.version: '1.8.0_231'
Driver info: io.appium.java_client.android.AndroidDriver
Capabilities {app: /Users/srikanthparvatikar/D..., appActivity: com.amazon.mShop.splashscre..., appPackage: com.amazon.mShop.android.sh..., automationName: UiAutomator2, databaseEnabled: false, desired: {app: /Users/srikanthparvatikar/D..., appActivity: com.amazon.mShop.splashscre..., appPackage: com.amazon.mShop.android.sh..., automationName: UiAutomator2, deviceName: OnePlus_3T, platformName: android, udid: 614a12ef}, deviceApiLevel: 28, deviceManufacturer: OnePlus, deviceModel: ONEPLUS A3003, deviceName: 614a12ef, deviceScreenDensity: 420, deviceScreenSize: 1080x1920, deviceUDID: 614a12ef, javascriptEnabled: true, locationContextEnabled: false, networkConnectionEnabled: true, pixelRatio: 2.625, platform: LINUX, platformName: Android, platformVersion: 9, statBarHeight: 63, takesScreenshot: true, udid: 614a12ef, viewportRect: {height: 1857, left: 0, top: 63, width: 1080}, warnings: {}, webStorageEnabled: false}
Session ID: 85b4ca0f-610d-439f-a3d4-903d4f5ec006
	at sun.reflect.NativeConstructorAccessorImpl.newInstance0(Native Method)
	at sun.reflect.NativeConstructorAccessorImpl.newInstance(NativeConstructorAccessorImpl.java:62)
	at sun.reflect.DelegatingConstructorAccessorImpl.newInstance(DelegatingConstructorAccessorImpl.java:45)
	at java.lang.reflect.Constructor.newInstance(Constructor.java:423)
	at org.openqa.selenium.remote.http.W3CHttpResponseCodec.createException(W3CHttpResponseCodec.java:187)
	at org.openqa.selenium.remote.http.W3CHttpResponseCodec.decode(W3CHttpResponseCodec.java:122)
	at org.openqa.selenium.remote.http.W3CHttpResponseCodec.decode(W3CHttpResponseCodec.java:49)
	at org.openqa.selenium.remote.HttpCommandExecutor.execute(HttpCommandExecutor.java:158)
	at io.appium.java_client.remote.AppiumCommandExecutor.execute(AppiumCommandExecutor.java:239)
	at org.openqa.selenium.remote.RemoteWebDriver.execute(RemoteWebDriver.java:552)
	at io.appium.java_client.DefaultGenericMobileDriver.execute(DefaultGenericMobileDriver.java:45)
	at io.appium.java_client.AppiumDriver.execute(AppiumDriver.java:1)
	at io.appium.java_client.android.AndroidDriver.execute(AndroidDriver.java:1)
	at org.openqa.selenium.remote.RemoteWebDriver.getScreenshotAs(RemoteWebDriver.java:295)
	at com.qa.listeners.TestListener.onTestFailure(TestListener.java:37)
	at org.testng.internal.TestListenerHelper.runTestListeners(TestListenerHelper.java:67)
	at org.testng.internal.Invoker.runTestListeners(Invoker.java:1389)
	at org.testng.internal.Invoker.invokeMethod(Invoker.java:636)
	at org.testng.internal.Invoker.invokeTestMethod(Invoker.java:719)
	at org.testng.internal.Invoker.invokeTestMethods(Invoker.java:989)
	at org.testng.internal.TestMethodWorker.invokeTestMethods(TestMethodWorker.java:125)
	at org.testng.internal.TestMethodWorker.run(TestMethodWorker.java:109)
	at org.testng.TestRunner.privateRun(TestRunner.java:648)
	at org.testng.TestRunner.run(TestRunner.java:505)
	at org.testng.SuiteRunner.runTest(SuiteRunner.java:455)
	at org.testng.SuiteRunner.access$000(SuiteRunner.java:40)
	at org.testng.SuiteRunner$SuiteWorker.run(SuiteRunner.java:489)
	at org.testng.internal.thread.ThreadUtil$1.call(ThreadUtil.java:52)
	at java.util.concurrent.FutureTask.run$$$capture(FutureTask.java:266)
	at java.util.concurrent.FutureTask.run(FutureTask.java)
	at java.util.concurrent.ThreadPoolExecutor.runWorker(ThreadPoolExecutor.java:1149)
	at java.util.concurrent.ThreadPoolExecutor$Worker.run(ThreadPoolExecutor.java:624)
	at java.lang.Thread.run(Thread.java:748)

[logs/Android_OnePlus_3T INFO ] 2020-05-10 02:14:30.847 BaseTest:203 - log path: logs/Android_OnePlus_3T
[logs/Android_OnePlus_3T INFO ] 2020-05-10 02:14:30.873 BaseTest:210 - load config.properties
[logs/Android_OnePlus_3T INFO ] 2020-05-10 02:14:30.873 BaseTest:215 - load strings/strings.xml
[logs/Android_OnePlus_3T INFO ] 2020-05-10 02:14:30.878 BaseTest:235 - appUrl is/Users/srikanthparvatikar/Downloads/appium-pageobjectmodel-master/target/test-classes/app/Amazon_Shopping.apk
[logs/Android_OnePlus_3T INFO ] 2020-05-10 02:14:44.209 BaseTest:253 - driver initialized: io.appium.java_client.android.AndroidDriver, Capabilities: {app=/Users/srikanthparvatikar/Downloads/appium-pageobjectmodel-master/target/test-classes/app/Amazon_Shopping.apk, appActivity=com.amazon.mShop.splashscreen.StartupActivity, appPackage=com.amazon.mShop.android.shopping, automationName=UiAutomator2, databaseEnabled=false, desired={platformName=android, app=/Users/srikanthparvatikar/Downloads/appium-pageobjectmodel-master/target/test-classes/app/Amazon_Shopping.apk, appActivity=com.amazon.mShop.splashscreen.StartupActivity, appPackage=com.amazon.mShop.android.shopping, automationName=UiAutomator2, deviceName=OnePlus_3T, udid=614a12ef}, deviceApiLevel=28, deviceManufacturer=OnePlus, deviceModel=ONEPLUS A3003, deviceName=614a12ef, deviceScreenDensity=420, deviceScreenSize=1080x1920, deviceUDID=614a12ef, javascriptEnabled=true, locationContextEnabled=false, networkConnectionEnabled=true, pixelRatio=2.625, platform=LINUX, platformName=Android, platformVersion=9, statBarHeight=63, takesScreenshot=true, udid=614a12ef, viewportRect={left=0, top=63, width=1080, height=1857}, warnings={}, webStorageEnabled=false}
[logs/Android_OnePlus_3T INFO ] 2020-05-10 02:14:55.480 LoginTests:55 - 
****** starting test:invalidUserName******

[logs/Android_OnePlus_3T INFO ] 2020-05-10 02:14:55.879 BaseTest:325 - Sign in to your account
[logs/Android_OnePlus_3T ERROR] 2020-05-10 02:15:08.002 TestListener:33 - org.openqa.selenium.TimeoutException: Expected condition failed: waiting for visibility of Located by By.chained({By.id: ap_email_login}) (tried for 10 second(s) with 500 milliseconds interval)
	at org.openqa.selenium.support.ui.WebDriverWait.timeoutException(WebDriverWait.java:95)
	at org.openqa.selenium.support.ui.FluentWait.until(FluentWait.java:272)
	at com.qa.BaseTest.waitForVisibility(BaseTest.java:269)
	at com.qa.BaseTest.clear(BaseTest.java:282)
	at com.qa.pages.Login.LoginUserNamePage.enterUserName(LoginUserNamePage.java:30)
	at com.qa.tests.LoginTests.invalidUserName(LoginTests.java:72)
	at sun.reflect.NativeMethodAccessorImpl.invoke0(Native Method)
	at sun.reflect.NativeMethodAccessorImpl.invoke(NativeMethodAccessorImpl.java:62)
	at sun.reflect.DelegatingMethodAccessorImpl.invoke(DelegatingMethodAccessorImpl.java:43)
	at java.lang.reflect.Method.invoke(Method.java:498)
	at org.testng.internal.MethodInvocationHelper.invokeMethod(MethodInvocationHelper.java:124)
	at org.testng.internal.Invoker.invokeMethod(Invoker.java:583)
	at org.testng.internal.Invoker.invokeTestMethod(Invoker.java:719)
	at org.testng.internal.Invoker.invokeTestMethods(Invoker.java:989)
	at org.testng.internal.TestMethodWorker.invokeTestMethods(TestMethodWorker.java:125)
	at org.testng.internal.TestMethodWorker.run(TestMethodWorker.java:109)
	at org.testng.TestRunner.privateRun(TestRunner.java:648)
	at org.testng.TestRunner.run(TestRunner.java:505)
	at org.testng.SuiteRunner.runTest(SuiteRunner.java:455)
	at org.testng.SuiteRunner.access$000(SuiteRunner.java:40)
	at org.testng.SuiteRunner$SuiteWorker.run(SuiteRunner.java:489)
	at org.testng.internal.thread.ThreadUtil$1.call(ThreadUtil.java:52)
	at java.util.concurrent.FutureTask.run(FutureTask.java:266)
	at java.util.concurrent.ThreadPoolExecutor.runWorker(ThreadPoolExecutor.java:1149)
	at java.util.concurrent.ThreadPoolExecutor$Worker.run(ThreadPoolExecutor.java:624)
	at java.lang.Thread.run(Thread.java:748)
Caused by: org.openqa.selenium.NoSuchElementException: Can't locate an element by this strategy: By.chained({By.id: ap_email_login})
	at io.appium.java_client.pagefactory.AppiumElementLocator.findElement(AppiumElementLocator.java:126)
	at io.appium.java_client.pagefactory.interceptors.InterceptorOfASingleElement.intercept(InterceptorOfASingleElement.java:59)
	at io.appium.java_client.android.AndroidElement$$EnhancerByCGLIB$$b598166c.isDisplayed(<generated>)
	at org.openqa.selenium.support.ui.ExpectedConditions.elementIfVisible(ExpectedConditions.java:314)
	at org.openqa.selenium.support.ui.ExpectedConditions.access$000(ExpectedConditions.java:43)
	at org.openqa.selenium.support.ui.ExpectedConditions$10.apply(ExpectedConditions.java:300)
	at org.openqa.selenium.support.ui.ExpectedConditions$10.apply(ExpectedConditions.java:297)
	at org.openqa.selenium.support.ui.FluentWait.until(FluentWait.java:249)
	... 24 more
Caused by: org.openqa.selenium.TimeoutException: Expected condition failed: waiting for io.appium.java_client.pagefactory.AppiumElementLocator$WaitingFunction@6af1f613 (tried for 1 second(s) with 500 milliseconds interval)
	at org.openqa.selenium.support.ui.FluentWait.timeoutException(FluentWait.java:304)
	at org.openqa.selenium.support.ui.FluentWait.until(FluentWait.java:272)
	at io.appium.java_client.pagefactory.AppiumElementLocator.waitFor(AppiumElementLocator.java:99)
	at io.appium.java_client.pagefactory.AppiumElementLocator.findElement(AppiumElementLocator.java:119)
	... 31 more
Caused by: org.openqa.selenium.NoSuchElementException: Cannot locate an element using By.chained({By.id: ap_email_login})
For documentation on this error, please visit: https://www.seleniumhq.org/exceptions/no_such_element.html
Build info: version: '3.141.59', revision: 'e82be7d358', time: '2018-11-14T08:17:03'
System info: host: 'Srikanths-MBP', ip: '2401:4900:2684:8fe1:b5be:c626:69e5:72b6%en0', os.name: 'Mac OS X', os.arch: 'x86_64', os.version: '10.14.6', java.version: '1.8.0_231'
Driver info: driver.version: AndroidDriver
	at io.appium.java_client.pagefactory.bys.builder.ByChained.findElement(ByChained.java:74)
	at org.openqa.selenium.remote.RemoteWebDriver.findElement(RemoteWebDriver.java:315)
	at io.appium.java_client.DefaultGenericMobileDriver.findElement(DefaultGenericMobileDriver.java:57)
	at io.appium.java_client.AppiumDriver.findElement(AppiumDriver.java:1)
	at io.appium.java_client.android.AndroidDriver.findElement(AndroidDriver.java:1)
	at io.appium.java_client.pagefactory.bys.ContentMappedBy.findElement(ContentMappedBy.java:50)
	at org.openqa.selenium.remote.RemoteWebDriver.findElement(RemoteWebDriver.java:315)
	at io.appium.java_client.DefaultGenericMobileDriver.findElement(DefaultGenericMobileDriver.java:57)
	at io.appium.java_client.AppiumDriver.findElement(AppiumDriver.java:1)
	at io.appium.java_client.android.AndroidDriver.findElement(AndroidDriver.java:1)
	at io.appium.java_client.pagefactory.AppiumElementLocator.lambda$0(AppiumElementLocator.java:120)
	at io.appium.java_client.pagefactory.AppiumElementLocator$WaitingFunction.apply(AppiumElementLocator.java:172)
	at io.appium.java_client.pagefactory.AppiumElementLocator$WaitingFunction.apply(AppiumElementLocator.java:1)
	at org.openqa.selenium.support.ui.FluentWait.until(FluentWait.java:249)
	... 33 more

[logs/Android_OnePlus_3T INFO ] 2020-05-10 02:15:10.035 BaseTest:146 - video path: videos/Android_OnePlus_3T/2020-05-10-02-14-30/LoginTests/invalidUserName.mp4
[logs/Android_OnePlus_3T INFO ] 2020-05-10 02:21:12.809 BaseTest:203 - log path: logs/Android_OnePlus_3T
[logs/Android_OnePlus_3T INFO ] 2020-05-10 02:21:12.833 BaseTest:210 - load config.properties
[logs/Android_OnePlus_3T INFO ] 2020-05-10 02:21:12.834 BaseTest:215 - load strings/strings.xml
[logs/Android_OnePlus_3T INFO ] 2020-05-10 02:21:12.838 BaseTest:235 - appUrl is/Users/srikanthparvatikar/Downloads/appium-pageobjectmodel-master/target/test-classes/app/Amazon_Shopping.apk
[logs/Android_OnePlus_3T INFO ] 2020-05-10 02:21:25.292 BaseTest:253 - driver initialized: io.appium.java_client.android.AndroidDriver, Capabilities: {app=/Users/srikanthparvatikar/Downloads/appium-pageobjectmodel-master/target/test-classes/app/Amazon_Shopping.apk, appActivity=com.amazon.mShop.splashscreen.StartupActivity, appPackage=com.amazon.mShop.android.shopping, automationName=UiAutomator2, databaseEnabled=false, desired={platformName=android, app=/Users/srikanthparvatikar/Downloads/appium-pageobjectmodel-master/target/test-classes/app/Amazon_Shopping.apk, appActivity=com.amazon.mShop.splashscreen.StartupActivity, appPackage=com.amazon.mShop.android.shopping, automationName=UiAutomator2, deviceName=OnePlus_3T, udid=614a12ef}, deviceApiLevel=28, deviceManufacturer=OnePlus, deviceModel=ONEPLUS A3003, deviceName=614a12ef, deviceScreenDensity=420, deviceScreenSize=1080x1920, deviceUDID=614a12ef, javascriptEnabled=true, locationContextEnabled=false, networkConnectionEnabled=true, pixelRatio=2.625, platform=LINUX, platformName=Android, platformVersion=9, statBarHeight=63, takesScreenshot=true, udid=614a12ef, viewportRect={left=0, top=63, width=1080, height=1857}, warnings={}, webStorageEnabled=false}
[logs/Android_OnePlus_3T INFO ] 2020-05-10 02:21:25.861 LoginTests:55 - 
****** starting test:invalidUserName******

[logs/Android_OnePlus_3T ERROR] 2020-05-10 02:21:41.670 TestListener:33 - org.openqa.selenium.WebDriverException: org.openqa.selenium.WebDriverException: An unknown server-side error occurred while processing the command. Original error: Timed out after 10000 milliseconds waiting for root AccessibilityNodeInfo
Build info: version: '3.141.59', revision: 'e82be7d358', time: '2018-11-14T08:17:03'
System info: host: 'Srikanths-MBP', ip: '2401:4900:2684:8fe1:b5be:c626:69e5:72b6%en0', os.name: 'Mac OS X', os.arch: 'x86_64', os.version: '10.14.6', java.version: '1.8.0_231'
Driver info: io.appium.java_client.android.AndroidDriver
Capabilities {app: /Users/srikanthparvatikar/D..., appActivity: com.amazon.mShop.splashscre..., appPackage: com.amazon.mShop.android.sh..., automationName: UiAutomator2, databaseEnabled: false, desired: {app: /Users/srikanthparvatikar/D..., appActivity: com.amazon.mShop.splashscre..., appPackage: com.amazon.mShop.android.sh..., automationName: UiAutomator2, deviceName: OnePlus_3T, platformName: android, udid: 614a12ef}, deviceApiLevel: 28, deviceManufacturer: OnePlus, deviceModel: ONEPLUS A3003, deviceName: 614a12ef, deviceScreenDensity: 420, deviceScreenSize: 1080x1920, deviceUDID: 614a12ef, javascriptEnabled: true, locationContextEnabled: false, networkConnectionEnabled: true, pixelRatio: 2.625, platform: LINUX, platformName: Android, platformVersion: 9, statBarHeight: 63, takesScreenshot: true, udid: 614a12ef, viewportRect: {height: 1857, left: 0, top: 63, width: 1080}, warnings: {}, webStorageEnabled: false}
Session ID: af0123f2-92d6-4c6c-9ad8-f4904491c514
*** Element info: {Using=id, value=signin_to_yourAccount}
	at io.appium.java_client.pagefactory.AppiumElementLocator$WaitingFunction.apply(AppiumElementLocator.java:192)
	at io.appium.java_client.pagefactory.AppiumElementLocator$WaitingFunction.apply(AppiumElementLocator.java:1)
	at org.openqa.selenium.support.ui.FluentWait.until(FluentWait.java:249)
	at io.appium.java_client.pagefactory.AppiumElementLocator.waitFor(AppiumElementLocator.java:99)
	at io.appium.java_client.pagefactory.AppiumElementLocator.findElement(AppiumElementLocator.java:119)
	at io.appium.java_client.pagefactory.interceptors.InterceptorOfASingleElement.intercept(InterceptorOfASingleElement.java:59)
	at io.appium.java_client.android.AndroidElement$$EnhancerByCGLIB$$b598166c.isDisplayed(<generated>)
	at org.openqa.selenium.support.ui.ExpectedConditions.elementIfVisible(ExpectedConditions.java:314)
	at org.openqa.selenium.support.ui.ExpectedConditions.access$000(ExpectedConditions.java:43)
	at org.openqa.selenium.support.ui.ExpectedConditions$10.apply(ExpectedConditions.java:300)
	at org.openqa.selenium.support.ui.ExpectedConditions$10.apply(ExpectedConditions.java:297)
	at org.openqa.selenium.support.ui.FluentWait.until(FluentWait.java:249)
	at com.qa.BaseTest.waitForVisibility(BaseTest.java:269)
	at com.qa.BaseTest.getAttribute(BaseTest.java:311)
	at com.qa.BaseTest.getText(BaseTest.java:319)
	at com.qa.pages.Login.SignInPage.getSignInBarTxt(SignInPage.java:23)
	at com.qa.tests.LoginTests.invalidUserName(LoginTests.java:69)
	at sun.reflect.NativeMethodAccessorImpl.invoke0(Native Method)
	at sun.reflect.NativeMethodAccessorImpl.invoke(NativeMethodAccessorImpl.java:62)
	at sun.reflect.DelegatingMethodAccessorImpl.invoke(DelegatingMethodAccessorImpl.java:43)
	at java.lang.reflect.Method.invoke(Method.java:498)
	at org.testng.internal.MethodInvocationHelper.invokeMethod(MethodInvocationHelper.java:124)
	at org.testng.internal.Invoker.invokeMethod(Invoker.java:583)
	at org.testng.internal.Invoker.invokeTestMethod(Invoker.java:719)
	at org.testng.internal.Invoker.invokeTestMethods(Invoker.java:989)
	at org.testng.internal.TestMethodWorker.invokeTestMethods(TestMethodWorker.java:125)
	at org.testng.internal.TestMethodWorker.run(TestMethodWorker.java:109)
	at org.testng.TestRunner.privateRun(TestRunner.java:648)
	at org.testng.TestRunner.run(TestRunner.java:505)
	at org.testng.SuiteRunner.runTest(SuiteRunner.java:455)
	at org.testng.SuiteRunner.access$000(SuiteRunner.java:40)
	at org.testng.SuiteRunner$SuiteWorker.run(SuiteRunner.java:489)
	at org.testng.internal.thread.ThreadUtil$1.call(ThreadUtil.java:52)
	at java.util.concurrent.FutureTask.run(FutureTask.java:266)
	at java.util.concurrent.ThreadPoolExecutor.runWorker(ThreadPoolExecutor.java:1149)
	at java.util.concurrent.ThreadPoolExecutor$Worker.run(ThreadPoolExecutor.java:624)
	at java.lang.Thread.run(Thread.java:748)
Caused by: org.openqa.selenium.WebDriverException: An unknown server-side error occurred while processing the command. Original error: Timed out after 10000 milliseconds waiting for root AccessibilityNodeInfo
Build info: version: '3.141.59', revision: 'e82be7d358', time: '2018-11-14T08:17:03'
System info: host: 'Srikanths-MBP', ip: '2401:4900:2684:8fe1:b5be:c626:69e5:72b6%en0', os.name: 'Mac OS X', os.arch: 'x86_64', os.version: '10.14.6', java.version: '1.8.0_231'
Driver info: io.appium.java_client.android.AndroidDriver
Capabilities {app: /Users/srikanthparvatikar/D..., appActivity: com.amazon.mShop.splashscre..., appPackage: com.amazon.mShop.android.sh..., automationName: UiAutomator2, databaseEnabled: false, desired: {app: /Users/srikanthparvatikar/D..., appActivity: com.amazon.mShop.splashscre..., appPackage: com.amazon.mShop.android.sh..., automationName: UiAutomator2, deviceName: OnePlus_3T, platformName: android, udid: 614a12ef}, deviceApiLevel: 28, deviceManufacturer: OnePlus, deviceModel: ONEPLUS A3003, deviceName: 614a12ef, deviceScreenDensity: 420, deviceScreenSize: 1080x1920, deviceUDID: 614a12ef, javascriptEnabled: true, locationContextEnabled: false, networkConnectionEnabled: true, pixelRatio: 2.625, platform: LINUX, platformName: Android, platformVersion: 9, statBarHeight: 63, takesScreenshot: true, udid: 614a12ef, viewportRect: {height: 1857, left: 0, top: 63, width: 1080}, warnings: {}, webStorageEnabled: false}
Session ID: af0123f2-92d6-4c6c-9ad8-f4904491c514
*** Element info: {Using=id, value=signin_to_yourAccount}
	at sun.reflect.NativeConstructorAccessorImpl.newInstance0(Native Method)
	at sun.reflect.NativeConstructorAccessorImpl.newInstance(NativeConstructorAccessorImpl.java:62)
	at sun.reflect.DelegatingConstructorAccessorImpl.newInstance(DelegatingConstructorAccessorImpl.java:45)
	at java.lang.reflect.Constructor.newInstance(Constructor.java:423)
	at org.openqa.selenium.remote.http.W3CHttpResponseCodec.createException(W3CHttpResponseCodec.java:187)
	at org.openqa.selenium.remote.http.W3CHttpResponseCodec.decode(W3CHttpResponseCodec.java:122)
	at org.openqa.selenium.remote.http.W3CHttpResponseCodec.decode(W3CHttpResponseCodec.java:49)
	at org.openqa.selenium.remote.HttpCommandExecutor.execute(HttpCommandExecutor.java:158)
	at io.appium.java_client.remote.AppiumCommandExecutor.execute(AppiumCommandExecutor.java:239)
	at org.openqa.selenium.remote.RemoteWebDriver.execute(RemoteWebDriver.java:552)
	at io.appium.java_client.DefaultGenericMobileDriver.execute(DefaultGenericMobileDriver.java:41)
	at io.appium.java_client.AppiumDriver.execute(AppiumDriver.java:1)
	at io.appium.java_client.android.AndroidDriver.execute(AndroidDriver.java:1)
	at org.openqa.selenium.remote.RemoteWebDriver.findElement(RemoteWebDriver.java:323)
	at io.appium.java_client.DefaultGenericMobileDriver.findElement(DefaultGenericMobileDriver.java:61)
	at io.appium.java_client.AppiumDriver.findElement(AppiumDriver.java:1)
	at io.appium.java_client.android.AndroidDriver.findElement(AndroidDriver.java:1)
	at org.openqa.selenium.remote.RemoteWebDriver.findElementById(RemoteWebDriver.java:372)
	at io.appium.java_client.DefaultGenericMobileDriver.findElementById(DefaultGenericMobileDriver.java:69)
	at io.appium.java_client.AppiumDriver.findElementById(AppiumDriver.java:1)
	at io.appium.java_client.android.AndroidDriver.findElementById(AndroidDriver.java:1)
	at org.openqa.selenium.By$ById.findElement(By.java:188)
	at org.openqa.selenium.remote.RemoteWebDriver.findElement(RemoteWebDriver.java:315)
	at io.appium.java_client.DefaultGenericMobileDriver.findElement(DefaultGenericMobileDriver.java:57)
	at io.appium.java_client.AppiumDriver.findElement(AppiumDriver.java:1)
	at io.appium.java_client.android.AndroidDriver.findElement(AndroidDriver.java:1)
	at io.appium.java_client.pagefactory.bys.builder.ByChained.lambda$0(ByChained.java:38)
	at org.openqa.selenium.support.ui.FluentWait.until(FluentWait.java:249)
	at io.appium.java_client.pagefactory.bys.builder.ByChained.findElement(ByChained.java:72)
	at org.openqa.selenium.remote.RemoteWebDriver.findElement(RemoteWebDriver.java:315)
	at io.appium.java_client.DefaultGenericMobileDriver.findElement(DefaultGenericMobileDriver.java:57)
	at io.appium.java_client.AppiumDriver.findElement(AppiumDriver.java:1)
	at io.appium.java_client.android.AndroidDriver.findElement(AndroidDriver.java:1)
	at io.appium.java_client.pagefactory.bys.ContentMappedBy.findElement(ContentMappedBy.java:50)
	at org.openqa.selenium.remote.RemoteWebDriver.findElement(RemoteWebDriver.java:315)
	at io.appium.java_client.DefaultGenericMobileDriver.findElement(DefaultGenericMobileDriver.java:57)
	at io.appium.java_client.AppiumDriver.findElement(AppiumDriver.java:1)
	at io.appium.java_client.android.AndroidDriver.findElement(AndroidDriver.java:1)
	at io.appium.java_client.pagefactory.AppiumElementLocator.lambda$0(AppiumElementLocator.java:120)
	at io.appium.java_client.pagefactory.AppiumElementLocator$WaitingFunction.apply(AppiumElementLocator.java:172)
	... 36 more

[logs/Android_OnePlus_3T INFO ] 2020-05-10 02:21:43.089 BaseTest:146 - video path: videos/Android_OnePlus_3T/2020-05-10-02-21-12/LoginTests/invalidUserName.mp4
[logs/Android_OnePlus_3T INFO ] 2020-05-10 02:36:24.805 BaseTest:203 - log path: logs/Android_OnePlus_3T
[logs/Android_OnePlus_3T INFO ] 2020-05-10 02:36:24.835 BaseTest:210 - load config.properties
[logs/Android_OnePlus_3T INFO ] 2020-05-10 02:36:24.835 BaseTest:215 - load strings/strings.xml
[logs/Android_OnePlus_3T INFO ] 2020-05-10 02:36:24.840 BaseTest:235 - appUrl is/Users/srikanthparvatikar/Downloads/appium-pageobjectmodel-master/target/test-classes/app/Amazon_Shopping.apk
[logs/Android_OnePlus_3T INFO ] 2020-05-10 02:36:38.407 BaseTest:253 - driver initialized: io.appium.java_client.android.AndroidDriver, Capabilities: {app=/Users/srikanthparvatikar/Downloads/appium-pageobjectmodel-master/target/test-classes/app/Amazon_Shopping.apk, appActivity=com.amazon.mShop.splashscreen.StartupActivity, appPackage=com.amazon.mShop.android.shopping, automationName=UiAutomator2, databaseEnabled=false, desired={platformName=android, app=/Users/srikanthparvatikar/Downloads/appium-pageobjectmodel-master/target/test-classes/app/Amazon_Shopping.apk, appActivity=com.amazon.mShop.splashscreen.StartupActivity, appPackage=com.amazon.mShop.android.shopping, automationName=UiAutomator2, deviceName=OnePlus_3T, udid=614a12ef}, deviceApiLevel=28, deviceManufacturer=OnePlus, deviceModel=ONEPLUS A3003, deviceName=614a12ef, deviceScreenDensity=420, deviceScreenSize=1080x1920, deviceUDID=614a12ef, javascriptEnabled=true, locationContextEnabled=false, networkConnectionEnabled=true, pixelRatio=2.625, platform=LINUX, platformName=Android, platformVersion=9, statBarHeight=63, takesScreenshot=true, udid=614a12ef, viewportRect={left=0, top=63, width=1080, height=1857}, warnings={}, webStorageEnabled=false}
[logs/Android_OnePlus_3T INFO ] 2020-05-10 02:36:39.025 LoginTests:55 - 
****** starting test:invalidUserName******

[logs/Android_OnePlus_3T ERROR] 2020-05-10 02:37:04.799 TestListener:33 - org.openqa.selenium.WebDriverException: org.openqa.selenium.WebDriverException: An unknown server-side error occurred while processing the command. Original error: Timed out after 10000 milliseconds waiting for root AccessibilityNodeInfo
Build info: version: '3.141.59', revision: 'e82be7d358', time: '2018-11-14T08:17:03'
System info: host: 'Srikanths-MBP', ip: '2401:4900:2684:8fe1:b5be:c626:69e5:72b6%en0', os.name: 'Mac OS X', os.arch: 'x86_64', os.version: '10.14.6', java.version: '1.8.0_231'
Driver info: io.appium.java_client.android.AndroidDriver
Capabilities {app: /Users/srikanthparvatikar/D..., appActivity: com.amazon.mShop.splashscre..., appPackage: com.amazon.mShop.android.sh..., automationName: UiAutomator2, databaseEnabled: false, desired: {app: /Users/srikanthparvatikar/D..., appActivity: com.amazon.mShop.splashscre..., appPackage: com.amazon.mShop.android.sh..., automationName: UiAutomator2, deviceName: OnePlus_3T, platformName: android, udid: 614a12ef}, deviceApiLevel: 28, deviceManufacturer: OnePlus, deviceModel: ONEPLUS A3003, deviceName: 614a12ef, deviceScreenDensity: 420, deviceScreenSize: 1080x1920, deviceUDID: 614a12ef, javascriptEnabled: true, locationContextEnabled: false, networkConnectionEnabled: true, pixelRatio: 2.625, platform: LINUX, platformName: Android, platformVersion: 9, statBarHeight: 63, takesScreenshot: true, udid: 614a12ef, viewportRect: {height: 1857, left: 0, top: 63, width: 1080}, warnings: {}, webStorageEnabled: false}
Session ID: 7a00778c-5998-4898-b2f1-d5444c7215fd
*** Element info: {Using=id, value=signin_to_yourAccount}
	at io.appium.java_client.pagefactory.AppiumElementLocator$WaitingFunction.apply(AppiumElementLocator.java:192)
	at io.appium.java_client.pagefactory.AppiumElementLocator$WaitingFunction.apply(AppiumElementLocator.java:1)
	at org.openqa.selenium.support.ui.FluentWait.until(FluentWait.java:249)
	at io.appium.java_client.pagefactory.AppiumElementLocator.waitFor(AppiumElementLocator.java:99)
	at io.appium.java_client.pagefactory.AppiumElementLocator.findElement(AppiumElementLocator.java:119)
	at io.appium.java_client.pagefactory.interceptors.InterceptorOfASingleElement.intercept(InterceptorOfASingleElement.java:59)
	at io.appium.java_client.android.AndroidElement$$EnhancerByCGLIB$$b598166c.isDisplayed(<generated>)
	at org.openqa.selenium.support.ui.ExpectedConditions.elementIfVisible(ExpectedConditions.java:314)
	at org.openqa.selenium.support.ui.ExpectedConditions.access$000(ExpectedConditions.java:43)
	at org.openqa.selenium.support.ui.ExpectedConditions$10.apply(ExpectedConditions.java:300)
	at org.openqa.selenium.support.ui.ExpectedConditions$10.apply(ExpectedConditions.java:297)
	at org.openqa.selenium.support.ui.FluentWait.until(FluentWait.java:249)
	at com.qa.BaseTest.waitForVisibility(BaseTest.java:269)
	at com.qa.BaseTest.getAttribute(BaseTest.java:311)
	at com.qa.BaseTest.getText(BaseTest.java:319)
	at com.qa.pages.Login.SignInPage.getSignInBarTxt(SignInPage.java:23)
	at com.qa.tests.LoginTests.invalidUserName(LoginTests.java:69)
	at sun.reflect.NativeMethodAccessorImpl.invoke0(Native Method)
	at sun.reflect.NativeMethodAccessorImpl.invoke(NativeMethodAccessorImpl.java:62)
	at sun.reflect.DelegatingMethodAccessorImpl.invoke(DelegatingMethodAccessorImpl.java:43)
	at java.lang.reflect.Method.invoke(Method.java:498)
	at org.testng.internal.MethodInvocationHelper.invokeMethod(MethodInvocationHelper.java:124)
	at org.testng.internal.Invoker.invokeMethod(Invoker.java:583)
	at org.testng.internal.Invoker.invokeTestMethod(Invoker.java:719)
	at org.testng.internal.Invoker.invokeTestMethods(Invoker.java:989)
	at org.testng.internal.TestMethodWorker.invokeTestMethods(TestMethodWorker.java:125)
	at org.testng.internal.TestMethodWorker.run(TestMethodWorker.java:109)
	at org.testng.TestRunner.privateRun(TestRunner.java:648)
	at org.testng.TestRunner.run(TestRunner.java:505)
	at org.testng.SuiteRunner.runTest(SuiteRunner.java:455)
	at org.testng.SuiteRunner.access$000(SuiteRunner.java:40)
	at org.testng.SuiteRunner$SuiteWorker.run(SuiteRunner.java:489)
	at org.testng.internal.thread.ThreadUtil$1.call(ThreadUtil.java:52)
	at java.util.concurrent.FutureTask.run$$$capture(FutureTask.java:266)
	at java.util.concurrent.FutureTask.run(FutureTask.java)
	at java.util.concurrent.ThreadPoolExecutor.runWorker(ThreadPoolExecutor.java:1149)
	at java.util.concurrent.ThreadPoolExecutor$Worker.run(ThreadPoolExecutor.java:624)
	at java.lang.Thread.run(Thread.java:748)
Caused by: org.openqa.selenium.WebDriverException: An unknown server-side error occurred while processing the command. Original error: Timed out after 10000 milliseconds waiting for root AccessibilityNodeInfo
Build info: version: '3.141.59', revision: 'e82be7d358', time: '2018-11-14T08:17:03'
System info: host: 'Srikanths-MBP', ip: '2401:4900:2684:8fe1:b5be:c626:69e5:72b6%en0', os.name: 'Mac OS X', os.arch: 'x86_64', os.version: '10.14.6', java.version: '1.8.0_231'
Driver info: io.appium.java_client.android.AndroidDriver
Capabilities {app: /Users/srikanthparvatikar/D..., appActivity: com.amazon.mShop.splashscre..., appPackage: com.amazon.mShop.android.sh..., automationName: UiAutomator2, databaseEnabled: false, desired: {app: /Users/srikanthparvatikar/D..., appActivity: com.amazon.mShop.splashscre..., appPackage: com.amazon.mShop.android.sh..., automationName: UiAutomator2, deviceName: OnePlus_3T, platformName: android, udid: 614a12ef}, deviceApiLevel: 28, deviceManufacturer: OnePlus, deviceModel: ONEPLUS A3003, deviceName: 614a12ef, deviceScreenDensity: 420, deviceScreenSize: 1080x1920, deviceUDID: 614a12ef, javascriptEnabled: true, locationContextEnabled: false, networkConnectionEnabled: true, pixelRatio: 2.625, platform: LINUX, platformName: Android, platformVersion: 9, statBarHeight: 63, takesScreenshot: true, udid: 614a12ef, viewportRect: {height: 1857, left: 0, top: 63, width: 1080}, warnings: {}, webStorageEnabled: false}
Session ID: 7a00778c-5998-4898-b2f1-d5444c7215fd
*** Element info: {Using=id, value=signin_to_yourAccount}
	at sun.reflect.NativeConstructorAccessorImpl.newInstance0(Native Method)
	at sun.reflect.NativeConstructorAccessorImpl.newInstance(NativeConstructorAccessorImpl.java:62)
	at sun.reflect.DelegatingConstructorAccessorImpl.newInstance(DelegatingConstructorAccessorImpl.java:45)
	at java.lang.reflect.Constructor.newInstance(Constructor.java:423)
	at org.openqa.selenium.remote.http.W3CHttpResponseCodec.createException(W3CHttpResponseCodec.java:187)
	at org.openqa.selenium.remote.http.W3CHttpResponseCodec.decode(W3CHttpResponseCodec.java:122)
	at org.openqa.selenium.remote.http.W3CHttpResponseCodec.decode(W3CHttpResponseCodec.java:49)
	at org.openqa.selenium.remote.HttpCommandExecutor.execute(HttpCommandExecutor.java:158)
	at io.appium.java_client.remote.AppiumCommandExecutor.execute(AppiumCommandExecutor.java:239)
	at org.openqa.selenium.remote.RemoteWebDriver.execute(RemoteWebDriver.java:552)
	at io.appium.java_client.DefaultGenericMobileDriver.execute(DefaultGenericMobileDriver.java:41)
	at io.appium.java_client.AppiumDriver.execute(AppiumDriver.java:1)
	at io.appium.java_client.android.AndroidDriver.execute(AndroidDriver.java:1)
	at org.openqa.selenium.remote.RemoteWebDriver.findElement(RemoteWebDriver.java:323)
	at io.appium.java_client.DefaultGenericMobileDriver.findElement(DefaultGenericMobileDriver.java:61)
	at io.appium.java_client.AppiumDriver.findElement(AppiumDriver.java:1)
	at io.appium.java_client.android.AndroidDriver.findElement(AndroidDriver.java:1)
	at org.openqa.selenium.remote.RemoteWebDriver.findElementById(RemoteWebDriver.java:372)
	at io.appium.java_client.DefaultGenericMobileDriver.findElementById(DefaultGenericMobileDriver.java:69)
	at io.appium.java_client.AppiumDriver.findElementById(AppiumDriver.java:1)
	at io.appium.java_client.android.AndroidDriver.findElementById(AndroidDriver.java:1)
	at org.openqa.selenium.By$ById.findElement(By.java:188)
	at org.openqa.selenium.remote.RemoteWebDriver.findElement(RemoteWebDriver.java:315)
	at io.appium.java_client.DefaultGenericMobileDriver.findElement(DefaultGenericMobileDriver.java:57)
	at io.appium.java_client.AppiumDriver.findElement(AppiumDriver.java:1)
	at io.appium.java_client.android.AndroidDriver.findElement(AndroidDriver.java:1)
	at io.appium.java_client.pagefactory.bys.builder.ByChained.lambda$0(ByChained.java:38)
	at org.openqa.selenium.support.ui.FluentWait.until(FluentWait.java:249)
	at io.appium.java_client.pagefactory.bys.builder.ByChained.findElement(ByChained.java:72)
	at org.openqa.selenium.remote.RemoteWebDriver.findElement(RemoteWebDriver.java:315)
	at io.appium.java_client.DefaultGenericMobileDriver.findElement(DefaultGenericMobileDriver.java:57)
	at io.appium.java_client.AppiumDriver.findElement(AppiumDriver.java:1)
	at io.appium.java_client.android.AndroidDriver.findElement(AndroidDriver.java:1)
	at io.appium.java_client.pagefactory.bys.ContentMappedBy.findElement(ContentMappedBy.java:50)
	at org.openqa.selenium.remote.RemoteWebDriver.findElement(RemoteWebDriver.java:315)
	at io.appium.java_client.DefaultGenericMobileDriver.findElement(DefaultGenericMobileDriver.java:57)
	at io.appium.java_client.AppiumDriver.findElement(AppiumDriver.java:1)
	at io.appium.java_client.android.AndroidDriver.findElement(AndroidDriver.java:1)
	at io.appium.java_client.pagefactory.AppiumElementLocator.lambda$0(AppiumElementLocator.java:120)
	at io.appium.java_client.pagefactory.AppiumElementLocator$WaitingFunction.apply(AppiumElementLocator.java:172)
	... 37 more

[logs/Android_OnePlus_3T INFO ] 2020-05-10 02:37:10.497 BaseTest:203 - log path: logs/Android_OnePlus_3T
[logs/Android_OnePlus_3T INFO ] 2020-05-10 02:37:10.525 BaseTest:210 - load config.properties
[logs/Android_OnePlus_3T INFO ] 2020-05-10 02:37:10.525 BaseTest:215 - load strings/strings.xml
[logs/Android_OnePlus_3T INFO ] 2020-05-10 02:37:10.530 BaseTest:235 - appUrl is/Users/srikanthparvatikar/Downloads/appium-pageobjectmodel-master/target/test-classes/app/Amazon_Shopping.apk
[logs/Android_OnePlus_3T INFO ] 2020-05-10 02:37:26.662 BaseTest:253 - driver initialized: io.appium.java_client.android.AndroidDriver, Capabilities: {app=/Users/srikanthparvatikar/Downloads/appium-pageobjectmodel-master/target/test-classes/app/Amazon_Shopping.apk, appActivity=com.amazon.mShop.splashscreen.StartupActivity, appPackage=com.amazon.mShop.android.shopping, automationName=UiAutomator2, databaseEnabled=false, desired={platformName=android, app=/Users/srikanthparvatikar/Downloads/appium-pageobjectmodel-master/target/test-classes/app/Amazon_Shopping.apk, appActivity=com.amazon.mShop.splashscreen.StartupActivity, appPackage=com.amazon.mShop.android.shopping, automationName=UiAutomator2, deviceName=OnePlus_3T, udid=614a12ef}, deviceApiLevel=28, deviceManufacturer=OnePlus, deviceModel=ONEPLUS A3003, deviceName=614a12ef, deviceScreenDensity=420, deviceScreenSize=1080x1920, deviceUDID=614a12ef, javascriptEnabled=true, locationContextEnabled=false, networkConnectionEnabled=true, pixelRatio=2.625, platform=LINUX, platformName=Android, platformVersion=9, statBarHeight=63, takesScreenshot=true, udid=614a12ef, viewportRect={left=0, top=63, width=1080, height=1857}, warnings={}, webStorageEnabled=false}
[logs/Android_OnePlus_3T INFO ] 2020-05-10 02:37:37.777 LoginTests:55 - 
****** starting test:invalidUserName******

[logs/Android_OnePlus_3T INFO ] 2020-05-10 02:37:43.273 BaseTest:325 - Sign in to your account
[logs/Android_OnePlus_3T ERROR] 2020-05-10 02:38:51.279 TestListener:33 - org.openqa.selenium.WebDriverException: org.openqa.selenium.WebDriverException: An unknown server-side error occurred while processing the command. Original error: Could not proxy command to remote server. Original error: Error: socket hang up
Build info: version: '3.141.59', revision: 'e82be7d358', time: '2018-11-14T08:17:03'
System info: host: 'Srikanths-MBP', ip: '2401:4900:2684:8fe1:b5be:c626:69e5:72b6%en0', os.name: 'Mac OS X', os.arch: 'x86_64', os.version: '10.14.6', java.version: '1.8.0_231'
Driver info: io.appium.java_client.android.AndroidDriver
Capabilities {app: /Users/srikanthparvatikar/D..., appActivity: com.amazon.mShop.splashscre..., appPackage: com.amazon.mShop.android.sh..., automationName: UiAutomator2, databaseEnabled: false, desired: {app: /Users/srikanthparvatikar/D..., appActivity: com.amazon.mShop.splashscre..., appPackage: com.amazon.mShop.android.sh..., automationName: UiAutomator2, deviceName: OnePlus_3T, platformName: android, udid: 614a12ef}, deviceApiLevel: 28, deviceManufacturer: OnePlus, deviceModel: ONEPLUS A3003, deviceName: 614a12ef, deviceScreenDensity: 420, deviceScreenSize: 1080x1920, deviceUDID: 614a12ef, javascriptEnabled: true, locationContextEnabled: false, networkConnectionEnabled: true, pixelRatio: 2.625, platform: LINUX, platformName: Android, platformVersion: 9, statBarHeight: 63, takesScreenshot: true, udid: 614a12ef, viewportRect: {height: 1857, left: 0, top: 63, width: 1080}, warnings: {}, webStorageEnabled: false}
Session ID: dcbccda7-c4d8-4327-851b-abddab1ddaca
*** Element info: {Using=id, value=login_accordion_header}
	at io.appium.java_client.pagefactory.AppiumElementLocator$WaitingFunction.apply(AppiumElementLocator.java:192)
	at io.appium.java_client.pagefactory.AppiumElementLocator$WaitingFunction.apply(AppiumElementLocator.java:1)
	at org.openqa.selenium.support.ui.FluentWait.until(FluentWait.java:249)
	at io.appium.java_client.pagefactory.AppiumElementLocator.waitFor(AppiumElementLocator.java:99)
	at io.appium.java_client.pagefactory.AppiumElementLocator.findElement(AppiumElementLocator.java:119)
	at io.appium.java_client.pagefactory.interceptors.InterceptorOfASingleElement.intercept(InterceptorOfASingleElement.java:59)
	at io.appium.java_client.android.AndroidElement$$EnhancerByCGLIB$$b598166c.isDisplayed(<generated>)
	at org.openqa.selenium.support.ui.ExpectedConditions.elementIfVisible(ExpectedConditions.java:314)
	at org.openqa.selenium.support.ui.ExpectedConditions.access$000(ExpectedConditions.java:43)
	at org.openqa.selenium.support.ui.ExpectedConditions$10.apply(ExpectedConditions.java:300)
	at org.openqa.selenium.support.ui.ExpectedConditions$10.apply(ExpectedConditions.java:297)
	at org.openqa.selenium.support.ui.FluentWait.until(FluentWait.java:249)
	at com.qa.BaseTest.waitForVisibility(BaseTest.java:269)
	at com.qa.BaseTest.click(BaseTest.java:287)
	at com.qa.pages.Login.LoginUserNamePage.pressLoginRadioBtn(LoginUserNamePage.java:25)
	at com.qa.tests.LoginTests.invalidUserName(LoginTests.java:71)
	at sun.reflect.NativeMethodAccessorImpl.invoke0(Native Method)
	at sun.reflect.NativeMethodAccessorImpl.invoke(NativeMethodAccessorImpl.java:62)
	at sun.reflect.DelegatingMethodAccessorImpl.invoke(DelegatingMethodAccessorImpl.java:43)
	at java.lang.reflect.Method.invoke(Method.java:498)
	at org.testng.internal.MethodInvocationHelper.invokeMethod(MethodInvocationHelper.java:124)
	at org.testng.internal.Invoker.invokeMethod(Invoker.java:583)
	at org.testng.internal.Invoker.invokeTestMethod(Invoker.java:719)
	at org.testng.internal.Invoker.invokeTestMethods(Invoker.java:989)
	at org.testng.internal.TestMethodWorker.invokeTestMethods(TestMethodWorker.java:125)
	at org.testng.internal.TestMethodWorker.run(TestMethodWorker.java:109)
	at org.testng.TestRunner.privateRun(TestRunner.java:648)
	at org.testng.TestRunner.run(TestRunner.java:505)
	at org.testng.SuiteRunner.runTest(SuiteRunner.java:455)
	at org.testng.SuiteRunner.access$000(SuiteRunner.java:40)
	at org.testng.SuiteRunner$SuiteWorker.run(SuiteRunner.java:489)
	at org.testng.internal.thread.ThreadUtil$1.call(ThreadUtil.java:52)
	at java.util.concurrent.FutureTask.run$$$capture(FutureTask.java:266)
	at java.util.concurrent.FutureTask.run(FutureTask.java)
	at java.util.concurrent.ThreadPoolExecutor.runWorker(ThreadPoolExecutor.java:1149)
	at java.util.concurrent.ThreadPoolExecutor$Worker.run(ThreadPoolExecutor.java:624)
	at java.lang.Thread.run(Thread.java:748)
Caused by: org.openqa.selenium.WebDriverException: An unknown server-side error occurred while processing the command. Original error: Could not proxy command to remote server. Original error: Error: socket hang up
Build info: version: '3.141.59', revision: 'e82be7d358', time: '2018-11-14T08:17:03'
System info: host: 'Srikanths-MBP', ip: '2401:4900:2684:8fe1:b5be:c626:69e5:72b6%en0', os.name: 'Mac OS X', os.arch: 'x86_64', os.version: '10.14.6', java.version: '1.8.0_231'
Driver info: io.appium.java_client.android.AndroidDriver
Capabilities {app: /Users/srikanthparvatikar/D..., appActivity: com.amazon.mShop.splashscre..., appPackage: com.amazon.mShop.android.sh..., automationName: UiAutomator2, databaseEnabled: false, desired: {app: /Users/srikanthparvatikar/D..., appActivity: com.amazon.mShop.splashscre..., appPackage: com.amazon.mShop.android.sh..., automationName: UiAutomator2, deviceName: OnePlus_3T, platformName: android, udid: 614a12ef}, deviceApiLevel: 28, deviceManufacturer: OnePlus, deviceModel: ONEPLUS A3003, deviceName: 614a12ef, deviceScreenDensity: 420, deviceScreenSize: 1080x1920, deviceUDID: 614a12ef, javascriptEnabled: true, locationContextEnabled: false, networkConnectionEnabled: true, pixelRatio: 2.625, platform: LINUX, platformName: Android, platformVersion: 9, statBarHeight: 63, takesScreenshot: true, udid: 614a12ef, viewportRect: {height: 1857, left: 0, top: 63, width: 1080}, warnings: {}, webStorageEnabled: false}
Session ID: dcbccda7-c4d8-4327-851b-abddab1ddaca
*** Element info: {Using=id, value=login_accordion_header}
	at sun.reflect.NativeConstructorAccessorImpl.newInstance0(Native Method)
	at sun.reflect.NativeConstructorAccessorImpl.newInstance(NativeConstructorAccessorImpl.java:62)
	at sun.reflect.DelegatingConstructorAccessorImpl.newInstance(DelegatingConstructorAccessorImpl.java:45)
	at java.lang.reflect.Constructor.newInstance(Constructor.java:423)
	at org.openqa.selenium.remote.http.W3CHttpResponseCodec.createException(W3CHttpResponseCodec.java:187)
	at org.openqa.selenium.remote.http.W3CHttpResponseCodec.decode(W3CHttpResponseCodec.java:122)
	at org.openqa.selenium.remote.http.W3CHttpResponseCodec.decode(W3CHttpResponseCodec.java:49)
	at org.openqa.selenium.remote.HttpCommandExecutor.execute(HttpCommandExecutor.java:158)
	at io.appium.java_client.remote.AppiumCommandExecutor.execute(AppiumCommandExecutor.java:239)
	at org.openqa.selenium.remote.RemoteWebDriver.execute(RemoteWebDriver.java:552)
	at io.appium.java_client.DefaultGenericMobileDriver.execute(DefaultGenericMobileDriver.java:41)
	at io.appium.java_client.AppiumDriver.execute(AppiumDriver.java:1)
	at io.appium.java_client.android.AndroidDriver.execute(AndroidDriver.java:1)
	at org.openqa.selenium.remote.RemoteWebDriver.findElement(RemoteWebDriver.java:323)
	at io.appium.java_client.DefaultGenericMobileDriver.findElement(DefaultGenericMobileDriver.java:61)
	at io.appium.java_client.AppiumDriver.findElement(AppiumDriver.java:1)
	at io.appium.java_client.android.AndroidDriver.findElement(AndroidDriver.java:1)
	at org.openqa.selenium.remote.RemoteWebDriver.findElementById(RemoteWebDriver.java:372)
	at io.appium.java_client.DefaultGenericMobileDriver.findElementById(DefaultGenericMobileDriver.java:69)
	at io.appium.java_client.AppiumDriver.findElementById(AppiumDriver.java:1)
	at io.appium.java_client.android.AndroidDriver.findElementById(AndroidDriver.java:1)
	at org.openqa.selenium.By$ById.findElement(By.java:188)
	at org.openqa.selenium.remote.RemoteWebDriver.findElement(RemoteWebDriver.java:315)
	at io.appium.java_client.DefaultGenericMobileDriver.findElement(DefaultGenericMobileDriver.java:57)
	at io.appium.java_client.AppiumDriver.findElement(AppiumDriver.java:1)
	at io.appium.java_client.android.AndroidDriver.findElement(AndroidDriver.java:1)
	at io.appium.java_client.pagefactory.bys.builder.ByChained.lambda$0(ByChained.java:38)
	at org.openqa.selenium.support.ui.FluentWait.until(FluentWait.java:249)
	at io.appium.java_client.pagefactory.bys.builder.ByChained.findElement(ByChained.java:72)
	at org.openqa.selenium.remote.RemoteWebDriver.findElement(RemoteWebDriver.java:315)
	at io.appium.java_client.DefaultGenericMobileDriver.findElement(DefaultGenericMobileDriver.java:57)
	at io.appium.java_client.AppiumDriver.findElement(AppiumDriver.java:1)
	at io.appium.java_client.android.AndroidDriver.findElement(AndroidDriver.java:1)
	at io.appium.java_client.pagefactory.bys.ContentMappedBy.findElement(ContentMappedBy.java:50)
	at org.openqa.selenium.remote.RemoteWebDriver.findElement(RemoteWebDriver.java:315)
	at io.appium.java_client.DefaultGenericMobileDriver.findElement(DefaultGenericMobileDriver.java:57)
	at io.appium.java_client.AppiumDriver.findElement(AppiumDriver.java:1)
	at io.appium.java_client.android.AndroidDriver.findElement(AndroidDriver.java:1)
	at io.appium.java_client.pagefactory.AppiumElementLocator.lambda$0(AppiumElementLocator.java:120)
	at io.appium.java_client.pagefactory.AppiumElementLocator$WaitingFunction.apply(AppiumElementLocator.java:172)
	... 36 more

[logs/Android_OnePlus_3T ERROR] 2020-05-10 02:38:51.332 TestListener:33 - org.openqa.selenium.WebDriverException: An unknown server-side error occurred while processing the command. Original error: Could not proxy command to remote server. Original error: Error: socket hang up
Build info: version: '3.141.59', revision: 'e82be7d358', time: '2018-11-14T08:17:03'
System info: host: 'Srikanths-MBP', ip: '2401:4900:2684:8fe1:b5be:c626:69e5:72b6%en0', os.name: 'Mac OS X', os.arch: 'x86_64', os.version: '10.14.6', java.version: '1.8.0_231'
Driver info: io.appium.java_client.android.AndroidDriver
Capabilities {app: /Users/srikanthparvatikar/D..., appActivity: com.amazon.mShop.splashscre..., appPackage: com.amazon.mShop.android.sh..., automationName: UiAutomator2, databaseEnabled: false, desired: {app: /Users/srikanthparvatikar/D..., appActivity: com.amazon.mShop.splashscre..., appPackage: com.amazon.mShop.android.sh..., automationName: UiAutomator2, deviceName: OnePlus_3T, platformName: android, udid: 614a12ef}, deviceApiLevel: 28, deviceManufacturer: OnePlus, deviceModel: ONEPLUS A3003, deviceName: 614a12ef, deviceScreenDensity: 420, deviceScreenSize: 1080x1920, deviceUDID: 614a12ef, javascriptEnabled: true, locationContextEnabled: false, networkConnectionEnabled: true, pixelRatio: 2.625, platform: LINUX, platformName: Android, platformVersion: 9, statBarHeight: 63, takesScreenshot: true, udid: 614a12ef, viewportRect: {height: 1857, left: 0, top: 63, width: 1080}, warnings: {}, webStorageEnabled: false}
Session ID: dcbccda7-c4d8-4327-851b-abddab1ddaca
	at sun.reflect.NativeConstructorAccessorImpl.newInstance0(Native Method)
	at sun.reflect.NativeConstructorAccessorImpl.newInstance(NativeConstructorAccessorImpl.java:62)
	at sun.reflect.DelegatingConstructorAccessorImpl.newInstance(DelegatingConstructorAccessorImpl.java:45)
	at java.lang.reflect.Constructor.newInstance(Constructor.java:423)
	at org.openqa.selenium.remote.http.W3CHttpResponseCodec.createException(W3CHttpResponseCodec.java:187)
	at org.openqa.selenium.remote.http.W3CHttpResponseCodec.decode(W3CHttpResponseCodec.java:122)
	at org.openqa.selenium.remote.http.W3CHttpResponseCodec.decode(W3CHttpResponseCodec.java:49)
	at org.openqa.selenium.remote.HttpCommandExecutor.execute(HttpCommandExecutor.java:158)
	at io.appium.java_client.remote.AppiumCommandExecutor.execute(AppiumCommandExecutor.java:239)
	at org.openqa.selenium.remote.RemoteWebDriver.execute(RemoteWebDriver.java:552)
	at io.appium.java_client.DefaultGenericMobileDriver.execute(DefaultGenericMobileDriver.java:45)
	at io.appium.java_client.AppiumDriver.execute(AppiumDriver.java:1)
	at io.appium.java_client.android.AndroidDriver.execute(AndroidDriver.java:1)
	at org.openqa.selenium.remote.RemoteWebDriver.getScreenshotAs(RemoteWebDriver.java:295)
	at com.qa.listeners.TestListener.onTestFailure(TestListener.java:37)
	at org.testng.internal.TestListenerHelper.runTestListeners(TestListenerHelper.java:67)
	at org.testng.internal.Invoker.runTestListeners(Invoker.java:1389)
	at org.testng.internal.Invoker.invokeMethod(Invoker.java:636)
	at org.testng.internal.Invoker.invokeTestMethod(Invoker.java:719)
	at org.testng.internal.Invoker.invokeTestMethods(Invoker.java:989)
	at org.testng.internal.TestMethodWorker.invokeTestMethods(TestMethodWorker.java:125)
	at org.testng.internal.TestMethodWorker.run(TestMethodWorker.java:109)
	at org.testng.TestRunner.privateRun(TestRunner.java:648)
	at org.testng.TestRunner.run(TestRunner.java:505)
	at org.testng.SuiteRunner.runTest(SuiteRunner.java:455)
	at org.testng.SuiteRunner.access$000(SuiteRunner.java:40)
	at org.testng.SuiteRunner$SuiteWorker.run(SuiteRunner.java:489)
	at org.testng.internal.thread.ThreadUtil$1.call(ThreadUtil.java:52)
	at java.util.concurrent.FutureTask.run$$$capture(FutureTask.java:266)
	at java.util.concurrent.FutureTask.run(FutureTask.java)
	at java.util.concurrent.ThreadPoolExecutor.runWorker(ThreadPoolExecutor.java:1149)
	at java.util.concurrent.ThreadPoolExecutor$Worker.run(ThreadPoolExecutor.java:624)
	at java.lang.Thread.run(Thread.java:748)

[logs/Android_OnePlus_3T INFO ] 2020-05-10 02:39:13.175 BaseTest:203 - log path: logs/Android_OnePlus_3T
[logs/Android_OnePlus_3T INFO ] 2020-05-10 02:39:13.203 BaseTest:210 - load config.properties
[logs/Android_OnePlus_3T INFO ] 2020-05-10 02:39:13.204 BaseTest:215 - load strings/strings.xml
[logs/Android_OnePlus_3T INFO ] 2020-05-10 02:39:13.208 BaseTest:235 - appUrl is/Users/srikanthparvatikar/Downloads/appium-pageobjectmodel-master/target/test-classes/app/Amazon_Shopping.apk
[logs/Android_OnePlus_3T INFO ] 2020-05-10 02:39:27.569 BaseTest:253 - driver initialized: io.appium.java_client.android.AndroidDriver, Capabilities: {app=/Users/srikanthparvatikar/Downloads/appium-pageobjectmodel-master/target/test-classes/app/Amazon_Shopping.apk, appActivity=com.amazon.mShop.splashscreen.StartupActivity, appPackage=com.amazon.mShop.android.shopping, automationName=UiAutomator2, databaseEnabled=false, desired={platformName=android, app=/Users/srikanthparvatikar/Downloads/appium-pageobjectmodel-master/target/test-classes/app/Amazon_Shopping.apk, appActivity=com.amazon.mShop.splashscreen.StartupActivity, appPackage=com.amazon.mShop.android.shopping, automationName=UiAutomator2, deviceName=OnePlus_3T, udid=614a12ef}, deviceApiLevel=28, deviceManufacturer=OnePlus, deviceModel=ONEPLUS A3003, deviceName=614a12ef, deviceScreenDensity=420, deviceScreenSize=1080x1920, deviceUDID=614a12ef, javascriptEnabled=true, locationContextEnabled=false, networkConnectionEnabled=true, pixelRatio=2.625, platform=LINUX, platformName=Android, platformVersion=9, statBarHeight=63, takesScreenshot=true, udid=614a12ef, viewportRect={left=0, top=63, width=1080, height=1857}, warnings={}, webStorageEnabled=false}
[logs/Android_OnePlus_3T INFO ] 2020-05-10 02:39:39.585 LoginTests:55 - 
****** starting test:invalidUserName******

[logs/Android_OnePlus_3T INFO ] 2020-05-10 02:39:45.733 BaseTest:325 - Sign in to your account
[logs/Android_OnePlus_3T INFO ] 2020-05-10 02:40:55.797 BaseTest:203 - log path: logs/Android_OnePlus_3T
[logs/Android_OnePlus_3T INFO ] 2020-05-10 02:40:55.825 BaseTest:210 - load config.properties
[logs/Android_OnePlus_3T INFO ] 2020-05-10 02:40:55.825 BaseTest:215 - load strings/strings.xml
[logs/Android_OnePlus_3T INFO ] 2020-05-10 02:40:55.830 BaseTest:235 - appUrl is/Users/srikanthparvatikar/Downloads/appium-pageobjectmodel-master/target/test-classes/app/Amazon_Shopping.apk
[logs/Android_OnePlus_3T INFO ] 2020-05-10 02:41:09.568 BaseTest:253 - driver initialized: io.appium.java_client.android.AndroidDriver, Capabilities: {app=/Users/srikanthparvatikar/Downloads/appium-pageobjectmodel-master/target/test-classes/app/Amazon_Shopping.apk, appActivity=com.amazon.mShop.splashscreen.StartupActivity, appPackage=com.amazon.mShop.android.shopping, automationName=UiAutomator2, databaseEnabled=false, desired={platformName=android, app=/Users/srikanthparvatikar/Downloads/appium-pageobjectmodel-master/target/test-classes/app/Amazon_Shopping.apk, appActivity=com.amazon.mShop.splashscreen.StartupActivity, appPackage=com.amazon.mShop.android.shopping, automationName=UiAutomator2, deviceName=OnePlus_3T, udid=614a12ef}, deviceApiLevel=28, deviceManufacturer=OnePlus, deviceModel=ONEPLUS A3003, deviceName=614a12ef, deviceScreenDensity=420, deviceScreenSize=1080x1920, deviceUDID=614a12ef, javascriptEnabled=true, locationContextEnabled=false, networkConnectionEnabled=true, pixelRatio=2.625, platform=LINUX, platformName=Android, platformVersion=9, statBarHeight=63, takesScreenshot=true, udid=614a12ef, viewportRect={left=0, top=63, width=1080, height=1857}, warnings={}, webStorageEnabled=false}
[logs/Android_OnePlus_3T INFO ] 2020-05-10 02:41:21.727 LoginTests:55 - 
****** starting test:invalidUserName******

[logs/Android_OnePlus_3T INFO ] 2020-05-10 02:41:28.378 BaseTest:325 - Sign in to your account
[logs/Android_OnePlus_3T ERROR] 2020-05-10 02:41:52.433 TestListener:33 - org.openqa.selenium.TimeoutException: Expected condition failed: waiting for visibility of Located by By.chained({By.id: login_accordion_header}) (tried for 10 second(s) with 500 milliseconds interval)
	at org.openqa.selenium.support.ui.WebDriverWait.timeoutException(WebDriverWait.java:95)
	at org.openqa.selenium.support.ui.FluentWait.until(FluentWait.java:272)
	at com.qa.BaseTest.waitForVisibility(BaseTest.java:269)
	at com.qa.BaseTest.click(BaseTest.java:287)
	at com.qa.pages.Login.LoginUserNamePage.pressLoginRadioBtn(LoginUserNamePage.java:25)
	at com.qa.tests.LoginTests.invalidUserName(LoginTests.java:71)
	at sun.reflect.NativeMethodAccessorImpl.invoke0(Native Method)
	at sun.reflect.NativeMethodAccessorImpl.invoke(NativeMethodAccessorImpl.java:62)
	at sun.reflect.DelegatingMethodAccessorImpl.invoke(DelegatingMethodAccessorImpl.java:43)
	at java.lang.reflect.Method.invoke(Method.java:498)
	at org.testng.internal.MethodInvocationHelper.invokeMethod(MethodInvocationHelper.java:124)
	at org.testng.internal.Invoker.invokeMethod(Invoker.java:583)
	at org.testng.internal.Invoker.invokeTestMethod(Invoker.java:719)
	at org.testng.internal.Invoker.invokeTestMethods(Invoker.java:989)
	at org.testng.internal.TestMethodWorker.invokeTestMethods(TestMethodWorker.java:125)
	at org.testng.internal.TestMethodWorker.run(TestMethodWorker.java:109)
	at org.testng.TestRunner.privateRun(TestRunner.java:648)
	at org.testng.TestRunner.run(TestRunner.java:505)
	at org.testng.SuiteRunner.runTest(SuiteRunner.java:455)
	at org.testng.SuiteRunner.access$000(SuiteRunner.java:40)
	at org.testng.SuiteRunner$SuiteWorker.run(SuiteRunner.java:489)
	at org.testng.internal.thread.ThreadUtil$1.call(ThreadUtil.java:52)
	at java.util.concurrent.FutureTask.run$$$capture(FutureTask.java:266)
	at java.util.concurrent.FutureTask.run(FutureTask.java)
	at java.util.concurrent.ThreadPoolExecutor.runWorker(ThreadPoolExecutor.java:1149)
	at java.util.concurrent.ThreadPoolExecutor$Worker.run(ThreadPoolExecutor.java:624)
	at java.lang.Thread.run(Thread.java:748)
Caused by: org.openqa.selenium.NoSuchElementException: Can't locate an element by this strategy: By.chained({By.id: login_accordion_header})
	at io.appium.java_client.pagefactory.AppiumElementLocator.findElement(AppiumElementLocator.java:126)
	at io.appium.java_client.pagefactory.interceptors.InterceptorOfASingleElement.intercept(InterceptorOfASingleElement.java:59)
	at io.appium.java_client.android.AndroidElement$$EnhancerByCGLIB$$b598166c.isDisplayed(<generated>)
	at org.openqa.selenium.support.ui.ExpectedConditions.elementIfVisible(ExpectedConditions.java:314)
	at org.openqa.selenium.support.ui.ExpectedConditions.access$000(ExpectedConditions.java:43)
	at org.openqa.selenium.support.ui.ExpectedConditions$10.apply(ExpectedConditions.java:300)
	at org.openqa.selenium.support.ui.ExpectedConditions$10.apply(ExpectedConditions.java:297)
	at org.openqa.selenium.support.ui.FluentWait.until(FluentWait.java:249)
	... 25 more
Caused by: org.openqa.selenium.TimeoutException: Expected condition failed: waiting for io.appium.java_client.pagefactory.AppiumElementLocator$WaitingFunction@2a8ad9a5 (tried for 1 second(s) with 500 milliseconds interval)
	at org.openqa.selenium.support.ui.FluentWait.timeoutException(FluentWait.java:304)
	at org.openqa.selenium.support.ui.FluentWait.until(FluentWait.java:272)
	at io.appium.java_client.pagefactory.AppiumElementLocator.waitFor(AppiumElementLocator.java:99)
	at io.appium.java_client.pagefactory.AppiumElementLocator.findElement(AppiumElementLocator.java:119)
	... 32 more
Caused by: org.openqa.selenium.NoSuchElementException: Cannot locate an element using By.chained({By.id: login_accordion_header})
For documentation on this error, please visit: https://www.seleniumhq.org/exceptions/no_such_element.html
Build info: version: '3.141.59', revision: 'e82be7d358', time: '2018-11-14T08:17:03'
System info: host: 'Srikanths-MBP', ip: '2401:4900:2684:8fe1:b5be:c626:69e5:72b6%en0', os.name: 'Mac OS X', os.arch: 'x86_64', os.version: '10.14.6', java.version: '1.8.0_231'
Driver info: driver.version: AndroidDriver
	at io.appium.java_client.pagefactory.bys.builder.ByChained.findElement(ByChained.java:74)
	at org.openqa.selenium.remote.RemoteWebDriver.findElement(RemoteWebDriver.java:315)
	at io.appium.java_client.DefaultGenericMobileDriver.findElement(DefaultGenericMobileDriver.java:57)
	at io.appium.java_client.AppiumDriver.findElement(AppiumDriver.java:1)
	at io.appium.java_client.android.AndroidDriver.findElement(AndroidDriver.java:1)
	at io.appium.java_client.pagefactory.bys.ContentMappedBy.findElement(ContentMappedBy.java:50)
	at org.openqa.selenium.remote.RemoteWebDriver.findElement(RemoteWebDriver.java:315)
	at io.appium.java_client.DefaultGenericMobileDriver.findElement(DefaultGenericMobileDriver.java:57)
	at io.appium.java_client.AppiumDriver.findElement(AppiumDriver.java:1)
	at io.appium.java_client.android.AndroidDriver.findElement(AndroidDriver.java:1)
	at io.appium.java_client.pagefactory.AppiumElementLocator.lambda$0(AppiumElementLocator.java:120)
	at io.appium.java_client.pagefactory.AppiumElementLocator$WaitingFunction.apply(AppiumElementLocator.java:172)
	at io.appium.java_client.pagefactory.AppiumElementLocator$WaitingFunction.apply(AppiumElementLocator.java:1)
	at org.openqa.selenium.support.ui.FluentWait.until(FluentWait.java:249)
	... 34 more

[logs/Android_OnePlus_3T INFO ] 2020-05-10 02:41:54.227 BaseTest:146 - video path: videos/Android_OnePlus_3T/2020-05-10-02-40-55/LoginTests/invalidUserName.mp4
[logs/Android_OnePlus_3T INFO ] 2020-05-10 02:42:56.277 BaseTest:203 - log path: logs/Android_OnePlus_3T
[logs/Android_OnePlus_3T INFO ] 2020-05-10 02:42:56.305 BaseTest:210 - load config.properties
[logs/Android_OnePlus_3T INFO ] 2020-05-10 02:42:56.306 BaseTest:215 - load strings/strings.xml
[logs/Android_OnePlus_3T INFO ] 2020-05-10 02:42:56.310 BaseTest:235 - appUrl is/Users/srikanthparvatikar/Downloads/appium-pageobjectmodel-master/target/test-classes/app/Amazon_Shopping.apk
[logs/Android_OnePlus_3T INFO ] 2020-05-10 02:43:12.019 BaseTest:253 - driver initialized: io.appium.java_client.android.AndroidDriver, Capabilities: {app=/Users/srikanthparvatikar/Downloads/appium-pageobjectmodel-master/target/test-classes/app/Amazon_Shopping.apk, appActivity=com.amazon.mShop.splashscreen.StartupActivity, appPackage=com.amazon.mShop.android.shopping, automationName=UiAutomator2, databaseEnabled=false, desired={platformName=android, app=/Users/srikanthparvatikar/Downloads/appium-pageobjectmodel-master/target/test-classes/app/Amazon_Shopping.apk, appActivity=com.amazon.mShop.splashscreen.StartupActivity, appPackage=com.amazon.mShop.android.shopping, automationName=UiAutomator2, deviceName=OnePlus_3T, udid=614a12ef}, deviceApiLevel=28, deviceManufacturer=OnePlus, deviceModel=ONEPLUS A3003, deviceName=614a12ef, deviceScreenDensity=420, deviceScreenSize=1080x1920, deviceUDID=614a12ef, javascriptEnabled=true, locationContextEnabled=false, networkConnectionEnabled=true, pixelRatio=2.625, platform=LINUX, platformName=Android, platformVersion=9, statBarHeight=63, takesScreenshot=true, udid=614a12ef, viewportRect={left=0, top=63, width=1080, height=1857}, warnings={}, webStorageEnabled=false}
[logs/Android_OnePlus_3T INFO ] 2020-05-10 02:43:12.434 LoginTests:55 - 
****** starting test:invalidUserName******

[logs/Android_OnePlus_3T INFO ] 2020-05-10 02:43:17.378 BaseTest:325 - Sign in to your account
[logs/Android_OnePlus_3T ERROR] 2020-05-10 02:44:04.578 TestListener:33 - org.openqa.selenium.TimeoutException: Expected condition failed: waiting for visibility of Located by By.chained({By.id: ap_email_login}) (tried for 10 second(s) with 500 milliseconds interval)
	at org.openqa.selenium.support.ui.WebDriverWait.timeoutException(WebDriverWait.java:95)
	at org.openqa.selenium.support.ui.FluentWait.until(FluentWait.java:272)
	at com.qa.BaseTest.waitForVisibility(BaseTest.java:269)
	at com.qa.BaseTest.clear(BaseTest.java:282)
	at com.qa.pages.Login.LoginUserNamePage.enterUserName(LoginUserNamePage.java:30)
	at com.qa.tests.LoginTests.invalidUserName(LoginTests.java:72)
	at sun.reflect.NativeMethodAccessorImpl.invoke0(Native Method)
	at sun.reflect.NativeMethodAccessorImpl.invoke(NativeMethodAccessorImpl.java:62)
	at sun.reflect.DelegatingMethodAccessorImpl.invoke(DelegatingMethodAccessorImpl.java:43)
	at java.lang.reflect.Method.invoke(Method.java:498)
	at org.testng.internal.MethodInvocationHelper.invokeMethod(MethodInvocationHelper.java:124)
	at org.testng.internal.Invoker.invokeMethod(Invoker.java:583)
	at org.testng.internal.Invoker.invokeTestMethod(Invoker.java:719)
	at org.testng.internal.Invoker.invokeTestMethods(Invoker.java:989)
	at org.testng.internal.TestMethodWorker.invokeTestMethods(TestMethodWorker.java:125)
	at org.testng.internal.TestMethodWorker.run(TestMethodWorker.java:109)
	at org.testng.TestRunner.privateRun(TestRunner.java:648)
	at org.testng.TestRunner.run(TestRunner.java:505)
	at org.testng.SuiteRunner.runTest(SuiteRunner.java:455)
	at org.testng.SuiteRunner.access$000(SuiteRunner.java:40)
	at org.testng.SuiteRunner$SuiteWorker.run(SuiteRunner.java:489)
	at org.testng.internal.thread.ThreadUtil$1.call(ThreadUtil.java:52)
	at java.util.concurrent.FutureTask.run$$$capture(FutureTask.java:266)
	at java.util.concurrent.FutureTask.run(FutureTask.java)
	at java.util.concurrent.ThreadPoolExecutor.runWorker(ThreadPoolExecutor.java:1149)
	at java.util.concurrent.ThreadPoolExecutor$Worker.run(ThreadPoolExecutor.java:624)
	at java.lang.Thread.run(Thread.java:748)
Caused by: org.openqa.selenium.NoSuchElementException: Can't locate an element by this strategy: By.chained({By.id: ap_email_login})
	at io.appium.java_client.pagefactory.AppiumElementLocator.findElement(AppiumElementLocator.java:126)
	at io.appium.java_client.pagefactory.interceptors.InterceptorOfASingleElement.intercept(InterceptorOfASingleElement.java:59)
	at io.appium.java_client.android.AndroidElement$$EnhancerByCGLIB$$b598166c.isDisplayed(<generated>)
	at org.openqa.selenium.support.ui.ExpectedConditions.elementIfVisible(ExpectedConditions.java:314)
	at org.openqa.selenium.support.ui.ExpectedConditions.access$000(ExpectedConditions.java:43)
	at org.openqa.selenium.support.ui.ExpectedConditions$10.apply(ExpectedConditions.java:300)
	at org.openqa.selenium.support.ui.ExpectedConditions$10.apply(ExpectedConditions.java:297)
	at org.openqa.selenium.support.ui.FluentWait.until(FluentWait.java:249)
	... 25 more
Caused by: org.openqa.selenium.TimeoutException: Expected condition failed: waiting for io.appium.java_client.pagefactory.AppiumElementLocator$WaitingFunction@158319ff (tried for 1 second(s) with 500 milliseconds interval)
	at org.openqa.selenium.support.ui.FluentWait.timeoutException(FluentWait.java:304)
	at org.openqa.selenium.support.ui.FluentWait.until(FluentWait.java:272)
	at io.appium.java_client.pagefactory.AppiumElementLocator.waitFor(AppiumElementLocator.java:99)
	at io.appium.java_client.pagefactory.AppiumElementLocator.findElement(AppiumElementLocator.java:119)
	... 32 more
Caused by: org.openqa.selenium.NoSuchElementException: Cannot locate an element using By.chained({By.id: ap_email_login})
For documentation on this error, please visit: https://www.seleniumhq.org/exceptions/no_such_element.html
Build info: version: '3.141.59', revision: 'e82be7d358', time: '2018-11-14T08:17:03'
System info: host: 'Srikanths-MBP', ip: '2401:4900:2684:8fe1:b5be:c626:69e5:72b6%en0', os.name: 'Mac OS X', os.arch: 'x86_64', os.version: '10.14.6', java.version: '1.8.0_231'
Driver info: driver.version: AndroidDriver
	at io.appium.java_client.pagefactory.bys.builder.ByChained.findElement(ByChained.java:74)
	at org.openqa.selenium.remote.RemoteWebDriver.findElement(RemoteWebDriver.java:315)
	at io.appium.java_client.DefaultGenericMobileDriver.findElement(DefaultGenericMobileDriver.java:57)
	at io.appium.java_client.AppiumDriver.findElement(AppiumDriver.java:1)
	at io.appium.java_client.android.AndroidDriver.findElement(AndroidDriver.java:1)
	at io.appium.java_client.pagefactory.bys.ContentMappedBy.findElement(ContentMappedBy.java:50)
	at org.openqa.selenium.remote.RemoteWebDriver.findElement(RemoteWebDriver.java:315)
	at io.appium.java_client.DefaultGenericMobileDriver.findElement(DefaultGenericMobileDriver.java:57)
	at io.appium.java_client.AppiumDriver.findElement(AppiumDriver.java:1)
	at io.appium.java_client.android.AndroidDriver.findElement(AndroidDriver.java:1)
	at io.appium.java_client.pagefactory.AppiumElementLocator.lambda$0(AppiumElementLocator.java:120)
	at io.appium.java_client.pagefactory.AppiumElementLocator$WaitingFunction.apply(AppiumElementLocator.java:172)
	at io.appium.java_client.pagefactory.AppiumElementLocator$WaitingFunction.apply(AppiumElementLocator.java:1)
	at org.openqa.selenium.support.ui.FluentWait.until(FluentWait.java:249)
	... 34 more

[logs/Android_OnePlus_3T INFO ] 2020-05-10 02:44:09.798 BaseTest:146 - video path: videos/Android_OnePlus_3T/2020-05-10-02-42-55/LoginTests/invalidUserName.mp4
[logs/Android_OnePlus_3T INFO ] 2020-05-10 13:15:09.113 BaseTest:203 - log path: logs/Android_OnePlus_3T
[logs/Android_OnePlus_3T INFO ] 2020-05-10 13:15:09.142 BaseTest:210 - load config.properties
[logs/Android_OnePlus_3T INFO ] 2020-05-10 13:15:09.143 BaseTest:215 - load strings/strings.xml
[logs/Android_OnePlus_3T INFO ] 2020-05-10 13:15:09.149 BaseTest:235 - appUrl is/Users/srikanthparvatikar/Downloads/appium-pageobjectmodel-master/target/test-classes/app/Amazon_Shopping.apk
[logs/Android_OnePlus_3T INFO ] 2020-05-10 13:15:34.236 BaseTest:253 - driver initialized: io.appium.java_client.android.AndroidDriver, Capabilities: {app=/Users/srikanthparvatikar/Downloads/appium-pageobjectmodel-master/target/test-classes/app/Amazon_Shopping.apk, appActivity=com.amazon.mShop.splashscreen.StartupActivity, appPackage=com.amazon.mShop.android.shopping, automationName=UiAutomator2, databaseEnabled=false, desired={platformName=android, app=/Users/srikanthparvatikar/Downloads/appium-pageobjectmodel-master/target/test-classes/app/Amazon_Shopping.apk, appActivity=com.amazon.mShop.splashscreen.StartupActivity, appPackage=com.amazon.mShop.android.shopping, automationName=UiAutomator2, deviceName=OnePlus_3T, udid=614a12ef}, deviceApiLevel=28, deviceManufacturer=OnePlus, deviceModel=ONEPLUS A3003, deviceName=614a12ef, deviceScreenDensity=420, deviceScreenSize=1080x1920, deviceUDID=614a12ef, javascriptEnabled=true, locationContextEnabled=false, networkConnectionEnabled=true, pixelRatio=2.625, platform=LINUX, platformName=Android, platformVersion=9, statBarHeight=63, takesScreenshot=true, udid=614a12ef, viewportRect={left=0, top=63, width=1080, height=1857}, warnings={}, webStorageEnabled=false}
[logs/Android_OnePlus_3T INFO ] 2020-05-10 13:15:34.905 LoginTests:55 - 
****** starting test:invalidUserName******

[logs/Android_OnePlus_3T INFO ] 2020-05-10 13:15:38.939 BaseTest:325 - Sign in to your account
[logs/Android_OnePlus_3T ERROR] 2020-05-10 13:15:40.490 TestListener:33 - org.openqa.selenium.NoSuchElementException: Can't locate an element by this strategy: By.chained({By.id: login_accordion_header})
	at io.appium.java_client.pagefactory.AppiumElementLocator.findElement(AppiumElementLocator.java:126)
	at io.appium.java_client.pagefactory.interceptors.InterceptorOfASingleElement.intercept(InterceptorOfASingleElement.java:59)
	at io.appium.java_client.android.AndroidElement$$EnhancerByCGLIB$$b598166c.isSelected(<generated>)
	at com.qa.pages.Login.LoginUserNamePage.pressLoginRadioBtn(LoginUserNamePage.java:25)
	at com.qa.tests.LoginTests.invalidUserName(LoginTests.java:71)
	at sun.reflect.NativeMethodAccessorImpl.invoke0(Native Method)
	at sun.reflect.NativeMethodAccessorImpl.invoke(NativeMethodAccessorImpl.java:62)
	at sun.reflect.DelegatingMethodAccessorImpl.invoke(DelegatingMethodAccessorImpl.java:43)
	at java.lang.reflect.Method.invoke(Method.java:498)
	at org.testng.internal.MethodInvocationHelper.invokeMethod(MethodInvocationHelper.java:124)
	at org.testng.internal.Invoker.invokeMethod(Invoker.java:583)
	at org.testng.internal.Invoker.invokeTestMethod(Invoker.java:719)
	at org.testng.internal.Invoker.invokeTestMethods(Invoker.java:989)
	at org.testng.internal.TestMethodWorker.invokeTestMethods(TestMethodWorker.java:125)
	at org.testng.internal.TestMethodWorker.run(TestMethodWorker.java:109)
	at org.testng.TestRunner.privateRun(TestRunner.java:648)
	at org.testng.TestRunner.run(TestRunner.java:505)
	at org.testng.SuiteRunner.runTest(SuiteRunner.java:455)
	at org.testng.SuiteRunner.access$000(SuiteRunner.java:40)
	at org.testng.SuiteRunner$SuiteWorker.run(SuiteRunner.java:489)
	at org.testng.internal.thread.ThreadUtil$1.call(ThreadUtil.java:52)
	at java.util.concurrent.FutureTask.run$$$capture(FutureTask.java:266)
	at java.util.concurrent.FutureTask.run(FutureTask.java)
	at java.util.concurrent.ThreadPoolExecutor.runWorker(ThreadPoolExecutor.java:1149)
	at java.util.concurrent.ThreadPoolExecutor$Worker.run(ThreadPoolExecutor.java:624)
	at java.lang.Thread.run(Thread.java:748)
Caused by: org.openqa.selenium.TimeoutException: Expected condition failed: waiting for io.appium.java_client.pagefactory.AppiumElementLocator$WaitingFunction@5b9e1bd2 (tried for 1 second(s) with 500 milliseconds interval)
	at org.openqa.selenium.support.ui.FluentWait.timeoutException(FluentWait.java:304)
	at org.openqa.selenium.support.ui.FluentWait.until(FluentWait.java:272)
	at io.appium.java_client.pagefactory.AppiumElementLocator.waitFor(AppiumElementLocator.java:99)
	at io.appium.java_client.pagefactory.AppiumElementLocator.findElement(AppiumElementLocator.java:119)
	... 25 more
Caused by: org.openqa.selenium.NoSuchElementException: Cannot locate an element using By.chained({By.id: login_accordion_header})
For documentation on this error, please visit: https://www.seleniumhq.org/exceptions/no_such_element.html
Build info: version: '3.141.59', revision: 'e82be7d358', time: '2018-11-14T08:17:03'
System info: host: 'Srikanths-MBP', ip: '2401:4900:26f6:6aca:384c:678f:8ed6:2b01%en0', os.name: 'Mac OS X', os.arch: 'x86_64', os.version: '10.14.6', java.version: '1.8.0_231'
Driver info: driver.version: AndroidDriver
	at io.appium.java_client.pagefactory.bys.builder.ByChained.findElement(ByChained.java:74)
	at org.openqa.selenium.remote.RemoteWebDriver.findElement(RemoteWebDriver.java:315)
	at io.appium.java_client.DefaultGenericMobileDriver.findElement(DefaultGenericMobileDriver.java:57)
	at io.appium.java_client.AppiumDriver.findElement(AppiumDriver.java:1)
	at io.appium.java_client.android.AndroidDriver.findElement(AndroidDriver.java:1)
	at io.appium.java_client.pagefactory.bys.ContentMappedBy.findElement(ContentMappedBy.java:50)
	at org.openqa.selenium.remote.RemoteWebDriver.findElement(RemoteWebDriver.java:315)
	at io.appium.java_client.DefaultGenericMobileDriver.findElement(DefaultGenericMobileDriver.java:57)
	at io.appium.java_client.AppiumDriver.findElement(AppiumDriver.java:1)
	at io.appium.java_client.android.AndroidDriver.findElement(AndroidDriver.java:1)
	at io.appium.java_client.pagefactory.AppiumElementLocator.lambda$0(AppiumElementLocator.java:120)
	at io.appium.java_client.pagefactory.AppiumElementLocator$WaitingFunction.apply(AppiumElementLocator.java:172)
	at io.appium.java_client.pagefactory.AppiumElementLocator$WaitingFunction.apply(AppiumElementLocator.java:1)
	at org.openqa.selenium.support.ui.FluentWait.until(FluentWait.java:249)
	... 27 more

[logs/Android_OnePlus_3T INFO ] 2020-05-10 13:15:42.118 BaseTest:146 - video path: videos/Android_OnePlus_3T/2020-05-10-13-15-08/LoginTests/invalidUserName.mp4
[logs/Android_OnePlus_3T INFO ] 2020-05-10 13:23:07.077 BaseTest:203 - log path: logs/Android_OnePlus_3T
[logs/Android_OnePlus_3T INFO ] 2020-05-10 13:23:07.101 BaseTest:210 - load config.properties
[logs/Android_OnePlus_3T INFO ] 2020-05-10 13:23:07.102 BaseTest:215 - load strings/strings.xml
[logs/Android_OnePlus_3T INFO ] 2020-05-10 13:23:07.106 BaseTest:235 - appUrl is/Users/srikanthparvatikar/Downloads/appium-pageobjectmodel-master/target/test-classes/app/Amazon_Shopping.apk
[logs/Android_OnePlus_3T INFO ] 2020-05-10 13:23:18.378 BaseTest:253 - driver initialized: io.appium.java_client.android.AndroidDriver, Capabilities: {app=/Users/srikanthparvatikar/Downloads/appium-pageobjectmodel-master/target/test-classes/app/Amazon_Shopping.apk, appActivity=com.amazon.mShop.splashscreen.StartupActivity, appPackage=com.amazon.mShop.android.shopping, automationName=UiAutomator2, databaseEnabled=false, desired={platformName=android, app=/Users/srikanthparvatikar/Downloads/appium-pageobjectmodel-master/target/test-classes/app/Amazon_Shopping.apk, appActivity=com.amazon.mShop.splashscreen.StartupActivity, appPackage=com.amazon.mShop.android.shopping, automationName=UiAutomator2, deviceName=OnePlus_3T, udid=614a12ef}, deviceApiLevel=28, deviceManufacturer=OnePlus, deviceModel=ONEPLUS A3003, deviceName=614a12ef, deviceScreenDensity=420, deviceScreenSize=1080x1920, deviceUDID=614a12ef, javascriptEnabled=true, locationContextEnabled=false, networkConnectionEnabled=true, pixelRatio=2.625, platform=LINUX, platformName=Android, platformVersion=9, statBarHeight=63, takesScreenshot=true, udid=614a12ef, viewportRect={left=0, top=63, width=1080, height=1857}, warnings={}, webStorageEnabled=false}
[logs/Android_OnePlus_3T INFO ] 2020-05-10 13:23:18.974 LoginTests:55 - 
****** starting test:invalidUserName******

[logs/Android_OnePlus_3T ERROR] 2020-05-10 13:23:34.832 TestListener:33 - org.openqa.selenium.WebDriverException: org.openqa.selenium.WebDriverException: An unknown server-side error occurred while processing the command. Original error: Timed out after 10000 milliseconds waiting for root AccessibilityNodeInfo
Build info: version: '3.141.59', revision: 'e82be7d358', time: '2018-11-14T08:17:03'
System info: host: 'Srikanths-MBP', ip: '2401:4900:26f6:6aca:384c:678f:8ed6:2b01%en0', os.name: 'Mac OS X', os.arch: 'x86_64', os.version: '10.14.6', java.version: '1.8.0_231'
Driver info: io.appium.java_client.android.AndroidDriver
Capabilities {app: /Users/srikanthparvatikar/D..., appActivity: com.amazon.mShop.splashscre..., appPackage: com.amazon.mShop.android.sh..., automationName: UiAutomator2, databaseEnabled: false, desired: {app: /Users/srikanthparvatikar/D..., appActivity: com.amazon.mShop.splashscre..., appPackage: com.amazon.mShop.android.sh..., automationName: UiAutomator2, deviceName: OnePlus_3T, platformName: android, udid: 614a12ef}, deviceApiLevel: 28, deviceManufacturer: OnePlus, deviceModel: ONEPLUS A3003, deviceName: 614a12ef, deviceScreenDensity: 420, deviceScreenSize: 1080x1920, deviceUDID: 614a12ef, javascriptEnabled: true, locationContextEnabled: false, networkConnectionEnabled: true, pixelRatio: 2.625, platform: LINUX, platformName: Android, platformVersion: 9, statBarHeight: 63, takesScreenshot: true, udid: 614a12ef, viewportRect: {height: 1857, left: 0, top: 63, width: 1080}, warnings: {}, webStorageEnabled: false}
Session ID: d5653ea3-bc42-4c56-8560-b369fb353292
*** Element info: {Using=id, value=signin_to_yourAccount}
	at io.appium.java_client.pagefactory.AppiumElementLocator$WaitingFunction.apply(AppiumElementLocator.java:192)
	at io.appium.java_client.pagefactory.AppiumElementLocator$WaitingFunction.apply(AppiumElementLocator.java:1)
	at org.openqa.selenium.support.ui.FluentWait.until(FluentWait.java:249)
	at io.appium.java_client.pagefactory.AppiumElementLocator.waitFor(AppiumElementLocator.java:99)
	at io.appium.java_client.pagefactory.AppiumElementLocator.findElement(AppiumElementLocator.java:119)
	at io.appium.java_client.pagefactory.interceptors.InterceptorOfASingleElement.intercept(InterceptorOfASingleElement.java:59)
	at io.appium.java_client.android.AndroidElement$$EnhancerByCGLIB$$b598166c.isDisplayed(<generated>)
	at org.openqa.selenium.support.ui.ExpectedConditions.elementIfVisible(ExpectedConditions.java:314)
	at org.openqa.selenium.support.ui.ExpectedConditions.access$000(ExpectedConditions.java:43)
	at org.openqa.selenium.support.ui.ExpectedConditions$10.apply(ExpectedConditions.java:300)
	at org.openqa.selenium.support.ui.ExpectedConditions$10.apply(ExpectedConditions.java:297)
	at org.openqa.selenium.support.ui.FluentWait.until(FluentWait.java:249)
	at com.qa.BaseTest.waitForVisibility(BaseTest.java:269)
	at com.qa.BaseTest.getAttribute(BaseTest.java:311)
	at com.qa.BaseTest.getText(BaseTest.java:319)
	at com.qa.pages.Login.SignInPage.getSignInBarTxt(SignInPage.java:23)
	at com.qa.tests.LoginTests.invalidUserName(LoginTests.java:69)
	at sun.reflect.NativeMethodAccessorImpl.invoke0(Native Method)
	at sun.reflect.NativeMethodAccessorImpl.invoke(NativeMethodAccessorImpl.java:62)
	at sun.reflect.DelegatingMethodAccessorImpl.invoke(DelegatingMethodAccessorImpl.java:43)
	at java.lang.reflect.Method.invoke(Method.java:498)
	at org.testng.internal.MethodInvocationHelper.invokeMethod(MethodInvocationHelper.java:124)
	at org.testng.internal.Invoker.invokeMethod(Invoker.java:583)
	at org.testng.internal.Invoker.invokeTestMethod(Invoker.java:719)
	at org.testng.internal.Invoker.invokeTestMethods(Invoker.java:989)
	at org.testng.internal.TestMethodWorker.invokeTestMethods(TestMethodWorker.java:125)
	at org.testng.internal.TestMethodWorker.run(TestMethodWorker.java:109)
	at org.testng.TestRunner.privateRun(TestRunner.java:648)
	at org.testng.TestRunner.run(TestRunner.java:505)
	at org.testng.SuiteRunner.runTest(SuiteRunner.java:455)
	at org.testng.SuiteRunner.access$000(SuiteRunner.java:40)
	at org.testng.SuiteRunner$SuiteWorker.run(SuiteRunner.java:489)
	at org.testng.internal.thread.ThreadUtil$1.call(ThreadUtil.java:52)
	at java.util.concurrent.FutureTask.run$$$capture(FutureTask.java:266)
	at java.util.concurrent.FutureTask.run(FutureTask.java)
	at java.util.concurrent.ThreadPoolExecutor.runWorker(ThreadPoolExecutor.java:1149)
	at java.util.concurrent.ThreadPoolExecutor$Worker.run(ThreadPoolExecutor.java:624)
	at java.lang.Thread.run(Thread.java:748)
Caused by: org.openqa.selenium.WebDriverException: An unknown server-side error occurred while processing the command. Original error: Timed out after 10000 milliseconds waiting for root AccessibilityNodeInfo
Build info: version: '3.141.59', revision: 'e82be7d358', time: '2018-11-14T08:17:03'
System info: host: 'Srikanths-MBP', ip: '2401:4900:26f6:6aca:384c:678f:8ed6:2b01%en0', os.name: 'Mac OS X', os.arch: 'x86_64', os.version: '10.14.6', java.version: '1.8.0_231'
Driver info: io.appium.java_client.android.AndroidDriver
Capabilities {app: /Users/srikanthparvatikar/D..., appActivity: com.amazon.mShop.splashscre..., appPackage: com.amazon.mShop.android.sh..., automationName: UiAutomator2, databaseEnabled: false, desired: {app: /Users/srikanthparvatikar/D..., appActivity: com.amazon.mShop.splashscre..., appPackage: com.amazon.mShop.android.sh..., automationName: UiAutomator2, deviceName: OnePlus_3T, platformName: android, udid: 614a12ef}, deviceApiLevel: 28, deviceManufacturer: OnePlus, deviceModel: ONEPLUS A3003, deviceName: 614a12ef, deviceScreenDensity: 420, deviceScreenSize: 1080x1920, deviceUDID: 614a12ef, javascriptEnabled: true, locationContextEnabled: false, networkConnectionEnabled: true, pixelRatio: 2.625, platform: LINUX, platformName: Android, platformVersion: 9, statBarHeight: 63, takesScreenshot: true, udid: 614a12ef, viewportRect: {height: 1857, left: 0, top: 63, width: 1080}, warnings: {}, webStorageEnabled: false}
Session ID: d5653ea3-bc42-4c56-8560-b369fb353292
*** Element info: {Using=id, value=signin_to_yourAccount}
	at sun.reflect.NativeConstructorAccessorImpl.newInstance0(Native Method)
	at sun.reflect.NativeConstructorAccessorImpl.newInstance(NativeConstructorAccessorImpl.java:62)
	at sun.reflect.DelegatingConstructorAccessorImpl.newInstance(DelegatingConstructorAccessorImpl.java:45)
	at java.lang.reflect.Constructor.newInstance(Constructor.java:423)
	at org.openqa.selenium.remote.http.W3CHttpResponseCodec.createException(W3CHttpResponseCodec.java:187)
	at org.openqa.selenium.remote.http.W3CHttpResponseCodec.decode(W3CHttpResponseCodec.java:122)
	at org.openqa.selenium.remote.http.W3CHttpResponseCodec.decode(W3CHttpResponseCodec.java:49)
	at org.openqa.selenium.remote.HttpCommandExecutor.execute(HttpCommandExecutor.java:158)
	at io.appium.java_client.remote.AppiumCommandExecutor.execute(AppiumCommandExecutor.java:239)
	at org.openqa.selenium.remote.RemoteWebDriver.execute(RemoteWebDriver.java:552)
	at io.appium.java_client.DefaultGenericMobileDriver.execute(DefaultGenericMobileDriver.java:41)
	at io.appium.java_client.AppiumDriver.execute(AppiumDriver.java:1)
	at io.appium.java_client.android.AndroidDriver.execute(AndroidDriver.java:1)
	at org.openqa.selenium.remote.RemoteWebDriver.findElement(RemoteWebDriver.java:323)
	at io.appium.java_client.DefaultGenericMobileDriver.findElement(DefaultGenericMobileDriver.java:61)
	at io.appium.java_client.AppiumDriver.findElement(AppiumDriver.java:1)
	at io.appium.java_client.android.AndroidDriver.findElement(AndroidDriver.java:1)
	at org.openqa.selenium.remote.RemoteWebDriver.findElementById(RemoteWebDriver.java:372)
	at io.appium.java_client.DefaultGenericMobileDriver.findElementById(DefaultGenericMobileDriver.java:69)
	at io.appium.java_client.AppiumDriver.findElementById(AppiumDriver.java:1)
	at io.appium.java_client.android.AndroidDriver.findElementById(AndroidDriver.java:1)
	at org.openqa.selenium.By$ById.findElement(By.java:188)
	at org.openqa.selenium.remote.RemoteWebDriver.findElement(RemoteWebDriver.java:315)
	at io.appium.java_client.DefaultGenericMobileDriver.findElement(DefaultGenericMobileDriver.java:57)
	at io.appium.java_client.AppiumDriver.findElement(AppiumDriver.java:1)
	at io.appium.java_client.android.AndroidDriver.findElement(AndroidDriver.java:1)
	at io.appium.java_client.pagefactory.bys.builder.ByChained.lambda$0(ByChained.java:38)
	at org.openqa.selenium.support.ui.FluentWait.until(FluentWait.java:249)
	at io.appium.java_client.pagefactory.bys.builder.ByChained.findElement(ByChained.java:72)
	at org.openqa.selenium.remote.RemoteWebDriver.findElement(RemoteWebDriver.java:315)
	at io.appium.java_client.DefaultGenericMobileDriver.findElement(DefaultGenericMobileDriver.java:57)
	at io.appium.java_client.AppiumDriver.findElement(AppiumDriver.java:1)
	at io.appium.java_client.android.AndroidDriver.findElement(AndroidDriver.java:1)
	at io.appium.java_client.pagefactory.bys.ContentMappedBy.findElement(ContentMappedBy.java:50)
	at org.openqa.selenium.remote.RemoteWebDriver.findElement(RemoteWebDriver.java:315)
	at io.appium.java_client.DefaultGenericMobileDriver.findElement(DefaultGenericMobileDriver.java:57)
	at io.appium.java_client.AppiumDriver.findElement(AppiumDriver.java:1)
	at io.appium.java_client.android.AndroidDriver.findElement(AndroidDriver.java:1)
	at io.appium.java_client.pagefactory.AppiumElementLocator.lambda$0(AppiumElementLocator.java:120)
	at io.appium.java_client.pagefactory.AppiumElementLocator$WaitingFunction.apply(AppiumElementLocator.java:172)
	... 37 more

[logs/Android_OnePlus_3T INFO ] 2020-05-10 13:23:36.583 BaseTest:146 - video path: videos/Android_OnePlus_3T/2020-05-10-13-23-06/LoginTests/invalidUserName.mp4
[logs/Android_OnePlus_3T INFO ] 2020-05-10 13:24:04.821 BaseTest:203 - log path: logs/Android_OnePlus_3T
[logs/Android_OnePlus_3T INFO ] 2020-05-10 13:24:04.844 BaseTest:210 - load config.properties
[logs/Android_OnePlus_3T INFO ] 2020-05-10 13:24:04.844 BaseTest:215 - load strings/strings.xml
[logs/Android_OnePlus_3T INFO ] 2020-05-10 13:24:04.848 BaseTest:235 - appUrl is/Users/srikanthparvatikar/Downloads/appium-pageobjectmodel-master/target/test-classes/app/Amazon_Shopping.apk
[logs/Android_OnePlus_3T INFO ] 2020-05-10 13:24:16.743 BaseTest:253 - driver initialized: io.appium.java_client.android.AndroidDriver, Capabilities: {app=/Users/srikanthparvatikar/Downloads/appium-pageobjectmodel-master/target/test-classes/app/Amazon_Shopping.apk, appActivity=com.amazon.mShop.splashscreen.StartupActivity, appPackage=com.amazon.mShop.android.shopping, automationName=UiAutomator2, databaseEnabled=false, desired={platformName=android, app=/Users/srikanthparvatikar/Downloads/appium-pageobjectmodel-master/target/test-classes/app/Amazon_Shopping.apk, appActivity=com.amazon.mShop.splashscreen.StartupActivity, appPackage=com.amazon.mShop.android.shopping, automationName=UiAutomator2, deviceName=OnePlus_3T, udid=614a12ef}, deviceApiLevel=28, deviceManufacturer=OnePlus, deviceModel=ONEPLUS A3003, deviceName=614a12ef, deviceScreenDensity=420, deviceScreenSize=1080x1920, deviceUDID=614a12ef, javascriptEnabled=true, locationContextEnabled=false, networkConnectionEnabled=true, pixelRatio=2.625, platform=LINUX, platformName=Android, platformVersion=9, statBarHeight=63, takesScreenshot=true, udid=614a12ef, viewportRect={left=0, top=63, width=1080, height=1857}, warnings={}, webStorageEnabled=false}
[logs/Android_OnePlus_3T INFO ] 2020-05-10 13:24:17.362 LoginTests:55 - 
****** starting test:invalidUserName******

[logs/Android_OnePlus_3T INFO ] 2020-05-10 13:24:25.524 BaseTest:325 - Sign in to your account
[logs/Android_OnePlus_3T ERROR] 2020-05-10 13:24:27.732 TestListener:33 - org.openqa.selenium.NoSuchElementException: Can't locate an element by this strategy: By.chained({By.xpath: //android.view.View[@id='login_accordion_header']})
	at io.appium.java_client.pagefactory.AppiumElementLocator.findElement(AppiumElementLocator.java:126)
	at io.appium.java_client.pagefactory.interceptors.InterceptorOfASingleElement.intercept(InterceptorOfASingleElement.java:59)
	at io.appium.java_client.android.AndroidElement$$EnhancerByCGLIB$$b598166c.isSelected(<generated>)
	at com.qa.pages.Login.LoginUserNamePage.pressLoginRadioBtn(LoginUserNamePage.java:25)
	at com.qa.tests.LoginTests.invalidUserName(LoginTests.java:71)
	at sun.reflect.NativeMethodAccessorImpl.invoke0(Native Method)
	at sun.reflect.NativeMethodAccessorImpl.invoke(NativeMethodAccessorImpl.java:62)
	at sun.reflect.DelegatingMethodAccessorImpl.invoke(DelegatingMethodAccessorImpl.java:43)
	at java.lang.reflect.Method.invoke(Method.java:498)
	at org.testng.internal.MethodInvocationHelper.invokeMethod(MethodInvocationHelper.java:124)
	at org.testng.internal.Invoker.invokeMethod(Invoker.java:583)
	at org.testng.internal.Invoker.invokeTestMethod(Invoker.java:719)
	at org.testng.internal.Invoker.invokeTestMethods(Invoker.java:989)
	at org.testng.internal.TestMethodWorker.invokeTestMethods(TestMethodWorker.java:125)
	at org.testng.internal.TestMethodWorker.run(TestMethodWorker.java:109)
	at org.testng.TestRunner.privateRun(TestRunner.java:648)
	at org.testng.TestRunner.run(TestRunner.java:505)
	at org.testng.SuiteRunner.runTest(SuiteRunner.java:455)
	at org.testng.SuiteRunner.access$000(SuiteRunner.java:40)
	at org.testng.SuiteRunner$SuiteWorker.run(SuiteRunner.java:489)
	at org.testng.internal.thread.ThreadUtil$1.call(ThreadUtil.java:52)
	at java.util.concurrent.FutureTask.run(FutureTask.java:266)
	at java.util.concurrent.ThreadPoolExecutor.runWorker(ThreadPoolExecutor.java:1149)
	at java.util.concurrent.ThreadPoolExecutor$Worker.run(ThreadPoolExecutor.java:624)
	at java.lang.Thread.run(Thread.java:748)
Caused by: org.openqa.selenium.TimeoutException: Expected condition failed: waiting for io.appium.java_client.pagefactory.AppiumElementLocator$WaitingFunction@13aae748 (tried for 1 second(s) with 500 milliseconds interval)
	at org.openqa.selenium.support.ui.FluentWait.timeoutException(FluentWait.java:304)
	at org.openqa.selenium.support.ui.FluentWait.until(FluentWait.java:272)
	at io.appium.java_client.pagefactory.AppiumElementLocator.waitFor(AppiumElementLocator.java:99)
	at io.appium.java_client.pagefactory.AppiumElementLocator.findElement(AppiumElementLocator.java:119)
	... 24 more
Caused by: org.openqa.selenium.NoSuchElementException: Cannot locate an element using By.chained({By.xpath: //android.view.View[@id='login_accordion_header']})
For documentation on this error, please visit: https://www.seleniumhq.org/exceptions/no_such_element.html
Build info: version: '3.141.59', revision: 'e82be7d358', time: '2018-11-14T08:17:03'
System info: host: 'Srikanths-MBP', ip: '2401:4900:26f6:6aca:384c:678f:8ed6:2b01%en0', os.name: 'Mac OS X', os.arch: 'x86_64', os.version: '10.14.6', java.version: '1.8.0_231'
Driver info: driver.version: AndroidDriver
	at io.appium.java_client.pagefactory.bys.builder.ByChained.findElement(ByChained.java:74)
	at org.openqa.selenium.remote.RemoteWebDriver.findElement(RemoteWebDriver.java:315)
	at io.appium.java_client.DefaultGenericMobileDriver.findElement(DefaultGenericMobileDriver.java:57)
	at io.appium.java_client.AppiumDriver.findElement(AppiumDriver.java:1)
	at io.appium.java_client.android.AndroidDriver.findElement(AndroidDriver.java:1)
	at io.appium.java_client.pagefactory.bys.ContentMappedBy.findElement(ContentMappedBy.java:50)
	at org.openqa.selenium.remote.RemoteWebDriver.findElement(RemoteWebDriver.java:315)
	at io.appium.java_client.DefaultGenericMobileDriver.findElement(DefaultGenericMobileDriver.java:57)
	at io.appium.java_client.AppiumDriver.findElement(AppiumDriver.java:1)
	at io.appium.java_client.android.AndroidDriver.findElement(AndroidDriver.java:1)
	at io.appium.java_client.pagefactory.AppiumElementLocator.lambda$0(AppiumElementLocator.java:120)
	at io.appium.java_client.pagefactory.AppiumElementLocator$WaitingFunction.apply(AppiumElementLocator.java:172)
	at io.appium.java_client.pagefactory.AppiumElementLocator$WaitingFunction.apply(AppiumElementLocator.java:1)
	at org.openqa.selenium.support.ui.FluentWait.until(FluentWait.java:249)
	... 26 more

[logs/Android_OnePlus_3T INFO ] 2020-05-10 13:24:29.515 BaseTest:146 - video path: videos/Android_OnePlus_3T/2020-05-10-13-24-04/LoginTests/invalidUserName.mp4
[logs/Android_OnePlus_3T INFO ] 2020-05-10 13:26:27.186 BaseTest:203 - log path: logs/Android_OnePlus_3T
[logs/Android_OnePlus_3T INFO ] 2020-05-10 13:26:27.216 BaseTest:210 - load config.properties
[logs/Android_OnePlus_3T INFO ] 2020-05-10 13:26:27.217 BaseTest:215 - load strings/strings.xml
[logs/Android_OnePlus_3T INFO ] 2020-05-10 13:26:27.221 BaseTest:235 - appUrl is/Users/srikanthparvatikar/Downloads/appium-pageobjectmodel-master/target/test-classes/app/Amazon_Shopping.apk
[logs/Android_OnePlus_3T INFO ] 2020-05-10 13:26:37.492 BaseTest:253 - driver initialized: io.appium.java_client.android.AndroidDriver, Capabilities: {app=/Users/srikanthparvatikar/Downloads/appium-pageobjectmodel-master/target/test-classes/app/Amazon_Shopping.apk, appActivity=com.amazon.mShop.splashscreen.StartupActivity, appPackage=com.amazon.mShop.android.shopping, automationName=UiAutomator2, databaseEnabled=false, desired={platformName=android, app=/Users/srikanthparvatikar/Downloads/appium-pageobjectmodel-master/target/test-classes/app/Amazon_Shopping.apk, appActivity=com.amazon.mShop.splashscreen.StartupActivity, appPackage=com.amazon.mShop.android.shopping, automationName=UiAutomator2, deviceName=OnePlus_3T, udid=614a12ef}, deviceApiLevel=28, deviceManufacturer=OnePlus, deviceModel=ONEPLUS A3003, deviceName=614a12ef, deviceScreenDensity=420, deviceScreenSize=1080x1920, deviceUDID=614a12ef, javascriptEnabled=true, locationContextEnabled=false, networkConnectionEnabled=true, pixelRatio=2.625, platform=LINUX, platformName=Android, platformVersion=9, statBarHeight=63, takesScreenshot=true, udid=614a12ef, viewportRect={left=0, top=63, width=1080, height=1857}, warnings={}, webStorageEnabled=false}
[logs/Android_OnePlus_3T INFO ] 2020-05-10 13:26:38.029 LoginTests:55 - 
****** starting test:invalidUserName******

[logs/Android_OnePlus_3T INFO ] 2020-05-10 13:26:46.085 BaseTest:325 - Sign in to your account
[logs/Android_OnePlus_3T INFO ] 2020-05-10 13:27:44.901 BaseTest:203 - log path: logs/Android_OnePlus_3T
[logs/Android_OnePlus_3T INFO ] 2020-05-10 13:27:44.929 BaseTest:210 - load config.properties
[logs/Android_OnePlus_3T INFO ] 2020-05-10 13:27:44.930 BaseTest:215 - load strings/strings.xml
[logs/Android_OnePlus_3T INFO ] 2020-05-10 13:27:44.934 BaseTest:235 - appUrl is/Users/srikanthparvatikar/Downloads/appium-pageobjectmodel-master/target/test-classes/app/Amazon_Shopping.apk
[logs/Android_OnePlus_3T INFO ] 2020-05-10 13:27:56.561 BaseTest:253 - driver initialized: io.appium.java_client.android.AndroidDriver, Capabilities: {app=/Users/srikanthparvatikar/Downloads/appium-pageobjectmodel-master/target/test-classes/app/Amazon_Shopping.apk, appActivity=com.amazon.mShop.splashscreen.StartupActivity, appPackage=com.amazon.mShop.android.shopping, automationName=UiAutomator2, databaseEnabled=false, desired={platformName=android, app=/Users/srikanthparvatikar/Downloads/appium-pageobjectmodel-master/target/test-classes/app/Amazon_Shopping.apk, appActivity=com.amazon.mShop.splashscreen.StartupActivity, appPackage=com.amazon.mShop.android.shopping, automationName=UiAutomator2, deviceName=OnePlus_3T, udid=614a12ef}, deviceApiLevel=28, deviceManufacturer=OnePlus, deviceModel=ONEPLUS A3003, deviceName=614a12ef, deviceScreenDensity=420, deviceScreenSize=1080x1920, deviceUDID=614a12ef, javascriptEnabled=true, locationContextEnabled=false, networkConnectionEnabled=true, pixelRatio=2.625, platform=LINUX, platformName=Android, platformVersion=9, statBarHeight=63, takesScreenshot=true, udid=614a12ef, viewportRect={left=0, top=63, width=1080, height=1857}, warnings={}, webStorageEnabled=false}
[logs/Android_OnePlus_3T INFO ] 2020-05-10 13:28:07.781 LoginTests:55 - 
****** starting test:invalidUserName******

[logs/Android_OnePlus_3T INFO ] 2020-05-10 13:28:08.738 BaseTest:325 - Sign in to your account
[logs/Android_OnePlus_3T ERROR] 2020-05-10 13:29:07.052 TestListener:33 - org.openqa.selenium.TimeoutException: Expected condition failed: waiting for visibility of Located by By.chained({By.id: ap_email_login}) (tried for 10 second(s) with 500 milliseconds interval)
	at org.openqa.selenium.support.ui.WebDriverWait.timeoutException(WebDriverWait.java:95)
	at org.openqa.selenium.support.ui.FluentWait.until(FluentWait.java:272)
	at com.qa.BaseTest.waitForVisibility(BaseTest.java:269)
	at com.qa.BaseTest.clear(BaseTest.java:282)
	at com.qa.pages.Login.LoginUserNamePage.enterUserName(LoginUserNamePage.java:32)
	at com.qa.tests.LoginTests.invalidUserName(LoginTests.java:72)
	at sun.reflect.NativeMethodAccessorImpl.invoke0(Native Method)
	at sun.reflect.NativeMethodAccessorImpl.invoke(NativeMethodAccessorImpl.java:62)
	at sun.reflect.DelegatingMethodAccessorImpl.invoke(DelegatingMethodAccessorImpl.java:43)
	at java.lang.reflect.Method.invoke(Method.java:498)
	at org.testng.internal.MethodInvocationHelper.invokeMethod(MethodInvocationHelper.java:124)
	at org.testng.internal.Invoker.invokeMethod(Invoker.java:583)
	at org.testng.internal.Invoker.invokeTestMethod(Invoker.java:719)
	at org.testng.internal.Invoker.invokeTestMethods(Invoker.java:989)
	at org.testng.internal.TestMethodWorker.invokeTestMethods(TestMethodWorker.java:125)
	at org.testng.internal.TestMethodWorker.run(TestMethodWorker.java:109)
	at org.testng.TestRunner.privateRun(TestRunner.java:648)
	at org.testng.TestRunner.run(TestRunner.java:505)
	at org.testng.SuiteRunner.runTest(SuiteRunner.java:455)
	at org.testng.SuiteRunner.access$000(SuiteRunner.java:40)
	at org.testng.SuiteRunner$SuiteWorker.run(SuiteRunner.java:489)
	at org.testng.internal.thread.ThreadUtil$1.call(ThreadUtil.java:52)
	at java.util.concurrent.FutureTask.run$$$capture(FutureTask.java:266)
	at java.util.concurrent.FutureTask.run(FutureTask.java)
	at java.util.concurrent.ThreadPoolExecutor.runWorker(ThreadPoolExecutor.java:1149)
	at java.util.concurrent.ThreadPoolExecutor$Worker.run(ThreadPoolExecutor.java:624)
	at java.lang.Thread.run(Thread.java:748)
Caused by: org.openqa.selenium.NoSuchElementException: Can't locate an element by this strategy: By.chained({By.id: ap_email_login})
	at io.appium.java_client.pagefactory.AppiumElementLocator.findElement(AppiumElementLocator.java:126)
	at io.appium.java_client.pagefactory.interceptors.InterceptorOfASingleElement.intercept(InterceptorOfASingleElement.java:59)
	at io.appium.java_client.android.AndroidElement$$EnhancerByCGLIB$$b598166c.isDisplayed(<generated>)
	at org.openqa.selenium.support.ui.ExpectedConditions.elementIfVisible(ExpectedConditions.java:314)
	at org.openqa.selenium.support.ui.ExpectedConditions.access$000(ExpectedConditions.java:43)
	at org.openqa.selenium.support.ui.ExpectedConditions$10.apply(ExpectedConditions.java:300)
	at org.openqa.selenium.support.ui.ExpectedConditions$10.apply(ExpectedConditions.java:297)
	at org.openqa.selenium.support.ui.FluentWait.until(FluentWait.java:249)
	... 25 more
Caused by: org.openqa.selenium.TimeoutException: Expected condition failed: waiting for io.appium.java_client.pagefactory.AppiumElementLocator$WaitingFunction@a165275 (tried for 1 second(s) with 500 milliseconds interval)
	at org.openqa.selenium.support.ui.FluentWait.timeoutException(FluentWait.java:304)
	at org.openqa.selenium.support.ui.FluentWait.until(FluentWait.java:272)
	at io.appium.java_client.pagefactory.AppiumElementLocator.waitFor(AppiumElementLocator.java:99)
	at io.appium.java_client.pagefactory.AppiumElementLocator.findElement(AppiumElementLocator.java:119)
	... 32 more
Caused by: org.openqa.selenium.NoSuchElementException: Cannot locate an element using By.chained({By.id: ap_email_login})
For documentation on this error, please visit: https://www.seleniumhq.org/exceptions/no_such_element.html
Build info: version: '3.141.59', revision: 'e82be7d358', time: '2018-11-14T08:17:03'
System info: host: 'Srikanths-MBP', ip: '2401:4900:26f6:6aca:384c:678f:8ed6:2b01%en0', os.name: 'Mac OS X', os.arch: 'x86_64', os.version: '10.14.6', java.version: '1.8.0_231'
Driver info: driver.version: AndroidDriver
	at io.appium.java_client.pagefactory.bys.builder.ByChained.findElement(ByChained.java:74)
	at org.openqa.selenium.remote.RemoteWebDriver.findElement(RemoteWebDriver.java:315)
	at io.appium.java_client.DefaultGenericMobileDriver.findElement(DefaultGenericMobileDriver.java:57)
	at io.appium.java_client.AppiumDriver.findElement(AppiumDriver.java:1)
	at io.appium.java_client.android.AndroidDriver.findElement(AndroidDriver.java:1)
	at io.appium.java_client.pagefactory.bys.ContentMappedBy.findElement(ContentMappedBy.java:50)
	at org.openqa.selenium.remote.RemoteWebDriver.findElement(RemoteWebDriver.java:315)
	at io.appium.java_client.DefaultGenericMobileDriver.findElement(DefaultGenericMobileDriver.java:57)
	at io.appium.java_client.AppiumDriver.findElement(AppiumDriver.java:1)
	at io.appium.java_client.android.AndroidDriver.findElement(AndroidDriver.java:1)
	at io.appium.java_client.pagefactory.AppiumElementLocator.lambda$0(AppiumElementLocator.java:120)
	at io.appium.java_client.pagefactory.AppiumElementLocator$WaitingFunction.apply(AppiumElementLocator.java:172)
	at io.appium.java_client.pagefactory.AppiumElementLocator$WaitingFunction.apply(AppiumElementLocator.java:1)
	at org.openqa.selenium.support.ui.FluentWait.until(FluentWait.java:249)
	... 34 more

[logs/Android_OnePlus_3T INFO ] 2020-05-10 13:29:08.761 BaseTest:146 - video path: videos/Android_OnePlus_3T/2020-05-10-13-27-44/LoginTests/invalidUserName.mp4
[logs/Android_OnePlus_3T INFO ] 2020-05-10 13:29:25.238 BaseTest:203 - log path: logs/Android_OnePlus_3T
[logs/Android_OnePlus_3T INFO ] 2020-05-10 13:29:25.267 BaseTest:210 - load config.properties
[logs/Android_OnePlus_3T INFO ] 2020-05-10 13:29:25.267 BaseTest:215 - load strings/strings.xml
[logs/Android_OnePlus_3T INFO ] 2020-05-10 13:29:25.272 BaseTest:235 - appUrl is/Users/srikanthparvatikar/Downloads/appium-pageobjectmodel-master/target/test-classes/app/Amazon_Shopping.apk
[logs/Android_OnePlus_3T INFO ] 2020-05-10 13:29:37.800 BaseTest:253 - driver initialized: io.appium.java_client.android.AndroidDriver, Capabilities: {app=/Users/srikanthparvatikar/Downloads/appium-pageobjectmodel-master/target/test-classes/app/Amazon_Shopping.apk, appActivity=com.amazon.mShop.splashscreen.StartupActivity, appPackage=com.amazon.mShop.android.shopping, automationName=UiAutomator2, databaseEnabled=false, desired={platformName=android, app=/Users/srikanthparvatikar/Downloads/appium-pageobjectmodel-master/target/test-classes/app/Amazon_Shopping.apk, appActivity=com.amazon.mShop.splashscreen.StartupActivity, appPackage=com.amazon.mShop.android.shopping, automationName=UiAutomator2, deviceName=OnePlus_3T, udid=614a12ef}, deviceApiLevel=28, deviceManufacturer=OnePlus, deviceModel=ONEPLUS A3003, deviceName=614a12ef, deviceScreenDensity=420, deviceScreenSize=1080x1920, deviceUDID=614a12ef, javascriptEnabled=true, locationContextEnabled=false, networkConnectionEnabled=true, pixelRatio=2.625, platform=LINUX, platformName=Android, platformVersion=9, statBarHeight=63, takesScreenshot=true, udid=614a12ef, viewportRect={left=0, top=63, width=1080, height=1857}, warnings={}, webStorageEnabled=false}
[logs/Android_OnePlus_3T INFO ] 2020-05-10 13:29:38.450 LoginTests:55 - 
****** starting test:invalidUserName******

[logs/Android_OnePlus_3T INFO ] 2020-05-10 13:29:42.949 BaseTest:325 - Sign in to your account
[logs/Android_OnePlus_3T ERROR] 2020-05-10 13:29:57.602 TestListener:33 - org.openqa.selenium.NoSuchElementException: Can't locate an element by this strategy: By.chained({By.xpath: //*[@class='android.widget.RadioButton'][2]})
	at io.appium.java_client.pagefactory.AppiumElementLocator.findElement(AppiumElementLocator.java:126)
	at io.appium.java_client.pagefactory.interceptors.InterceptorOfASingleElement.intercept(InterceptorOfASingleElement.java:59)
	at io.appium.java_client.android.AndroidElement$$EnhancerByCGLIB$$b598166c.isSelected(<generated>)
	at com.qa.pages.Login.LoginUserNamePage.pressLoginRadioBtn(LoginUserNamePage.java:25)
	at com.qa.tests.LoginTests.invalidUserName(LoginTests.java:71)
	at sun.reflect.NativeMethodAccessorImpl.invoke0(Native Method)
	at sun.reflect.NativeMethodAccessorImpl.invoke(NativeMethodAccessorImpl.java:62)
	at sun.reflect.DelegatingMethodAccessorImpl.invoke(DelegatingMethodAccessorImpl.java:43)
	at java.lang.reflect.Method.invoke(Method.java:498)
	at org.testng.internal.MethodInvocationHelper.invokeMethod(MethodInvocationHelper.java:124)
	at org.testng.internal.Invoker.invokeMethod(Invoker.java:583)
	at org.testng.internal.Invoker.invokeTestMethod(Invoker.java:719)
	at org.testng.internal.Invoker.invokeTestMethods(Invoker.java:989)
	at org.testng.internal.TestMethodWorker.invokeTestMethods(TestMethodWorker.java:125)
	at org.testng.internal.TestMethodWorker.run(TestMethodWorker.java:109)
	at org.testng.TestRunner.privateRun(TestRunner.java:648)
	at org.testng.TestRunner.run(TestRunner.java:505)
	at org.testng.SuiteRunner.runTest(SuiteRunner.java:455)
	at org.testng.SuiteRunner.access$000(SuiteRunner.java:40)
	at org.testng.SuiteRunner$SuiteWorker.run(SuiteRunner.java:489)
	at org.testng.internal.thread.ThreadUtil$1.call(ThreadUtil.java:52)
	at java.util.concurrent.FutureTask.run$$$capture(FutureTask.java:266)
	at java.util.concurrent.FutureTask.run(FutureTask.java)
	at java.util.concurrent.ThreadPoolExecutor.runWorker(ThreadPoolExecutor.java:1149)
	at java.util.concurrent.ThreadPoolExecutor$Worker.run(ThreadPoolExecutor.java:624)
	at java.lang.Thread.run(Thread.java:748)
Caused by: org.openqa.selenium.TimeoutException: Expected condition failed: waiting for io.appium.java_client.pagefactory.AppiumElementLocator$WaitingFunction@6f401745 (tried for 1 second(s) with 500 milliseconds interval)
	at org.openqa.selenium.support.ui.FluentWait.timeoutException(FluentWait.java:304)
	at org.openqa.selenium.support.ui.FluentWait.until(FluentWait.java:272)
	at io.appium.java_client.pagefactory.AppiumElementLocator.waitFor(AppiumElementLocator.java:99)
	at io.appium.java_client.pagefactory.AppiumElementLocator.findElement(AppiumElementLocator.java:119)
	... 25 more
Caused by: org.openqa.selenium.NoSuchElementException: Cannot locate an element using By.chained({By.xpath: //*[@class='android.widget.RadioButton'][2]})
For documentation on this error, please visit: https://www.seleniumhq.org/exceptions/no_such_element.html
Build info: version: '3.141.59', revision: 'e82be7d358', time: '2018-11-14T08:17:03'
System info: host: 'Srikanths-MBP', ip: '2401:4900:26f6:6aca:384c:678f:8ed6:2b01%en0', os.name: 'Mac OS X', os.arch: 'x86_64', os.version: '10.14.6', java.version: '1.8.0_231'
Driver info: driver.version: AndroidDriver
	at io.appium.java_client.pagefactory.bys.builder.ByChained.findElement(ByChained.java:74)
	at org.openqa.selenium.remote.RemoteWebDriver.findElement(RemoteWebDriver.java:315)
	at io.appium.java_client.DefaultGenericMobileDriver.findElement(DefaultGenericMobileDriver.java:57)
	at io.appium.java_client.AppiumDriver.findElement(AppiumDriver.java:1)
	at io.appium.java_client.android.AndroidDriver.findElement(AndroidDriver.java:1)
	at io.appium.java_client.pagefactory.bys.ContentMappedBy.findElement(ContentMappedBy.java:50)
	at org.openqa.selenium.remote.RemoteWebDriver.findElement(RemoteWebDriver.java:315)
	at io.appium.java_client.DefaultGenericMobileDriver.findElement(DefaultGenericMobileDriver.java:57)
	at io.appium.java_client.AppiumDriver.findElement(AppiumDriver.java:1)
	at io.appium.java_client.android.AndroidDriver.findElement(AndroidDriver.java:1)
	at io.appium.java_client.pagefactory.AppiumElementLocator.lambda$0(AppiumElementLocator.java:120)
	at io.appium.java_client.pagefactory.AppiumElementLocator$WaitingFunction.apply(AppiumElementLocator.java:172)
	at io.appium.java_client.pagefactory.AppiumElementLocator$WaitingFunction.apply(AppiumElementLocator.java:1)
	at org.openqa.selenium.support.ui.FluentWait.until(FluentWait.java:249)
	... 27 more

[logs/Android_OnePlus_3T INFO ] 2020-05-10 13:29:59.472 BaseTest:146 - video path: videos/Android_OnePlus_3T/2020-05-10-13-29-24/LoginTests/invalidUserName.mp4
[logs/Android_OnePlus_3T INFO ] 2020-05-10 13:31:41.904 BaseTest:203 - log path: logs/Android_OnePlus_3T
[logs/Android_OnePlus_3T INFO ] 2020-05-10 13:31:41.933 BaseTest:210 - load config.properties
[logs/Android_OnePlus_3T INFO ] 2020-05-10 13:31:41.933 BaseTest:215 - load strings/strings.xml
[logs/Android_OnePlus_3T INFO ] 2020-05-10 13:31:41.938 BaseTest:235 - appUrl is/Users/srikanthparvatikar/Downloads/appium-pageobjectmodel-master/target/test-classes/app/Amazon_Shopping.apk
[logs/Android_OnePlus_3T INFO ] 2020-05-10 13:31:52.193 BaseTest:253 - driver initialized: io.appium.java_client.android.AndroidDriver, Capabilities: {app=/Users/srikanthparvatikar/Downloads/appium-pageobjectmodel-master/target/test-classes/app/Amazon_Shopping.apk, appActivity=com.amazon.mShop.splashscreen.StartupActivity, appPackage=com.amazon.mShop.android.shopping, automationName=UiAutomator2, databaseEnabled=false, desired={platformName=android, app=/Users/srikanthparvatikar/Downloads/appium-pageobjectmodel-master/target/test-classes/app/Amazon_Shopping.apk, appActivity=com.amazon.mShop.splashscreen.StartupActivity, appPackage=com.amazon.mShop.android.shopping, automationName=UiAutomator2, deviceName=OnePlus_3T, udid=614a12ef}, deviceApiLevel=28, deviceManufacturer=OnePlus, deviceModel=ONEPLUS A3003, deviceName=614a12ef, deviceScreenDensity=420, deviceScreenSize=1080x1920, deviceUDID=614a12ef, javascriptEnabled=true, locationContextEnabled=false, networkConnectionEnabled=true, pixelRatio=2.625, platform=LINUX, platformName=Android, platformVersion=9, statBarHeight=63, takesScreenshot=true, udid=614a12ef, viewportRect={left=0, top=63, width=1080, height=1857}, warnings={}, webStorageEnabled=false}
[logs/Android_OnePlus_3T INFO ] 2020-05-10 13:31:52.719 LoginTests:55 - 
****** starting test:invalidUserName******

[logs/Android_OnePlus_3T INFO ] 2020-05-10 13:32:01.844 BaseTest:325 - Sign in to your account
[logs/Android_OnePlus_3T ERROR] 2020-05-10 13:32:22.437 TestListener:33 - org.openqa.selenium.NoSuchElementException: Can't locate an element by this strategy: By.chained({By.xpath: //android.widget.RadioButton[@text='Login. Already a customer?'})
	at io.appium.java_client.pagefactory.AppiumElementLocator.findElement(AppiumElementLocator.java:126)
	at io.appium.java_client.pagefactory.interceptors.InterceptorOfASingleElement.intercept(InterceptorOfASingleElement.java:59)
	at io.appium.java_client.android.AndroidElement$$EnhancerByCGLIB$$b598166c.isSelected(<generated>)
	at com.qa.pages.Login.LoginUserNamePage.pressLoginRadioBtn(LoginUserNamePage.java:25)
	at com.qa.tests.LoginTests.invalidUserName(LoginTests.java:71)
	at sun.reflect.NativeMethodAccessorImpl.invoke0(Native Method)
	at sun.reflect.NativeMethodAccessorImpl.invoke(NativeMethodAccessorImpl.java:62)
	at sun.reflect.DelegatingMethodAccessorImpl.invoke(DelegatingMethodAccessorImpl.java:43)
	at java.lang.reflect.Method.invoke(Method.java:498)
	at org.testng.internal.MethodInvocationHelper.invokeMethod(MethodInvocationHelper.java:124)
	at org.testng.internal.Invoker.invokeMethod(Invoker.java:583)
	at org.testng.internal.Invoker.invokeTestMethod(Invoker.java:719)
	at org.testng.internal.Invoker.invokeTestMethods(Invoker.java:989)
	at org.testng.internal.TestMethodWorker.invokeTestMethods(TestMethodWorker.java:125)
	at org.testng.internal.TestMethodWorker.run(TestMethodWorker.java:109)
	at org.testng.TestRunner.privateRun(TestRunner.java:648)
	at org.testng.TestRunner.run(TestRunner.java:505)
	at org.testng.SuiteRunner.runTest(SuiteRunner.java:455)
	at org.testng.SuiteRunner.access$000(SuiteRunner.java:40)
	at org.testng.SuiteRunner$SuiteWorker.run(SuiteRunner.java:489)
	at org.testng.internal.thread.ThreadUtil$1.call(ThreadUtil.java:52)
	at java.util.concurrent.FutureTask.run$$$capture(FutureTask.java:266)
	at java.util.concurrent.FutureTask.run(FutureTask.java)
	at java.util.concurrent.ThreadPoolExecutor.runWorker(ThreadPoolExecutor.java:1149)
	at java.util.concurrent.ThreadPoolExecutor$Worker.run(ThreadPoolExecutor.java:624)
	at java.lang.Thread.run(Thread.java:748)
Caused by: org.openqa.selenium.TimeoutException: Expected condition failed: waiting for io.appium.java_client.pagefactory.AppiumElementLocator$WaitingFunction@7779f68b (tried for 1 second(s) with 500 milliseconds interval)
	at org.openqa.selenium.support.ui.FluentWait.timeoutException(FluentWait.java:304)
	at org.openqa.selenium.support.ui.FluentWait.until(FluentWait.java:272)
	at io.appium.java_client.pagefactory.AppiumElementLocator.waitFor(AppiumElementLocator.java:99)
	at io.appium.java_client.pagefactory.AppiumElementLocator.findElement(AppiumElementLocator.java:119)
	... 25 more
Caused by: org.openqa.selenium.NoSuchElementException: Cannot locate an element using By.chained({By.xpath: //android.widget.RadioButton[@text='Login. Already a customer?'})
For documentation on this error, please visit: https://www.seleniumhq.org/exceptions/no_such_element.html
Build info: version: '3.141.59', revision: 'e82be7d358', time: '2018-11-14T08:17:03'
System info: host: 'Srikanths-MBP', ip: '2401:4900:26f6:6aca:384c:678f:8ed6:2b01%en0', os.name: 'Mac OS X', os.arch: 'x86_64', os.version: '10.14.6', java.version: '1.8.0_231'
Driver info: driver.version: AndroidDriver
	at io.appium.java_client.pagefactory.bys.builder.ByChained.findElement(ByChained.java:74)
	at org.openqa.selenium.remote.RemoteWebDriver.findElement(RemoteWebDriver.java:315)
	at io.appium.java_client.DefaultGenericMobileDriver.findElement(DefaultGenericMobileDriver.java:57)
	at io.appium.java_client.AppiumDriver.findElement(AppiumDriver.java:1)
	at io.appium.java_client.android.AndroidDriver.findElement(AndroidDriver.java:1)
	at io.appium.java_client.pagefactory.bys.ContentMappedBy.findElement(ContentMappedBy.java:50)
	at org.openqa.selenium.remote.RemoteWebDriver.findElement(RemoteWebDriver.java:315)
	at io.appium.java_client.DefaultGenericMobileDriver.findElement(DefaultGenericMobileDriver.java:57)
	at io.appium.java_client.AppiumDriver.findElement(AppiumDriver.java:1)
	at io.appium.java_client.android.AndroidDriver.findElement(AndroidDriver.java:1)
	at io.appium.java_client.pagefactory.AppiumElementLocator.lambda$0(AppiumElementLocator.java:120)
	at io.appium.java_client.pagefactory.AppiumElementLocator$WaitingFunction.apply(AppiumElementLocator.java:172)
	at io.appium.java_client.pagefactory.AppiumElementLocator$WaitingFunction.apply(AppiumElementLocator.java:1)
	at org.openqa.selenium.support.ui.FluentWait.until(FluentWait.java:249)
	... 27 more

[logs/Android_OnePlus_3T INFO ] 2020-05-10 13:32:24.652 BaseTest:146 - video path: videos/Android_OnePlus_3T/2020-05-10-13-31-41/LoginTests/invalidUserName.mp4
[logs/Android_OnePlus_3T INFO ] 2020-05-10 13:33:47.383 BaseTest:203 - log path: logs/Android_OnePlus_3T
[logs/Android_OnePlus_3T INFO ] 2020-05-10 13:33:47.412 BaseTest:210 - load config.properties
[logs/Android_OnePlus_3T INFO ] 2020-05-10 13:33:47.412 BaseTest:215 - load strings/strings.xml
[logs/Android_OnePlus_3T INFO ] 2020-05-10 13:33:47.416 BaseTest:235 - appUrl is/Users/srikanthparvatikar/Downloads/appium-pageobjectmodel-master/target/test-classes/app/Amazon_Shopping.apk
[logs/Android_OnePlus_3T INFO ] 2020-05-10 13:33:57.897 BaseTest:253 - driver initialized: io.appium.java_client.android.AndroidDriver, Capabilities: {app=/Users/srikanthparvatikar/Downloads/appium-pageobjectmodel-master/target/test-classes/app/Amazon_Shopping.apk, appActivity=com.amazon.mShop.splashscreen.StartupActivity, appPackage=com.amazon.mShop.android.shopping, automationName=UiAutomator2, databaseEnabled=false, desired={platformName=android, app=/Users/srikanthparvatikar/Downloads/appium-pageobjectmodel-master/target/test-classes/app/Amazon_Shopping.apk, appActivity=com.amazon.mShop.splashscreen.StartupActivity, appPackage=com.amazon.mShop.android.shopping, automationName=UiAutomator2, deviceName=OnePlus_3T, udid=614a12ef}, deviceApiLevel=28, deviceManufacturer=OnePlus, deviceModel=ONEPLUS A3003, deviceName=614a12ef, deviceScreenDensity=420, deviceScreenSize=1080x1920, deviceUDID=614a12ef, javascriptEnabled=true, locationContextEnabled=false, networkConnectionEnabled=true, pixelRatio=2.625, platform=LINUX, platformName=Android, platformVersion=9, statBarHeight=63, takesScreenshot=true, udid=614a12ef, viewportRect={left=0, top=63, width=1080, height=1857}, warnings={}, webStorageEnabled=false}
[logs/Android_OnePlus_3T INFO ] 2020-05-10 13:33:58.483 LoginTests:55 - 
****** starting test:invalidUserName******

[logs/Android_OnePlus_3T INFO ] 2020-05-10 13:34:01.686 BaseTest:325 - Sign in to your account
[logs/Android_OnePlus_3T ERROR] 2020-05-10 13:37:08.436 TestListener:33 - org.openqa.selenium.WebDriverException: org.openqa.selenium.WebDriverException: An unknown server-side error occurred while processing the command. Original error: Could not proxy command to remote server. Original error: Error: socket hang up
Build info: version: '3.141.59', revision: 'e82be7d358', time: '2018-11-14T08:17:03'
System info: host: 'Srikanths-MBP', ip: '2401:4900:26f6:6aca:384c:678f:8ed6:2b01%en0', os.name: 'Mac OS X', os.arch: 'x86_64', os.version: '10.14.6', java.version: '1.8.0_231'
Driver info: io.appium.java_client.android.AndroidDriver
Capabilities {app: /Users/srikanthparvatikar/D..., appActivity: com.amazon.mShop.splashscre..., appPackage: com.amazon.mShop.android.sh..., automationName: UiAutomator2, databaseEnabled: false, desired: {app: /Users/srikanthparvatikar/D..., appActivity: com.amazon.mShop.splashscre..., appPackage: com.amazon.mShop.android.sh..., automationName: UiAutomator2, deviceName: OnePlus_3T, platformName: android, udid: 614a12ef}, deviceApiLevel: 28, deviceManufacturer: OnePlus, deviceModel: ONEPLUS A3003, deviceName: 614a12ef, deviceScreenDensity: 420, deviceScreenSize: 1080x1920, deviceUDID: 614a12ef, javascriptEnabled: true, locationContextEnabled: false, networkConnectionEnabled: true, pixelRatio: 2.625, platform: LINUX, platformName: Android, platformVersion: 9, statBarHeight: 63, takesScreenshot: true, udid: 614a12ef, viewportRect: {height: 1857, left: 0, top: 63, width: 1080}, warnings: {}, webStorageEnabled: false}
Session ID: 9646304b-a525-4f8b-a809-c2800e0c3148
*** Element info: {Using=xpath, value=//android.widget.RadioButton[@text='Login. Already a customer?'}
	at io.appium.java_client.pagefactory.AppiumElementLocator$WaitingFunction.apply(AppiumElementLocator.java:192)
	at io.appium.java_client.pagefactory.AppiumElementLocator$WaitingFunction.apply(AppiumElementLocator.java:1)
	at org.openqa.selenium.support.ui.FluentWait.until(FluentWait.java:249)
	at io.appium.java_client.pagefactory.AppiumElementLocator.waitFor(AppiumElementLocator.java:99)
	at io.appium.java_client.pagefactory.AppiumElementLocator.findElement(AppiumElementLocator.java:119)
	at io.appium.java_client.pagefactory.interceptors.InterceptorOfASingleElement.intercept(InterceptorOfASingleElement.java:59)
	at io.appium.java_client.android.AndroidElement$$EnhancerByCGLIB$$b598166c.isDisplayed(<generated>)
	at org.openqa.selenium.support.ui.ExpectedConditions.elementIfVisible(ExpectedConditions.java:314)
	at org.openqa.selenium.support.ui.ExpectedConditions.access$000(ExpectedConditions.java:43)
	at org.openqa.selenium.support.ui.ExpectedConditions$10.apply(ExpectedConditions.java:300)
	at org.openqa.selenium.support.ui.ExpectedConditions$10.apply(ExpectedConditions.java:297)
	at org.openqa.selenium.support.ui.FluentWait.until(FluentWait.java:249)
	at com.qa.BaseTest.waitForVisibility(BaseTest.java:269)
	at com.qa.BaseTest.click(BaseTest.java:287)
	at com.qa.pages.Login.LoginUserNamePage.pressLoginRadioBtn(LoginUserNamePage.java:27)
	at com.qa.tests.LoginTests.invalidUserName(LoginTests.java:71)
	at sun.reflect.NativeMethodAccessorImpl.invoke0(Native Method)
	at sun.reflect.NativeMethodAccessorImpl.invoke(NativeMethodAccessorImpl.java:62)
	at sun.reflect.DelegatingMethodAccessorImpl.invoke(DelegatingMethodAccessorImpl.java:43)
	at java.lang.reflect.Method.invoke(Method.java:498)
	at org.testng.internal.MethodInvocationHelper.invokeMethod(MethodInvocationHelper.java:124)
	at org.testng.internal.Invoker.invokeMethod(Invoker.java:583)
	at org.testng.internal.Invoker.invokeTestMethod(Invoker.java:719)
	at org.testng.internal.Invoker.invokeTestMethods(Invoker.java:989)
	at org.testng.internal.TestMethodWorker.invokeTestMethods(TestMethodWorker.java:125)
	at org.testng.internal.TestMethodWorker.run(TestMethodWorker.java:109)
	at org.testng.TestRunner.privateRun(TestRunner.java:648)
	at org.testng.TestRunner.run(TestRunner.java:505)
	at org.testng.SuiteRunner.runTest(SuiteRunner.java:455)
	at org.testng.SuiteRunner.access$000(SuiteRunner.java:40)
	at org.testng.SuiteRunner$SuiteWorker.run(SuiteRunner.java:489)
	at org.testng.internal.thread.ThreadUtil$1.call(ThreadUtil.java:52)
	at java.util.concurrent.FutureTask.run$$$capture(FutureTask.java:266)
	at java.util.concurrent.FutureTask.run(FutureTask.java)
	at java.util.concurrent.ThreadPoolExecutor.runWorker(ThreadPoolExecutor.java:1149)
	at java.util.concurrent.ThreadPoolExecutor$Worker.run(ThreadPoolExecutor.java:624)
	at java.lang.Thread.run(Thread.java:748)
Caused by: org.openqa.selenium.WebDriverException: An unknown server-side error occurred while processing the command. Original error: Could not proxy command to remote server. Original error: Error: socket hang up
Build info: version: '3.141.59', revision: 'e82be7d358', time: '2018-11-14T08:17:03'
System info: host: 'Srikanths-MBP', ip: '2401:4900:26f6:6aca:384c:678f:8ed6:2b01%en0', os.name: 'Mac OS X', os.arch: 'x86_64', os.version: '10.14.6', java.version: '1.8.0_231'
Driver info: io.appium.java_client.android.AndroidDriver
Capabilities {app: /Users/srikanthparvatikar/D..., appActivity: com.amazon.mShop.splashscre..., appPackage: com.amazon.mShop.android.sh..., automationName: UiAutomator2, databaseEnabled: false, desired: {app: /Users/srikanthparvatikar/D..., appActivity: com.amazon.mShop.splashscre..., appPackage: com.amazon.mShop.android.sh..., automationName: UiAutomator2, deviceName: OnePlus_3T, platformName: android, udid: 614a12ef}, deviceApiLevel: 28, deviceManufacturer: OnePlus, deviceModel: ONEPLUS A3003, deviceName: 614a12ef, deviceScreenDensity: 420, deviceScreenSize: 1080x1920, deviceUDID: 614a12ef, javascriptEnabled: true, locationContextEnabled: false, networkConnectionEnabled: true, pixelRatio: 2.625, platform: LINUX, platformName: Android, platformVersion: 9, statBarHeight: 63, takesScreenshot: true, udid: 614a12ef, viewportRect: {height: 1857, left: 0, top: 63, width: 1080}, warnings: {}, webStorageEnabled: false}
Session ID: 9646304b-a525-4f8b-a809-c2800e0c3148
*** Element info: {Using=xpath, value=//android.widget.RadioButton[@text='Login. Already a customer?'}
	at sun.reflect.NativeConstructorAccessorImpl.newInstance0(Native Method)
	at sun.reflect.NativeConstructorAccessorImpl.newInstance(NativeConstructorAccessorImpl.java:62)
	at sun.reflect.DelegatingConstructorAccessorImpl.newInstance(DelegatingConstructorAccessorImpl.java:45)
	at java.lang.reflect.Constructor.newInstance(Constructor.java:423)
	at org.openqa.selenium.remote.http.W3CHttpResponseCodec.createException(W3CHttpResponseCodec.java:187)
	at org.openqa.selenium.remote.http.W3CHttpResponseCodec.decode(W3CHttpResponseCodec.java:122)
	at org.openqa.selenium.remote.http.W3CHttpResponseCodec.decode(W3CHttpResponseCodec.java:49)
	at org.openqa.selenium.remote.HttpCommandExecutor.execute(HttpCommandExecutor.java:158)
	at io.appium.java_client.remote.AppiumCommandExecutor.execute(AppiumCommandExecutor.java:239)
	at org.openqa.selenium.remote.RemoteWebDriver.execute(RemoteWebDriver.java:552)
	at io.appium.java_client.DefaultGenericMobileDriver.execute(DefaultGenericMobileDriver.java:41)
	at io.appium.java_client.AppiumDriver.execute(AppiumDriver.java:1)
	at io.appium.java_client.android.AndroidDriver.execute(AndroidDriver.java:1)
	at org.openqa.selenium.remote.RemoteWebDriver.findElement(RemoteWebDriver.java:323)
	at io.appium.java_client.DefaultGenericMobileDriver.findElement(DefaultGenericMobileDriver.java:61)
	at io.appium.java_client.AppiumDriver.findElement(AppiumDriver.java:1)
	at io.appium.java_client.android.AndroidDriver.findElement(AndroidDriver.java:1)
	at org.openqa.selenium.remote.RemoteWebDriver.findElementByXPath(RemoteWebDriver.java:428)
	at io.appium.java_client.DefaultGenericMobileDriver.findElementByXPath(DefaultGenericMobileDriver.java:151)
	at io.appium.java_client.AppiumDriver.findElementByXPath(AppiumDriver.java:1)
	at io.appium.java_client.android.AndroidDriver.findElementByXPath(AndroidDriver.java:1)
	at org.openqa.selenium.By$ByXPath.findElement(By.java:353)
	at org.openqa.selenium.remote.RemoteWebDriver.findElement(RemoteWebDriver.java:315)
	at io.appium.java_client.DefaultGenericMobileDriver.findElement(DefaultGenericMobileDriver.java:57)
	at io.appium.java_client.AppiumDriver.findElement(AppiumDriver.java:1)
	at io.appium.java_client.android.AndroidDriver.findElement(AndroidDriver.java:1)
	at io.appium.java_client.pagefactory.bys.builder.ByChained.lambda$0(ByChained.java:38)
	at org.openqa.selenium.support.ui.FluentWait.until(FluentWait.java:249)
	at io.appium.java_client.pagefactory.bys.builder.ByChained.findElement(ByChained.java:72)
	at org.openqa.selenium.remote.RemoteWebDriver.findElement(RemoteWebDriver.java:315)
	at io.appium.java_client.DefaultGenericMobileDriver.findElement(DefaultGenericMobileDriver.java:57)
	at io.appium.java_client.AppiumDriver.findElement(AppiumDriver.java:1)
	at io.appium.java_client.android.AndroidDriver.findElement(AndroidDriver.java:1)
	at io.appium.java_client.pagefactory.bys.ContentMappedBy.findElement(ContentMappedBy.java:50)
	at org.openqa.selenium.remote.RemoteWebDriver.findElement(RemoteWebDriver.java:315)
	at io.appium.java_client.DefaultGenericMobileDriver.findElement(DefaultGenericMobileDriver.java:57)
	at io.appium.java_client.AppiumDriver.findElement(AppiumDriver.java:1)
	at io.appium.java_client.android.AndroidDriver.findElement(AndroidDriver.java:1)
	at io.appium.java_client.pagefactory.AppiumElementLocator.lambda$0(AppiumElementLocator.java:120)
	at io.appium.java_client.pagefactory.AppiumElementLocator$WaitingFunction.apply(AppiumElementLocator.java:172)
	... 36 more

[logs/Android_OnePlus_3T ERROR] 2020-05-10 13:37:08.447 TestListener:33 - org.openqa.selenium.WebDriverException: An unknown server-side error occurred while processing the command. Original error: Could not proxy command to remote server. Original error: Error: connect ECONNREFUSED 127.0.0.1:8201
Build info: version: '3.141.59', revision: 'e82be7d358', time: '2018-11-14T08:17:03'
System info: host: 'Srikanths-MBP', ip: '2401:4900:26f6:6aca:384c:678f:8ed6:2b01%en0', os.name: 'Mac OS X', os.arch: 'x86_64', os.version: '10.14.6', java.version: '1.8.0_231'
Driver info: io.appium.java_client.android.AndroidDriver
Capabilities {app: /Users/srikanthparvatikar/D..., appActivity: com.amazon.mShop.splashscre..., appPackage: com.amazon.mShop.android.sh..., automationName: UiAutomator2, databaseEnabled: false, desired: {app: /Users/srikanthparvatikar/D..., appActivity: com.amazon.mShop.splashscre..., appPackage: com.amazon.mShop.android.sh..., automationName: UiAutomator2, deviceName: OnePlus_3T, platformName: android, udid: 614a12ef}, deviceApiLevel: 28, deviceManufacturer: OnePlus, deviceModel: ONEPLUS A3003, deviceName: 614a12ef, deviceScreenDensity: 420, deviceScreenSize: 1080x1920, deviceUDID: 614a12ef, javascriptEnabled: true, locationContextEnabled: false, networkConnectionEnabled: true, pixelRatio: 2.625, platform: LINUX, platformName: Android, platformVersion: 9, statBarHeight: 63, takesScreenshot: true, udid: 614a12ef, viewportRect: {height: 1857, left: 0, top: 63, width: 1080}, warnings: {}, webStorageEnabled: false}
Session ID: 9646304b-a525-4f8b-a809-c2800e0c3148
	at sun.reflect.NativeConstructorAccessorImpl.newInstance0(Native Method)
	at sun.reflect.NativeConstructorAccessorImpl.newInstance(NativeConstructorAccessorImpl.java:62)
	at sun.reflect.DelegatingConstructorAccessorImpl.newInstance(DelegatingConstructorAccessorImpl.java:45)
	at java.lang.reflect.Constructor.newInstance(Constructor.java:423)
	at org.openqa.selenium.remote.http.W3CHttpResponseCodec.createException(W3CHttpResponseCodec.java:187)
	at org.openqa.selenium.remote.http.W3CHttpResponseCodec.decode(W3CHttpResponseCodec.java:122)
	at org.openqa.selenium.remote.http.W3CHttpResponseCodec.decode(W3CHttpResponseCodec.java:49)
	at org.openqa.selenium.remote.HttpCommandExecutor.execute(HttpCommandExecutor.java:158)
	at io.appium.java_client.remote.AppiumCommandExecutor.execute(AppiumCommandExecutor.java:239)
	at org.openqa.selenium.remote.RemoteWebDriver.execute(RemoteWebDriver.java:552)
	at io.appium.java_client.DefaultGenericMobileDriver.execute(DefaultGenericMobileDriver.java:45)
	at io.appium.java_client.AppiumDriver.execute(AppiumDriver.java:1)
	at io.appium.java_client.android.AndroidDriver.execute(AndroidDriver.java:1)
	at org.openqa.selenium.remote.RemoteWebDriver.getScreenshotAs(RemoteWebDriver.java:295)
	at com.qa.listeners.TestListener.onTestFailure(TestListener.java:37)
	at org.testng.internal.TestListenerHelper.runTestListeners(TestListenerHelper.java:67)
	at org.testng.internal.Invoker.runTestListeners(Invoker.java:1389)
	at org.testng.internal.Invoker.invokeMethod(Invoker.java:636)
	at org.testng.internal.Invoker.invokeTestMethod(Invoker.java:719)
	at org.testng.internal.Invoker.invokeTestMethods(Invoker.java:989)
	at org.testng.internal.TestMethodWorker.invokeTestMethods(TestMethodWorker.java:125)
	at org.testng.internal.TestMethodWorker.run(TestMethodWorker.java:109)
	at org.testng.TestRunner.privateRun(TestRunner.java:648)
	at org.testng.TestRunner.run(TestRunner.java:505)
	at org.testng.SuiteRunner.runTest(SuiteRunner.java:455)
	at org.testng.SuiteRunner.access$000(SuiteRunner.java:40)
	at org.testng.SuiteRunner$SuiteWorker.run(SuiteRunner.java:489)
	at org.testng.internal.thread.ThreadUtil$1.call(ThreadUtil.java:52)
	at java.util.concurrent.FutureTask.run$$$capture(FutureTask.java:266)
	at java.util.concurrent.FutureTask.run(FutureTask.java)
	at java.util.concurrent.ThreadPoolExecutor.runWorker(ThreadPoolExecutor.java:1149)
	at java.util.concurrent.ThreadPoolExecutor$Worker.run(ThreadPoolExecutor.java:624)
	at java.lang.Thread.run(Thread.java:748)

[logs/Android_OnePlus_3T INFO ] 2020-05-10 13:38:22.988 BaseTest:203 - log path: logs/Android_OnePlus_3T
[logs/Android_OnePlus_3T INFO ] 2020-05-10 13:38:23.016 BaseTest:210 - load config.properties
[logs/Android_OnePlus_3T INFO ] 2020-05-10 13:38:23.017 BaseTest:215 - load strings/strings.xml
[logs/Android_OnePlus_3T INFO ] 2020-05-10 13:38:23.021 BaseTest:235 - appUrl is/Users/srikanthparvatikar/Downloads/appium-pageobjectmodel-master/target/test-classes/app/Amazon_Shopping.apk
[logs/Android_OnePlus_3T INFO ] 2020-05-10 13:38:34.129 BaseTest:253 - driver initialized: io.appium.java_client.android.AndroidDriver, Capabilities: {app=/Users/srikanthparvatikar/Downloads/appium-pageobjectmodel-master/target/test-classes/app/Amazon_Shopping.apk, appActivity=com.amazon.mShop.splashscreen.StartupActivity, appPackage=com.amazon.mShop.android.shopping, automationName=UiAutomator2, databaseEnabled=false, desired={platformName=android, app=/Users/srikanthparvatikar/Downloads/appium-pageobjectmodel-master/target/test-classes/app/Amazon_Shopping.apk, appActivity=com.amazon.mShop.splashscreen.StartupActivity, appPackage=com.amazon.mShop.android.shopping, automationName=UiAutomator2, deviceName=OnePlus_3T, udid=614a12ef}, deviceApiLevel=28, deviceManufacturer=OnePlus, deviceModel=ONEPLUS A3003, deviceName=614a12ef, deviceScreenDensity=420, deviceScreenSize=1080x1920, deviceUDID=614a12ef, javascriptEnabled=true, locationContextEnabled=false, networkConnectionEnabled=true, pixelRatio=2.625, platform=LINUX, platformName=Android, platformVersion=9, statBarHeight=63, takesScreenshot=true, udid=614a12ef, viewportRect={left=0, top=63, width=1080, height=1857}, warnings={}, webStorageEnabled=false}
[logs/Android_OnePlus_3T INFO ] 2020-05-10 13:38:34.683 LoginTests:55 - 
****** starting test:invalidUserName******

[logs/Android_OnePlus_3T INFO ] 2020-05-10 13:38:43.625 BaseTest:325 - Sign in to your account
[logs/Android_OnePlus_3T ERROR] 2020-05-10 13:39:05.280 TestListener:33 - org.openqa.selenium.TimeoutException: Expected condition failed: waiting for visibility of Located by By.chained({By.id: ap_email_login}) (tried for 10 second(s) with 500 milliseconds interval)
	at org.openqa.selenium.support.ui.WebDriverWait.timeoutException(WebDriverWait.java:95)
	at org.openqa.selenium.support.ui.FluentWait.until(FluentWait.java:272)
	at com.qa.BaseTest.waitForVisibility(BaseTest.java:269)
	at com.qa.BaseTest.clear(BaseTest.java:282)
	at com.qa.pages.Login.LoginUserNamePage.enterUserName(LoginUserNamePage.java:32)
	at com.qa.tests.LoginTests.invalidUserName(LoginTests.java:72)
	at sun.reflect.NativeMethodAccessorImpl.invoke0(Native Method)
	at sun.reflect.NativeMethodAccessorImpl.invoke(NativeMethodAccessorImpl.java:62)
	at sun.reflect.DelegatingMethodAccessorImpl.invoke(DelegatingMethodAccessorImpl.java:43)
	at java.lang.reflect.Method.invoke(Method.java:498)
	at org.testng.internal.MethodInvocationHelper.invokeMethod(MethodInvocationHelper.java:124)
	at org.testng.internal.Invoker.invokeMethod(Invoker.java:583)
	at org.testng.internal.Invoker.invokeTestMethod(Invoker.java:719)
	at org.testng.internal.Invoker.invokeTestMethods(Invoker.java:989)
	at org.testng.internal.TestMethodWorker.invokeTestMethods(TestMethodWorker.java:125)
	at org.testng.internal.TestMethodWorker.run(TestMethodWorker.java:109)
	at org.testng.TestRunner.privateRun(TestRunner.java:648)
	at org.testng.TestRunner.run(TestRunner.java:505)
	at org.testng.SuiteRunner.runTest(SuiteRunner.java:455)
	at org.testng.SuiteRunner.access$000(SuiteRunner.java:40)
	at org.testng.SuiteRunner$SuiteWorker.run(SuiteRunner.java:489)
	at org.testng.internal.thread.ThreadUtil$1.call(ThreadUtil.java:52)
	at java.util.concurrent.FutureTask.run$$$capture(FutureTask.java:266)
	at java.util.concurrent.FutureTask.run(FutureTask.java)
	at java.util.concurrent.ThreadPoolExecutor.runWorker(ThreadPoolExecutor.java:1149)
	at java.util.concurrent.ThreadPoolExecutor$Worker.run(ThreadPoolExecutor.java:624)
	at java.lang.Thread.run(Thread.java:748)
Caused by: org.openqa.selenium.NoSuchElementException: Can't locate an element by this strategy: By.chained({By.id: ap_email_login})
	at io.appium.java_client.pagefactory.AppiumElementLocator.findElement(AppiumElementLocator.java:126)
	at io.appium.java_client.pagefactory.interceptors.InterceptorOfASingleElement.intercept(InterceptorOfASingleElement.java:59)
	at io.appium.java_client.android.AndroidElement$$EnhancerByCGLIB$$b598166c.isDisplayed(<generated>)
	at org.openqa.selenium.support.ui.ExpectedConditions.elementIfVisible(ExpectedConditions.java:314)
	at org.openqa.selenium.support.ui.ExpectedConditions.access$000(ExpectedConditions.java:43)
	at org.openqa.selenium.support.ui.ExpectedConditions$10.apply(ExpectedConditions.java:300)
	at org.openqa.selenium.support.ui.ExpectedConditions$10.apply(ExpectedConditions.java:297)
	at org.openqa.selenium.support.ui.FluentWait.until(FluentWait.java:249)
	... 25 more
Caused by: org.openqa.selenium.TimeoutException: Expected condition failed: waiting for io.appium.java_client.pagefactory.AppiumElementLocator$WaitingFunction@3affbd55 (tried for 1 second(s) with 500 milliseconds interval)
	at org.openqa.selenium.support.ui.FluentWait.timeoutException(FluentWait.java:304)
	at org.openqa.selenium.support.ui.FluentWait.until(FluentWait.java:272)
	at io.appium.java_client.pagefactory.AppiumElementLocator.waitFor(AppiumElementLocator.java:99)
	at io.appium.java_client.pagefactory.AppiumElementLocator.findElement(AppiumElementLocator.java:119)
	... 32 more
Caused by: org.openqa.selenium.NoSuchElementException: Cannot locate an element using By.chained({By.id: ap_email_login})
For documentation on this error, please visit: https://www.seleniumhq.org/exceptions/no_such_element.html
Build info: version: '3.141.59', revision: 'e82be7d358', time: '2018-11-14T08:17:03'
System info: host: 'Srikanths-MBP', ip: '2401:4900:26f6:6aca:95b1:6b0d:c8a0:34a8%en0', os.name: 'Mac OS X', os.arch: 'x86_64', os.version: '10.14.6', java.version: '1.8.0_231'
Driver info: driver.version: AndroidDriver
	at io.appium.java_client.pagefactory.bys.builder.ByChained.findElement(ByChained.java:74)
	at org.openqa.selenium.remote.RemoteWebDriver.findElement(RemoteWebDriver.java:315)
	at io.appium.java_client.DefaultGenericMobileDriver.findElement(DefaultGenericMobileDriver.java:57)
	at io.appium.java_client.AppiumDriver.findElement(AppiumDriver.java:1)
	at io.appium.java_client.android.AndroidDriver.findElement(AndroidDriver.java:1)
	at io.appium.java_client.pagefactory.bys.ContentMappedBy.findElement(ContentMappedBy.java:50)
	at org.openqa.selenium.remote.RemoteWebDriver.findElement(RemoteWebDriver.java:315)
	at io.appium.java_client.DefaultGenericMobileDriver.findElement(DefaultGenericMobileDriver.java:57)
	at io.appium.java_client.AppiumDriver.findElement(AppiumDriver.java:1)
	at io.appium.java_client.android.AndroidDriver.findElement(AndroidDriver.java:1)
	at io.appium.java_client.pagefactory.AppiumElementLocator.lambda$0(AppiumElementLocator.java:120)
	at io.appium.java_client.pagefactory.AppiumElementLocator$WaitingFunction.apply(AppiumElementLocator.java:172)
	at io.appium.java_client.pagefactory.AppiumElementLocator$WaitingFunction.apply(AppiumElementLocator.java:1)
	at org.openqa.selenium.support.ui.FluentWait.until(FluentWait.java:249)
	... 34 more

[logs/Android_OnePlus_3T INFO ] 2020-05-10 13:39:07.085 BaseTest:146 - video path: videos/Android_OnePlus_3T/2020-05-10-13-38-22/LoginTests/invalidUserName.mp4
[logs/Android_OnePlus_3T INFO ] 2020-05-10 13:59:49.692 BaseTest:206 - log path: logs/Android_OnePlus_3T
[logs/Android_OnePlus_3T INFO ] 2020-05-10 13:59:49.721 BaseTest:213 - load config.properties
[logs/Android_OnePlus_3T INFO ] 2020-05-10 13:59:49.721 BaseTest:218 - load strings/strings.xml
[logs/Android_OnePlus_3T INFO ] 2020-05-10 13:59:49.726 BaseTest:238 - appUrl is/Users/srikanthparvatikar/Downloads/appium-pageobjectmodel-master/target/test-classes/app/Amazon_Shopping.apk
[logs/Android_OnePlus_3T INFO ] 2020-05-10 14:00:03.634 BaseTest:256 - driver initialized: io.appium.java_client.android.AndroidDriver, Capabilities: {app=/Users/srikanthparvatikar/Downloads/appium-pageobjectmodel-master/target/test-classes/app/Amazon_Shopping.apk, appActivity=com.amazon.mShop.splashscreen.StartupActivity, appPackage=com.amazon.mShop.android.shopping, automationName=UiAutomator2, databaseEnabled=false, desired={platformName=android, app=/Users/srikanthparvatikar/Downloads/appium-pageobjectmodel-master/target/test-classes/app/Amazon_Shopping.apk, appActivity=com.amazon.mShop.splashscreen.StartupActivity, appPackage=com.amazon.mShop.android.shopping, automationName=UiAutomator2, deviceName=OnePlus_3T, udid=614a12ef}, deviceApiLevel=28, deviceManufacturer=OnePlus, deviceModel=ONEPLUS A3003, deviceName=614a12ef, deviceScreenDensity=420, deviceScreenSize=1080x1920, deviceUDID=614a12ef, javascriptEnabled=true, locationContextEnabled=false, networkConnectionEnabled=true, pixelRatio=2.625, platform=LINUX, platformName=Android, platformVersion=9, statBarHeight=63, takesScreenshot=true, udid=614a12ef, viewportRect={left=0, top=63, width=1080, height=1857}, warnings={}, webStorageEnabled=false}
[logs/Android_OnePlus_3T INFO ] 2020-05-10 14:00:04.230 LoginTests:58 - 
****** starting test:invalidUserName******

[logs/Android_OnePlus_3T INFO ] 2020-05-10 14:00:10.327 BaseTest:328 - Sign in to your account
[logs/Android_OnePlus_3T ERROR] 2020-05-10 14:00:21.155 TestListener:33 - org.openqa.selenium.TimeoutException: Expected condition failed: waiting for visibility of Located by By.chained({By.xpath: //*[@id='outer-accordion-signin-signup-page']/android.view.View[0]}) (tried for 10 second(s) with 500 milliseconds interval)
	at org.openqa.selenium.support.ui.WebDriverWait.timeoutException(WebDriverWait.java:95)
	at org.openqa.selenium.support.ui.FluentWait.until(FluentWait.java:272)
	at com.qa.BaseTest.waitForVisibility(BaseTest.java:272)
	at com.qa.BaseTest.getAttribute(BaseTest.java:314)
	at com.qa.BaseTest.getText(BaseTest.java:322)
	at com.qa.pages.Login.LoginUserNamePage.welcomeMsgTxt(LoginUserNamePage.java:28)
	at com.qa.tests.LoginTests.invalidUserName(LoginTests.java:76)
	at sun.reflect.NativeMethodAccessorImpl.invoke0(Native Method)
	at sun.reflect.NativeMethodAccessorImpl.invoke(NativeMethodAccessorImpl.java:62)
	at sun.reflect.DelegatingMethodAccessorImpl.invoke(DelegatingMethodAccessorImpl.java:43)
	at java.lang.reflect.Method.invoke(Method.java:498)
	at org.testng.internal.MethodInvocationHelper.invokeMethod(MethodInvocationHelper.java:124)
	at org.testng.internal.Invoker.invokeMethod(Invoker.java:583)
	at org.testng.internal.Invoker.invokeTestMethod(Invoker.java:719)
	at org.testng.internal.Invoker.invokeTestMethods(Invoker.java:989)
	at org.testng.internal.TestMethodWorker.invokeTestMethods(TestMethodWorker.java:125)
	at org.testng.internal.TestMethodWorker.run(TestMethodWorker.java:109)
	at org.testng.TestRunner.privateRun(TestRunner.java:648)
	at org.testng.TestRunner.run(TestRunner.java:505)
	at org.testng.SuiteRunner.runTest(SuiteRunner.java:455)
	at org.testng.SuiteRunner.access$000(SuiteRunner.java:40)
	at org.testng.SuiteRunner$SuiteWorker.run(SuiteRunner.java:489)
	at org.testng.internal.thread.ThreadUtil$1.call(ThreadUtil.java:52)
	at java.util.concurrent.FutureTask.run$$$capture(FutureTask.java:266)
	at java.util.concurrent.FutureTask.run(FutureTask.java)
	at java.util.concurrent.ThreadPoolExecutor.runWorker(ThreadPoolExecutor.java:1149)
	at java.util.concurrent.ThreadPoolExecutor$Worker.run(ThreadPoolExecutor.java:624)
	at java.lang.Thread.run(Thread.java:748)
Caused by: org.openqa.selenium.NoSuchElementException: Can't locate an element by this strategy: By.chained({By.xpath: //*[@id='outer-accordion-signin-signup-page']/android.view.View[0]})
	at io.appium.java_client.pagefactory.AppiumElementLocator.findElement(AppiumElementLocator.java:126)
	at io.appium.java_client.pagefactory.interceptors.InterceptorOfASingleElement.intercept(InterceptorOfASingleElement.java:59)
	at io.appium.java_client.android.AndroidElement$$EnhancerByCGLIB$$b598166c.isDisplayed(<generated>)
	at org.openqa.selenium.support.ui.ExpectedConditions.elementIfVisible(ExpectedConditions.java:314)
	at org.openqa.selenium.support.ui.ExpectedConditions.access$000(ExpectedConditions.java:43)
	at org.openqa.selenium.support.ui.ExpectedConditions$10.apply(ExpectedConditions.java:300)
	at org.openqa.selenium.support.ui.ExpectedConditions$10.apply(ExpectedConditions.java:297)
	at org.openqa.selenium.support.ui.FluentWait.until(FluentWait.java:249)
	... 26 more
Caused by: org.openqa.selenium.TimeoutException: Expected condition failed: waiting for io.appium.java_client.pagefactory.AppiumElementLocator$WaitingFunction@1829a07c (tried for 1 second(s) with 500 milliseconds interval)
	at org.openqa.selenium.support.ui.FluentWait.timeoutException(FluentWait.java:304)
	at org.openqa.selenium.support.ui.FluentWait.until(FluentWait.java:272)
	at io.appium.java_client.pagefactory.AppiumElementLocator.waitFor(AppiumElementLocator.java:99)
	at io.appium.java_client.pagefactory.AppiumElementLocator.findElement(AppiumElementLocator.java:119)
	... 33 more
Caused by: org.openqa.selenium.NoSuchElementException: Cannot locate an element using By.chained({By.xpath: //*[@id='outer-accordion-signin-signup-page']/android.view.View[0]})
For documentation on this error, please visit: https://www.seleniumhq.org/exceptions/no_such_element.html
Build info: version: '3.141.59', revision: 'e82be7d358', time: '2018-11-14T08:17:03'
System info: host: 'Srikanths-MBP', ip: '2401:4900:26f6:6aca:95b1:6b0d:c8a0:34a8%en0', os.name: 'Mac OS X', os.arch: 'x86_64', os.version: '10.14.6', java.version: '1.8.0_231'
Driver info: driver.version: AndroidDriver
	at io.appium.java_client.pagefactory.bys.builder.ByChained.findElement(ByChained.java:74)
	at org.openqa.selenium.remote.RemoteWebDriver.findElement(RemoteWebDriver.java:315)
	at io.appium.java_client.DefaultGenericMobileDriver.findElement(DefaultGenericMobileDriver.java:57)
	at io.appium.java_client.AppiumDriver.findElement(AppiumDriver.java:1)
	at io.appium.java_client.android.AndroidDriver.findElement(AndroidDriver.java:1)
	at io.appium.java_client.pagefactory.bys.ContentMappedBy.findElement(ContentMappedBy.java:50)
	at org.openqa.selenium.remote.RemoteWebDriver.findElement(RemoteWebDriver.java:315)
	at io.appium.java_client.DefaultGenericMobileDriver.findElement(DefaultGenericMobileDriver.java:57)
	at io.appium.java_client.AppiumDriver.findElement(AppiumDriver.java:1)
	at io.appium.java_client.android.AndroidDriver.findElement(AndroidDriver.java:1)
	at io.appium.java_client.pagefactory.AppiumElementLocator.lambda$0(AppiumElementLocator.java:120)
	at io.appium.java_client.pagefactory.AppiumElementLocator$WaitingFunction.apply(AppiumElementLocator.java:172)
	at io.appium.java_client.pagefactory.AppiumElementLocator$WaitingFunction.apply(AppiumElementLocator.java:1)
	at org.openqa.selenium.support.ui.FluentWait.until(FluentWait.java:249)
	... 35 more

[logs/Android_OnePlus_3T INFO ] 2020-05-10 14:00:23.065 BaseTest:149 - video path: videos/Android_OnePlus_3T/2020-05-10-13-59-49/LoginTests/invalidUserName.mp4
[logs/Android_OnePlus_3T INFO ] 2020-05-10 14:19:56.063 BaseTest:206 - log path: logs/Android_OnePlus_3T
[logs/Android_OnePlus_3T INFO ] 2020-05-10 14:19:56.088 BaseTest:213 - load config.properties
[logs/Android_OnePlus_3T INFO ] 2020-05-10 14:19:56.089 BaseTest:218 - load strings/strings.xml
[logs/Android_OnePlus_3T INFO ] 2020-05-10 14:19:56.093 BaseTest:238 - appUrl is/Users/srikanthparvatikar/Downloads/appium-pageobjectmodel-master/target/test-classes/app/Amazon_Shopping.apk
[logs/Android_OnePlus_3T INFO ] 2020-05-10 14:20:11.249 BaseTest:256 - driver initialized: io.appium.java_client.android.AndroidDriver, Capabilities: {app=/Users/srikanthparvatikar/Downloads/appium-pageobjectmodel-master/target/test-classes/app/Amazon_Shopping.apk, appActivity=com.amazon.mShop.splashscreen.StartupActivity, appPackage=com.amazon.mShop.android.shopping, automationName=UiAutomator2, databaseEnabled=false, desired={platformName=android, app=/Users/srikanthparvatikar/Downloads/appium-pageobjectmodel-master/target/test-classes/app/Amazon_Shopping.apk, appActivity=com.amazon.mShop.splashscreen.StartupActivity, appPackage=com.amazon.mShop.android.shopping, automationName=UiAutomator2, deviceName=OnePlus_3T, udid=614a12ef}, deviceApiLevel=28, deviceManufacturer=OnePlus, deviceModel=ONEPLUS A3003, deviceName=614a12ef, deviceScreenDensity=420, deviceScreenSize=1080x1920, deviceUDID=614a12ef, javascriptEnabled=true, locationContextEnabled=false, networkConnectionEnabled=true, pixelRatio=2.625, platform=LINUX, platformName=Android, platformVersion=9, statBarHeight=63, takesScreenshot=true, udid=614a12ef, viewportRect={left=0, top=63, width=1080, height=1857}, warnings={}, webStorageEnabled=false}
[logs/Android_OnePlus_3T INFO ] 2020-05-10 14:20:11.857 LoginTests:58 - 
****** starting test:invalidUserName******

[logs/Android_OnePlus_3T INFO ] 2020-05-10 14:20:15.886 BaseTest:328 - Sign in to your account
[logs/Android_OnePlus_3T ERROR] 2020-05-10 14:20:26.136 TestListener:33 - org.openqa.selenium.TimeoutException: Expected condition failed: waiting for visibility of Located by By.chained({By.xpath: //*[@id='outer-accordion-signin-signup-page']//following::View}) (tried for 10 second(s) with 500 milliseconds interval)
	at org.openqa.selenium.support.ui.WebDriverWait.timeoutException(WebDriverWait.java:95)
	at org.openqa.selenium.support.ui.FluentWait.until(FluentWait.java:272)
	at com.qa.BaseTest.waitForVisibility(BaseTest.java:272)
	at com.qa.BaseTest.getAttribute(BaseTest.java:314)
	at com.qa.BaseTest.getText(BaseTest.java:322)
	at com.qa.pages.Login.LoginUserNamePage.welcomeMsgTxt(LoginUserNamePage.java:28)
	at com.qa.tests.LoginTests.invalidUserName(LoginTests.java:76)
	at sun.reflect.NativeMethodAccessorImpl.invoke0(Native Method)
	at sun.reflect.NativeMethodAccessorImpl.invoke(NativeMethodAccessorImpl.java:62)
	at sun.reflect.DelegatingMethodAccessorImpl.invoke(DelegatingMethodAccessorImpl.java:43)
	at java.lang.reflect.Method.invoke(Method.java:498)
	at org.testng.internal.MethodInvocationHelper.invokeMethod(MethodInvocationHelper.java:124)
	at org.testng.internal.Invoker.invokeMethod(Invoker.java:583)
	at org.testng.internal.Invoker.invokeTestMethod(Invoker.java:719)
	at org.testng.internal.Invoker.invokeTestMethods(Invoker.java:989)
	at org.testng.internal.TestMethodWorker.invokeTestMethods(TestMethodWorker.java:125)
	at org.testng.internal.TestMethodWorker.run(TestMethodWorker.java:109)
	at org.testng.TestRunner.privateRun(TestRunner.java:648)
	at org.testng.TestRunner.run(TestRunner.java:505)
	at org.testng.SuiteRunner.runTest(SuiteRunner.java:455)
	at org.testng.SuiteRunner.access$000(SuiteRunner.java:40)
	at org.testng.SuiteRunner$SuiteWorker.run(SuiteRunner.java:489)
	at org.testng.internal.thread.ThreadUtil$1.call(ThreadUtil.java:52)
	at java.util.concurrent.FutureTask.run$$$capture(FutureTask.java:266)
	at java.util.concurrent.FutureTask.run(FutureTask.java)
	at java.util.concurrent.ThreadPoolExecutor.runWorker(ThreadPoolExecutor.java:1149)
	at java.util.concurrent.ThreadPoolExecutor$Worker.run(ThreadPoolExecutor.java:624)
	at java.lang.Thread.run(Thread.java:748)
Caused by: org.openqa.selenium.NoSuchElementException: Can't locate an element by this strategy: By.chained({By.xpath: //*[@id='outer-accordion-signin-signup-page']//following::View})
	at io.appium.java_client.pagefactory.AppiumElementLocator.findElement(AppiumElementLocator.java:126)
	at io.appium.java_client.pagefactory.interceptors.InterceptorOfASingleElement.intercept(InterceptorOfASingleElement.java:59)
	at io.appium.java_client.android.AndroidElement$$EnhancerByCGLIB$$b598166c.isDisplayed(<generated>)
	at org.openqa.selenium.support.ui.ExpectedConditions.elementIfVisible(ExpectedConditions.java:314)
	at org.openqa.selenium.support.ui.ExpectedConditions.access$000(ExpectedConditions.java:43)
	at org.openqa.selenium.support.ui.ExpectedConditions$10.apply(ExpectedConditions.java:300)
	at org.openqa.selenium.support.ui.ExpectedConditions$10.apply(ExpectedConditions.java:297)
	at org.openqa.selenium.support.ui.FluentWait.until(FluentWait.java:249)
	... 26 more
Caused by: org.openqa.selenium.TimeoutException: Expected condition failed: waiting for io.appium.java_client.pagefactory.AppiumElementLocator$WaitingFunction@4f320b3f (tried for 1 second(s) with 500 milliseconds interval)
	at org.openqa.selenium.support.ui.FluentWait.timeoutException(FluentWait.java:304)
	at org.openqa.selenium.support.ui.FluentWait.until(FluentWait.java:272)
	at io.appium.java_client.pagefactory.AppiumElementLocator.waitFor(AppiumElementLocator.java:99)
	at io.appium.java_client.pagefactory.AppiumElementLocator.findElement(AppiumElementLocator.java:119)
	... 33 more
Caused by: org.openqa.selenium.NoSuchElementException: Cannot locate an element using By.chained({By.xpath: //*[@id='outer-accordion-signin-signup-page']//following::View})
For documentation on this error, please visit: https://www.seleniumhq.org/exceptions/no_such_element.html
Build info: version: '3.141.59', revision: 'e82be7d358', time: '2018-11-14T08:17:03'
System info: host: 'Srikanths-MBP', ip: '2401:4900:26f6:6aca:95b1:6b0d:c8a0:34a8%en0', os.name: 'Mac OS X', os.arch: 'x86_64', os.version: '10.14.6', java.version: '1.8.0_231'
Driver info: driver.version: AndroidDriver
	at io.appium.java_client.pagefactory.bys.builder.ByChained.findElement(ByChained.java:74)
	at org.openqa.selenium.remote.RemoteWebDriver.findElement(RemoteWebDriver.java:315)
	at io.appium.java_client.DefaultGenericMobileDriver.findElement(DefaultGenericMobileDriver.java:57)
	at io.appium.java_client.AppiumDriver.findElement(AppiumDriver.java:1)
	at io.appium.java_client.android.AndroidDriver.findElement(AndroidDriver.java:1)
	at io.appium.java_client.pagefactory.bys.ContentMappedBy.findElement(ContentMappedBy.java:50)
	at org.openqa.selenium.remote.RemoteWebDriver.findElement(RemoteWebDriver.java:315)
	at io.appium.java_client.DefaultGenericMobileDriver.findElement(DefaultGenericMobileDriver.java:57)
	at io.appium.java_client.AppiumDriver.findElement(AppiumDriver.java:1)
	at io.appium.java_client.android.AndroidDriver.findElement(AndroidDriver.java:1)
	at io.appium.java_client.pagefactory.AppiumElementLocator.lambda$0(AppiumElementLocator.java:120)
	at io.appium.java_client.pagefactory.AppiumElementLocator$WaitingFunction.apply(AppiumElementLocator.java:172)
	at io.appium.java_client.pagefactory.AppiumElementLocator$WaitingFunction.apply(AppiumElementLocator.java:1)
	at org.openqa.selenium.support.ui.FluentWait.until(FluentWait.java:249)
	... 35 more

[logs/Android_OnePlus_3T INFO ] 2020-05-10 14:20:27.442 BaseTest:149 - video path: videos/Android_OnePlus_3T/2020-05-10-14-19-50/LoginTests/invalidUserName.mp4
[logs/Android_OnePlus_3T INFO ] 2020-05-10 14:23:28.641 BaseTest:206 - log path: logs/Android_OnePlus_3T
[logs/Android_OnePlus_3T INFO ] 2020-05-10 14:23:28.668 BaseTest:213 - load config.properties
[logs/Android_OnePlus_3T INFO ] 2020-05-10 14:23:28.669 BaseTest:218 - load strings/strings.xml
[logs/Android_OnePlus_3T INFO ] 2020-05-10 14:23:28.673 BaseTest:238 - appUrl is/Users/srikanthparvatikar/Downloads/appium-pageobjectmodel-master/target/test-classes/app/Amazon_Shopping.apk
[logs/Android_OnePlus_3T INFO ] 2020-05-10 14:23:41.328 BaseTest:256 - driver initialized: io.appium.java_client.android.AndroidDriver, Capabilities: {app=/Users/srikanthparvatikar/Downloads/appium-pageobjectmodel-master/target/test-classes/app/Amazon_Shopping.apk, appActivity=com.amazon.mShop.splashscreen.StartupActivity, appPackage=com.amazon.mShop.android.shopping, automationName=UiAutomator2, databaseEnabled=false, desired={platformName=android, app=/Users/srikanthparvatikar/Downloads/appium-pageobjectmodel-master/target/test-classes/app/Amazon_Shopping.apk, appActivity=com.amazon.mShop.splashscreen.StartupActivity, appPackage=com.amazon.mShop.android.shopping, automationName=UiAutomator2, deviceName=OnePlus_3T, udid=614a12ef}, deviceApiLevel=28, deviceManufacturer=OnePlus, deviceModel=ONEPLUS A3003, deviceName=614a12ef, deviceScreenDensity=420, deviceScreenSize=1080x1920, deviceUDID=614a12ef, javascriptEnabled=true, locationContextEnabled=false, networkConnectionEnabled=true, pixelRatio=2.625, platform=LINUX, platformName=Android, platformVersion=9, statBarHeight=63, takesScreenshot=true, udid=614a12ef, viewportRect={left=0, top=63, width=1080, height=1857}, warnings={}, webStorageEnabled=false}
[logs/Android_OnePlus_3T INFO ] 2020-05-10 14:23:41.939 LoginTests:58 - 
****** starting test:invalidUserName******

[logs/Android_OnePlus_3T INFO ] 2020-05-10 14:23:46.143 BaseTest:329 - Sign in to your account
[logs/Android_OnePlus_3T ERROR] 2020-05-10 14:23:56.470 TestListener:33 - org.openqa.selenium.TimeoutException: Expected condition failed: waiting for visibility of Located by By.chained({By.xpath: //*[@id='outer-accordion-signin-signup-page']//following::View}) (tried for 10 second(s) with 500 milliseconds interval)
	at org.openqa.selenium.support.ui.WebDriverWait.timeoutException(WebDriverWait.java:95)
	at org.openqa.selenium.support.ui.FluentWait.until(FluentWait.java:272)
	at com.qa.BaseTest.waitForVisibility(BaseTest.java:272)
	at com.qa.BaseTest.getText(BaseTest.java:320)
	at com.qa.pages.Login.LoginUserNamePage.welcomeMsgTxt(LoginUserNamePage.java:28)
	at com.qa.tests.LoginTests.invalidUserName(LoginTests.java:76)
	at sun.reflect.NativeMethodAccessorImpl.invoke0(Native Method)
	at sun.reflect.NativeMethodAccessorImpl.invoke(NativeMethodAccessorImpl.java:62)
	at sun.reflect.DelegatingMethodAccessorImpl.invoke(DelegatingMethodAccessorImpl.java:43)
	at java.lang.reflect.Method.invoke(Method.java:498)
	at org.testng.internal.MethodInvocationHelper.invokeMethod(MethodInvocationHelper.java:124)
	at org.testng.internal.Invoker.invokeMethod(Invoker.java:583)
	at org.testng.internal.Invoker.invokeTestMethod(Invoker.java:719)
	at org.testng.internal.Invoker.invokeTestMethods(Invoker.java:989)
	at org.testng.internal.TestMethodWorker.invokeTestMethods(TestMethodWorker.java:125)
	at org.testng.internal.TestMethodWorker.run(TestMethodWorker.java:109)
	at org.testng.TestRunner.privateRun(TestRunner.java:648)
	at org.testng.TestRunner.run(TestRunner.java:505)
	at org.testng.SuiteRunner.runTest(SuiteRunner.java:455)
	at org.testng.SuiteRunner.access$000(SuiteRunner.java:40)
	at org.testng.SuiteRunner$SuiteWorker.run(SuiteRunner.java:489)
	at org.testng.internal.thread.ThreadUtil$1.call(ThreadUtil.java:52)
	at java.util.concurrent.FutureTask.run$$$capture(FutureTask.java:266)
	at java.util.concurrent.FutureTask.run(FutureTask.java)
	at java.util.concurrent.ThreadPoolExecutor.runWorker(ThreadPoolExecutor.java:1149)
	at java.util.concurrent.ThreadPoolExecutor$Worker.run(ThreadPoolExecutor.java:624)
	at java.lang.Thread.run(Thread.java:748)
Caused by: org.openqa.selenium.NoSuchElementException: Can't locate an element by this strategy: By.chained({By.xpath: //*[@id='outer-accordion-signin-signup-page']//following::View})
	at io.appium.java_client.pagefactory.AppiumElementLocator.findElement(AppiumElementLocator.java:126)
	at io.appium.java_client.pagefactory.interceptors.InterceptorOfASingleElement.intercept(InterceptorOfASingleElement.java:59)
	at io.appium.java_client.android.AndroidElement$$EnhancerByCGLIB$$b598166c.isDisplayed(<generated>)
	at org.openqa.selenium.support.ui.ExpectedConditions.elementIfVisible(ExpectedConditions.java:314)
	at org.openqa.selenium.support.ui.ExpectedConditions.access$000(ExpectedConditions.java:43)
	at org.openqa.selenium.support.ui.ExpectedConditions$10.apply(ExpectedConditions.java:300)
	at org.openqa.selenium.support.ui.ExpectedConditions$10.apply(ExpectedConditions.java:297)
	at org.openqa.selenium.support.ui.FluentWait.until(FluentWait.java:249)
	... 25 more
Caused by: org.openqa.selenium.TimeoutException: Expected condition failed: waiting for io.appium.java_client.pagefactory.AppiumElementLocator$WaitingFunction@3ceaff93 (tried for 1 second(s) with 500 milliseconds interval)
	at org.openqa.selenium.support.ui.FluentWait.timeoutException(FluentWait.java:304)
	at org.openqa.selenium.support.ui.FluentWait.until(FluentWait.java:272)
	at io.appium.java_client.pagefactory.AppiumElementLocator.waitFor(AppiumElementLocator.java:99)
	at io.appium.java_client.pagefactory.AppiumElementLocator.findElement(AppiumElementLocator.java:119)
	... 32 more
Caused by: org.openqa.selenium.NoSuchElementException: Cannot locate an element using By.chained({By.xpath: //*[@id='outer-accordion-signin-signup-page']//following::View})
For documentation on this error, please visit: https://www.seleniumhq.org/exceptions/no_such_element.html
Build info: version: '3.141.59', revision: 'e82be7d358', time: '2018-11-14T08:17:03'
System info: host: 'Srikanths-MBP', ip: '2401:4900:26f6:6aca:95b1:6b0d:c8a0:34a8%en0', os.name: 'Mac OS X', os.arch: 'x86_64', os.version: '10.14.6', java.version: '1.8.0_231'
Driver info: driver.version: AndroidDriver
	at io.appium.java_client.pagefactory.bys.builder.ByChained.findElement(ByChained.java:74)
	at org.openqa.selenium.remote.RemoteWebDriver.findElement(RemoteWebDriver.java:315)
	at io.appium.java_client.DefaultGenericMobileDriver.findElement(DefaultGenericMobileDriver.java:57)
	at io.appium.java_client.AppiumDriver.findElement(AppiumDriver.java:1)
	at io.appium.java_client.android.AndroidDriver.findElement(AndroidDriver.java:1)
	at io.appium.java_client.pagefactory.bys.ContentMappedBy.findElement(ContentMappedBy.java:50)
	at org.openqa.selenium.remote.RemoteWebDriver.findElement(RemoteWebDriver.java:315)
	at io.appium.java_client.DefaultGenericMobileDriver.findElement(DefaultGenericMobileDriver.java:57)
	at io.appium.java_client.AppiumDriver.findElement(AppiumDriver.java:1)
	at io.appium.java_client.android.AndroidDriver.findElement(AndroidDriver.java:1)
	at io.appium.java_client.pagefactory.AppiumElementLocator.lambda$0(AppiumElementLocator.java:120)
	at io.appium.java_client.pagefactory.AppiumElementLocator$WaitingFunction.apply(AppiumElementLocator.java:172)
	at io.appium.java_client.pagefactory.AppiumElementLocator$WaitingFunction.apply(AppiumElementLocator.java:1)
	at org.openqa.selenium.support.ui.FluentWait.until(FluentWait.java:249)
	... 34 more

[logs/Android_OnePlus_3T INFO ] 2020-05-10 14:23:58.299 BaseTest:149 - video path: videos/Android_OnePlus_3T/2020-05-10-14-23-28/LoginTests/invalidUserName.mp4
[logs/Android_OnePlus_3T INFO ] 2020-05-10 14:27:32.740 BaseTest:206 - log path: logs/Android_OnePlus_3T
[logs/Android_OnePlus_3T INFO ] 2020-05-10 14:27:32.768 BaseTest:213 - load config.properties
[logs/Android_OnePlus_3T INFO ] 2020-05-10 14:27:32.768 BaseTest:218 - load strings/strings.xml
[logs/Android_OnePlus_3T INFO ] 2020-05-10 14:27:32.773 BaseTest:238 - appUrl is/Users/srikanthparvatikar/Downloads/appium-pageobjectmodel-master/target/test-classes/app/Amazon_Shopping.apk
[logs/Android_OnePlus_3T INFO ] 2020-05-10 14:27:45.522 BaseTest:256 - driver initialized: io.appium.java_client.android.AndroidDriver, Capabilities: {app=/Users/srikanthparvatikar/Downloads/appium-pageobjectmodel-master/target/test-classes/app/Amazon_Shopping.apk, appActivity=com.amazon.mShop.splashscreen.StartupActivity, appPackage=com.amazon.mShop.android.shopping, automationName=UiAutomator2, databaseEnabled=false, desired={platformName=android, app=/Users/srikanthparvatikar/Downloads/appium-pageobjectmodel-master/target/test-classes/app/Amazon_Shopping.apk, appActivity=com.amazon.mShop.splashscreen.StartupActivity, appPackage=com.amazon.mShop.android.shopping, automationName=UiAutomator2, deviceName=OnePlus_3T, udid=614a12ef}, deviceApiLevel=28, deviceManufacturer=OnePlus, deviceModel=ONEPLUS A3003, deviceName=614a12ef, deviceScreenDensity=420, deviceScreenSize=1080x1920, deviceUDID=614a12ef, javascriptEnabled=true, locationContextEnabled=false, networkConnectionEnabled=true, pixelRatio=2.625, platform=LINUX, platformName=Android, platformVersion=9, statBarHeight=63, takesScreenshot=true, udid=614a12ef, viewportRect={left=0, top=63, width=1080, height=1857}, warnings={}, webStorageEnabled=false}
[logs/Android_OnePlus_3T INFO ] 2020-05-10 14:27:46.139 LoginTests:58 - 
****** starting test:invalidUserName******

[logs/Android_OnePlus_3T INFO ] 2020-05-10 14:27:49.552 BaseTest:329 - Sign in to your account
[logs/Android_OnePlus_3T ERROR] 2020-05-10 14:28:00.884 TestListener:33 - org.openqa.selenium.TimeoutException: Expected condition failed: waiting for visibility of Located by By.chained({By.xpath: //*[@id='accordion-signin-signup-page']//preceding-sibling::*[@class='android.view.View']}) (tried for 10 second(s) with 500 milliseconds interval)
	at org.openqa.selenium.support.ui.WebDriverWait.timeoutException(WebDriverWait.java:95)
	at org.openqa.selenium.support.ui.FluentWait.until(FluentWait.java:272)
	at com.qa.BaseTest.waitForVisibility(BaseTest.java:272)
	at com.qa.BaseTest.getText(BaseTest.java:320)
	at com.qa.pages.Login.LoginUserNamePage.welcomeMsgTxt(LoginUserNamePage.java:28)
	at com.qa.tests.LoginTests.invalidUserName(LoginTests.java:76)
	at sun.reflect.NativeMethodAccessorImpl.invoke0(Native Method)
	at sun.reflect.NativeMethodAccessorImpl.invoke(NativeMethodAccessorImpl.java:62)
	at sun.reflect.DelegatingMethodAccessorImpl.invoke(DelegatingMethodAccessorImpl.java:43)
	at java.lang.reflect.Method.invoke(Method.java:498)
	at org.testng.internal.MethodInvocationHelper.invokeMethod(MethodInvocationHelper.java:124)
	at org.testng.internal.Invoker.invokeMethod(Invoker.java:583)
	at org.testng.internal.Invoker.invokeTestMethod(Invoker.java:719)
	at org.testng.internal.Invoker.invokeTestMethods(Invoker.java:989)
	at org.testng.internal.TestMethodWorker.invokeTestMethods(TestMethodWorker.java:125)
	at org.testng.internal.TestMethodWorker.run(TestMethodWorker.java:109)
	at org.testng.TestRunner.privateRun(TestRunner.java:648)
	at org.testng.TestRunner.run(TestRunner.java:505)
	at org.testng.SuiteRunner.runTest(SuiteRunner.java:455)
	at org.testng.SuiteRunner.access$000(SuiteRunner.java:40)
	at org.testng.SuiteRunner$SuiteWorker.run(SuiteRunner.java:489)
	at org.testng.internal.thread.ThreadUtil$1.call(ThreadUtil.java:52)
	at java.util.concurrent.FutureTask.run$$$capture(FutureTask.java:266)
	at java.util.concurrent.FutureTask.run(FutureTask.java)
	at java.util.concurrent.ThreadPoolExecutor.runWorker(ThreadPoolExecutor.java:1149)
	at java.util.concurrent.ThreadPoolExecutor$Worker.run(ThreadPoolExecutor.java:624)
	at java.lang.Thread.run(Thread.java:748)
Caused by: org.openqa.selenium.NoSuchElementException: Can't locate an element by this strategy: By.chained({By.xpath: //*[@id='accordion-signin-signup-page']//preceding-sibling::*[@class='android.view.View']})
	at io.appium.java_client.pagefactory.AppiumElementLocator.findElement(AppiumElementLocator.java:126)
	at io.appium.java_client.pagefactory.interceptors.InterceptorOfASingleElement.intercept(InterceptorOfASingleElement.java:59)
	at io.appium.java_client.android.AndroidElement$$EnhancerByCGLIB$$b598166c.isDisplayed(<generated>)
	at org.openqa.selenium.support.ui.ExpectedConditions.elementIfVisible(ExpectedConditions.java:314)
	at org.openqa.selenium.support.ui.ExpectedConditions.access$000(ExpectedConditions.java:43)
	at org.openqa.selenium.support.ui.ExpectedConditions$10.apply(ExpectedConditions.java:300)
	at org.openqa.selenium.support.ui.ExpectedConditions$10.apply(ExpectedConditions.java:297)
	at org.openqa.selenium.support.ui.FluentWait.until(FluentWait.java:249)
	... 25 more
Caused by: org.openqa.selenium.TimeoutException: Expected condition failed: waiting for io.appium.java_client.pagefactory.AppiumElementLocator$WaitingFunction@68769390 (tried for 1 second(s) with 500 milliseconds interval)
	at org.openqa.selenium.support.ui.FluentWait.timeoutException(FluentWait.java:304)
	at org.openqa.selenium.support.ui.FluentWait.until(FluentWait.java:272)
	at io.appium.java_client.pagefactory.AppiumElementLocator.waitFor(AppiumElementLocator.java:99)
	at io.appium.java_client.pagefactory.AppiumElementLocator.findElement(AppiumElementLocator.java:119)
	... 32 more
Caused by: org.openqa.selenium.NoSuchElementException: Cannot locate an element using By.chained({By.xpath: //*[@id='accordion-signin-signup-page']//preceding-sibling::*[@class='android.view.View']})
For documentation on this error, please visit: https://www.seleniumhq.org/exceptions/no_such_element.html
Build info: version: '3.141.59', revision: 'e82be7d358', time: '2018-11-14T08:17:03'
System info: host: 'Srikanths-MBP', ip: '2401:4900:26f6:6aca:95b1:6b0d:c8a0:34a8%en0', os.name: 'Mac OS X', os.arch: 'x86_64', os.version: '10.14.6', java.version: '1.8.0_231'
Driver info: driver.version: AndroidDriver
	at io.appium.java_client.pagefactory.bys.builder.ByChained.findElement(ByChained.java:74)
	at org.openqa.selenium.remote.RemoteWebDriver.findElement(RemoteWebDriver.java:315)
	at io.appium.java_client.DefaultGenericMobileDriver.findElement(DefaultGenericMobileDriver.java:57)
	at io.appium.java_client.AppiumDriver.findElement(AppiumDriver.java:1)
	at io.appium.java_client.android.AndroidDriver.findElement(AndroidDriver.java:1)
	at io.appium.java_client.pagefactory.bys.ContentMappedBy.findElement(ContentMappedBy.java:50)
	at org.openqa.selenium.remote.RemoteWebDriver.findElement(RemoteWebDriver.java:315)
	at io.appium.java_client.DefaultGenericMobileDriver.findElement(DefaultGenericMobileDriver.java:57)
	at io.appium.java_client.AppiumDriver.findElement(AppiumDriver.java:1)
	at io.appium.java_client.android.AndroidDriver.findElement(AndroidDriver.java:1)
	at io.appium.java_client.pagefactory.AppiumElementLocator.lambda$0(AppiumElementLocator.java:120)
	at io.appium.java_client.pagefactory.AppiumElementLocator$WaitingFunction.apply(AppiumElementLocator.java:172)
	at io.appium.java_client.pagefactory.AppiumElementLocator$WaitingFunction.apply(AppiumElementLocator.java:1)
	at org.openqa.selenium.support.ui.FluentWait.until(FluentWait.java:249)
	... 34 more

[logs/Android_OnePlus_3T INFO ] 2020-05-10 14:28:02.616 BaseTest:149 - video path: videos/Android_OnePlus_3T/2020-05-10-14-27-32/LoginTests/invalidUserName.mp4
[logs/Android_OnePlus_3T INFO ] 2020-05-10 14:28:29.140 BaseTest:206 - log path: logs/Android_OnePlus_3T
[logs/Android_OnePlus_3T INFO ] 2020-05-10 14:28:29.168 BaseTest:213 - load config.properties
[logs/Android_OnePlus_3T INFO ] 2020-05-10 14:28:29.168 BaseTest:218 - load strings/strings.xml
[logs/Android_OnePlus_3T INFO ] 2020-05-10 14:28:29.173 BaseTest:238 - appUrl is/Users/srikanthparvatikar/Downloads/appium-pageobjectmodel-master/target/test-classes/app/Amazon_Shopping.apk
[logs/Android_OnePlus_3T INFO ] 2020-05-10 14:28:43.733 BaseTest:256 - driver initialized: io.appium.java_client.android.AndroidDriver, Capabilities: {app=/Users/srikanthparvatikar/Downloads/appium-pageobjectmodel-master/target/test-classes/app/Amazon_Shopping.apk, appActivity=com.amazon.mShop.splashscreen.StartupActivity, appPackage=com.amazon.mShop.android.shopping, automationName=UiAutomator2, databaseEnabled=false, desired={platformName=android, app=/Users/srikanthparvatikar/Downloads/appium-pageobjectmodel-master/target/test-classes/app/Amazon_Shopping.apk, appActivity=com.amazon.mShop.splashscreen.StartupActivity, appPackage=com.amazon.mShop.android.shopping, automationName=UiAutomator2, deviceName=OnePlus_3T, udid=614a12ef}, deviceApiLevel=28, deviceManufacturer=OnePlus, deviceModel=ONEPLUS A3003, deviceName=614a12ef, deviceScreenDensity=420, deviceScreenSize=1080x1920, deviceUDID=614a12ef, javascriptEnabled=true, locationContextEnabled=false, networkConnectionEnabled=true, pixelRatio=2.625, platform=LINUX, platformName=Android, platformVersion=9, statBarHeight=63, takesScreenshot=true, udid=614a12ef, viewportRect={left=0, top=63, width=1080, height=1857}, warnings={}, webStorageEnabled=false}
[logs/Android_OnePlus_3T INFO ] 2020-05-10 14:28:44.411 LoginTests:58 - 
****** starting test:invalidUserName******

[logs/Android_OnePlus_3T INFO ] 2020-05-10 14:28:48.932 BaseTest:329 - Sign in to your account
[logs/Android_OnePlus_3T ERROR] 2020-05-10 14:29:10.799 TestListener:33 - org.openqa.selenium.TimeoutException: Expected condition failed: waiting for visibility of Located by By.chained({By.xpath: //*[@id='accordion-signin-signup-page']//preceding-sibling::*[@class='android.view.View']}) (tried for 20 second(s) with 500 milliseconds interval)
	at org.openqa.selenium.support.ui.WebDriverWait.timeoutException(WebDriverWait.java:95)
	at org.openqa.selenium.support.ui.FluentWait.until(FluentWait.java:272)
	at com.qa.BaseTest.waitForVisibility(BaseTest.java:272)
	at com.qa.BaseTest.getText(BaseTest.java:320)
	at com.qa.pages.Login.LoginUserNamePage.welcomeMsgTxt(LoginUserNamePage.java:28)
	at com.qa.tests.LoginTests.invalidUserName(LoginTests.java:76)
	at sun.reflect.NativeMethodAccessorImpl.invoke0(Native Method)
	at sun.reflect.NativeMethodAccessorImpl.invoke(NativeMethodAccessorImpl.java:62)
	at sun.reflect.DelegatingMethodAccessorImpl.invoke(DelegatingMethodAccessorImpl.java:43)
	at java.lang.reflect.Method.invoke(Method.java:498)
	at org.testng.internal.MethodInvocationHelper.invokeMethod(MethodInvocationHelper.java:124)
	at org.testng.internal.Invoker.invokeMethod(Invoker.java:583)
	at org.testng.internal.Invoker.invokeTestMethod(Invoker.java:719)
	at org.testng.internal.Invoker.invokeTestMethods(Invoker.java:989)
	at org.testng.internal.TestMethodWorker.invokeTestMethods(TestMethodWorker.java:125)
	at org.testng.internal.TestMethodWorker.run(TestMethodWorker.java:109)
	at org.testng.TestRunner.privateRun(TestRunner.java:648)
	at org.testng.TestRunner.run(TestRunner.java:505)
	at org.testng.SuiteRunner.runTest(SuiteRunner.java:455)
	at org.testng.SuiteRunner.access$000(SuiteRunner.java:40)
	at org.testng.SuiteRunner$SuiteWorker.run(SuiteRunner.java:489)
	at org.testng.internal.thread.ThreadUtil$1.call(ThreadUtil.java:52)
	at java.util.concurrent.FutureTask.run$$$capture(FutureTask.java:266)
	at java.util.concurrent.FutureTask.run(FutureTask.java)
	at java.util.concurrent.ThreadPoolExecutor.runWorker(ThreadPoolExecutor.java:1149)
	at java.util.concurrent.ThreadPoolExecutor$Worker.run(ThreadPoolExecutor.java:624)
	at java.lang.Thread.run(Thread.java:748)
Caused by: org.openqa.selenium.NoSuchElementException: Can't locate an element by this strategy: By.chained({By.xpath: //*[@id='accordion-signin-signup-page']//preceding-sibling::*[@class='android.view.View']})
	at io.appium.java_client.pagefactory.AppiumElementLocator.findElement(AppiumElementLocator.java:126)
	at io.appium.java_client.pagefactory.interceptors.InterceptorOfASingleElement.intercept(InterceptorOfASingleElement.java:59)
	at io.appium.java_client.android.AndroidElement$$EnhancerByCGLIB$$b598166c.isDisplayed(<generated>)
	at org.openqa.selenium.support.ui.ExpectedConditions.elementIfVisible(ExpectedConditions.java:314)
	at org.openqa.selenium.support.ui.ExpectedConditions.access$000(ExpectedConditions.java:43)
	at org.openqa.selenium.support.ui.ExpectedConditions$10.apply(ExpectedConditions.java:300)
	at org.openqa.selenium.support.ui.ExpectedConditions$10.apply(ExpectedConditions.java:297)
	at org.openqa.selenium.support.ui.FluentWait.until(FluentWait.java:249)
	... 25 more
Caused by: org.openqa.selenium.TimeoutException: Expected condition failed: waiting for io.appium.java_client.pagefactory.AppiumElementLocator$WaitingFunction@67c94baa (tried for 1 second(s) with 500 milliseconds interval)
	at org.openqa.selenium.support.ui.FluentWait.timeoutException(FluentWait.java:304)
	at org.openqa.selenium.support.ui.FluentWait.until(FluentWait.java:272)
	at io.appium.java_client.pagefactory.AppiumElementLocator.waitFor(AppiumElementLocator.java:99)
	at io.appium.java_client.pagefactory.AppiumElementLocator.findElement(AppiumElementLocator.java:119)
	... 32 more
Caused by: org.openqa.selenium.NoSuchElementException: Cannot locate an element using By.chained({By.xpath: //*[@id='accordion-signin-signup-page']//preceding-sibling::*[@class='android.view.View']})
For documentation on this error, please visit: https://www.seleniumhq.org/exceptions/no_such_element.html
Build info: version: '3.141.59', revision: 'e82be7d358', time: '2018-11-14T08:17:03'
System info: host: 'Srikanths-MBP', ip: '2401:4900:26f6:6aca:95b1:6b0d:c8a0:34a8%en0', os.name: 'Mac OS X', os.arch: 'x86_64', os.version: '10.14.6', java.version: '1.8.0_231'
Driver info: driver.version: AndroidDriver
	at io.appium.java_client.pagefactory.bys.builder.ByChained.findElement(ByChained.java:74)
	at org.openqa.selenium.remote.RemoteWebDriver.findElement(RemoteWebDriver.java:315)
	at io.appium.java_client.DefaultGenericMobileDriver.findElement(DefaultGenericMobileDriver.java:57)
	at io.appium.java_client.AppiumDriver.findElement(AppiumDriver.java:1)
	at io.appium.java_client.android.AndroidDriver.findElement(AndroidDriver.java:1)
	at io.appium.java_client.pagefactory.bys.ContentMappedBy.findElement(ContentMappedBy.java:50)
	at org.openqa.selenium.remote.RemoteWebDriver.findElement(RemoteWebDriver.java:315)
	at io.appium.java_client.DefaultGenericMobileDriver.findElement(DefaultGenericMobileDriver.java:57)
	at io.appium.java_client.AppiumDriver.findElement(AppiumDriver.java:1)
	at io.appium.java_client.android.AndroidDriver.findElement(AndroidDriver.java:1)
	at io.appium.java_client.pagefactory.AppiumElementLocator.lambda$0(AppiumElementLocator.java:120)
	at io.appium.java_client.pagefactory.AppiumElementLocator$WaitingFunction.apply(AppiumElementLocator.java:172)
	at io.appium.java_client.pagefactory.AppiumElementLocator$WaitingFunction.apply(AppiumElementLocator.java:1)
	at org.openqa.selenium.support.ui.FluentWait.until(FluentWait.java:249)
	... 34 more

[logs/Android_OnePlus_3T INFO ] 2020-05-10 14:29:12.657 BaseTest:149 - video path: videos/Android_OnePlus_3T/2020-05-10-14-28-28/LoginTests/invalidUserName.mp4
[logs/Android_OnePlus_3T INFO ] 2020-05-10 14:30:01.613 BaseTest:206 - log path: logs/Android_OnePlus_3T
[logs/Android_OnePlus_3T INFO ] 2020-05-10 14:30:01.641 BaseTest:213 - load config.properties
[logs/Android_OnePlus_3T INFO ] 2020-05-10 14:30:01.642 BaseTest:218 - load strings/strings.xml
[logs/Android_OnePlus_3T INFO ] 2020-05-10 14:30:01.646 BaseTest:238 - appUrl is/Users/srikanthparvatikar/Downloads/appium-pageobjectmodel-master/target/test-classes/app/Amazon_Shopping.apk
[logs/Android_OnePlus_3T INFO ] 2020-05-10 14:30:14.122 BaseTest:256 - driver initialized: io.appium.java_client.android.AndroidDriver, Capabilities: {app=/Users/srikanthparvatikar/Downloads/appium-pageobjectmodel-master/target/test-classes/app/Amazon_Shopping.apk, appActivity=com.amazon.mShop.splashscreen.StartupActivity, appPackage=com.amazon.mShop.android.shopping, automationName=UiAutomator2, databaseEnabled=false, desired={platformName=android, app=/Users/srikanthparvatikar/Downloads/appium-pageobjectmodel-master/target/test-classes/app/Amazon_Shopping.apk, appActivity=com.amazon.mShop.splashscreen.StartupActivity, appPackage=com.amazon.mShop.android.shopping, automationName=UiAutomator2, deviceName=OnePlus_3T, udid=614a12ef}, deviceApiLevel=28, deviceManufacturer=OnePlus, deviceModel=ONEPLUS A3003, deviceName=614a12ef, deviceScreenDensity=420, deviceScreenSize=1080x1920, deviceUDID=614a12ef, javascriptEnabled=true, locationContextEnabled=false, networkConnectionEnabled=true, pixelRatio=2.625, platform=LINUX, platformName=Android, platformVersion=9, statBarHeight=63, takesScreenshot=true, udid=614a12ef, viewportRect={left=0, top=63, width=1080, height=1857}, warnings={}, webStorageEnabled=false}
[logs/Android_OnePlus_3T INFO ] 2020-05-10 14:30:14.720 LoginTests:58 - 
****** starting test:invalidUserName******

[logs/Android_OnePlus_3T INFO ] 2020-05-10 14:30:23.270 BaseTest:329 - Sign in to your account
[logs/Android_OnePlus_3T ERROR] 2020-05-10 14:30:45.191 TestListener:33 - org.openqa.selenium.TimeoutException: Expected condition failed: waiting for visibility of Located by By.chained({By.xpath: //*[@id='accordion-signin-signup-page']//preceding-sibling::[0]}) (tried for 20 second(s) with 500 milliseconds interval)
	at org.openqa.selenium.support.ui.WebDriverWait.timeoutException(WebDriverWait.java:95)
	at org.openqa.selenium.support.ui.FluentWait.until(FluentWait.java:272)
	at com.qa.BaseTest.waitForVisibility(BaseTest.java:272)
	at com.qa.BaseTest.getText(BaseTest.java:320)
	at com.qa.pages.Login.LoginUserNamePage.welcomeMsgTxt(LoginUserNamePage.java:28)
	at com.qa.tests.LoginTests.invalidUserName(LoginTests.java:76)
	at sun.reflect.NativeMethodAccessorImpl.invoke0(Native Method)
	at sun.reflect.NativeMethodAccessorImpl.invoke(NativeMethodAccessorImpl.java:62)
	at sun.reflect.DelegatingMethodAccessorImpl.invoke(DelegatingMethodAccessorImpl.java:43)
	at java.lang.reflect.Method.invoke(Method.java:498)
	at org.testng.internal.MethodInvocationHelper.invokeMethod(MethodInvocationHelper.java:124)
	at org.testng.internal.Invoker.invokeMethod(Invoker.java:583)
	at org.testng.internal.Invoker.invokeTestMethod(Invoker.java:719)
	at org.testng.internal.Invoker.invokeTestMethods(Invoker.java:989)
	at org.testng.internal.TestMethodWorker.invokeTestMethods(TestMethodWorker.java:125)
	at org.testng.internal.TestMethodWorker.run(TestMethodWorker.java:109)
	at org.testng.TestRunner.privateRun(TestRunner.java:648)
	at org.testng.TestRunner.run(TestRunner.java:505)
	at org.testng.SuiteRunner.runTest(SuiteRunner.java:455)
	at org.testng.SuiteRunner.access$000(SuiteRunner.java:40)
	at org.testng.SuiteRunner$SuiteWorker.run(SuiteRunner.java:489)
	at org.testng.internal.thread.ThreadUtil$1.call(ThreadUtil.java:52)
	at java.util.concurrent.FutureTask.run$$$capture(FutureTask.java:266)
	at java.util.concurrent.FutureTask.run(FutureTask.java)
	at java.util.concurrent.ThreadPoolExecutor.runWorker(ThreadPoolExecutor.java:1149)
	at java.util.concurrent.ThreadPoolExecutor$Worker.run(ThreadPoolExecutor.java:624)
	at java.lang.Thread.run(Thread.java:748)
Caused by: org.openqa.selenium.NoSuchElementException: Can't locate an element by this strategy: By.chained({By.xpath: //*[@id='accordion-signin-signup-page']//preceding-sibling::[0]})
	at io.appium.java_client.pagefactory.AppiumElementLocator.findElement(AppiumElementLocator.java:126)
	at io.appium.java_client.pagefactory.interceptors.InterceptorOfASingleElement.intercept(InterceptorOfASingleElement.java:59)
	at io.appium.java_client.android.AndroidElement$$EnhancerByCGLIB$$b598166c.isDisplayed(<generated>)
	at org.openqa.selenium.support.ui.ExpectedConditions.elementIfVisible(ExpectedConditions.java:314)
	at org.openqa.selenium.support.ui.ExpectedConditions.access$000(ExpectedConditions.java:43)
	at org.openqa.selenium.support.ui.ExpectedConditions$10.apply(ExpectedConditions.java:300)
	at org.openqa.selenium.support.ui.ExpectedConditions$10.apply(ExpectedConditions.java:297)
	at org.openqa.selenium.support.ui.FluentWait.until(FluentWait.java:249)
	... 25 more
Caused by: org.openqa.selenium.TimeoutException: Expected condition failed: waiting for io.appium.java_client.pagefactory.AppiumElementLocator$WaitingFunction@6d7e4f33 (tried for 1 second(s) with 500 milliseconds interval)
	at org.openqa.selenium.support.ui.FluentWait.timeoutException(FluentWait.java:304)
	at org.openqa.selenium.support.ui.FluentWait.until(FluentWait.java:272)
	at io.appium.java_client.pagefactory.AppiumElementLocator.waitFor(AppiumElementLocator.java:99)
	at io.appium.java_client.pagefactory.AppiumElementLocator.findElement(AppiumElementLocator.java:119)
	... 32 more
Caused by: org.openqa.selenium.NoSuchElementException: Cannot locate an element using By.chained({By.xpath: //*[@id='accordion-signin-signup-page']//preceding-sibling::[0]})
For documentation on this error, please visit: https://www.seleniumhq.org/exceptions/no_such_element.html
Build info: version: '3.141.59', revision: 'e82be7d358', time: '2018-11-14T08:17:03'
System info: host: 'Srikanths-MBP', ip: '2401:4900:26f6:6aca:95b1:6b0d:c8a0:34a8%en0', os.name: 'Mac OS X', os.arch: 'x86_64', os.version: '10.14.6', java.version: '1.8.0_231'
Driver info: driver.version: AndroidDriver
	at io.appium.java_client.pagefactory.bys.builder.ByChained.findElement(ByChained.java:74)
	at org.openqa.selenium.remote.RemoteWebDriver.findElement(RemoteWebDriver.java:315)
	at io.appium.java_client.DefaultGenericMobileDriver.findElement(DefaultGenericMobileDriver.java:57)
	at io.appium.java_client.AppiumDriver.findElement(AppiumDriver.java:1)
	at io.appium.java_client.android.AndroidDriver.findElement(AndroidDriver.java:1)
	at io.appium.java_client.pagefactory.bys.ContentMappedBy.findElement(ContentMappedBy.java:50)
	at org.openqa.selenium.remote.RemoteWebDriver.findElement(RemoteWebDriver.java:315)
	at io.appium.java_client.DefaultGenericMobileDriver.findElement(DefaultGenericMobileDriver.java:57)
	at io.appium.java_client.AppiumDriver.findElement(AppiumDriver.java:1)
	at io.appium.java_client.android.AndroidDriver.findElement(AndroidDriver.java:1)
	at io.appium.java_client.pagefactory.AppiumElementLocator.lambda$0(AppiumElementLocator.java:120)
	at io.appium.java_client.pagefactory.AppiumElementLocator$WaitingFunction.apply(AppiumElementLocator.java:172)
	at io.appium.java_client.pagefactory.AppiumElementLocator$WaitingFunction.apply(AppiumElementLocator.java:1)
	at org.openqa.selenium.support.ui.FluentWait.until(FluentWait.java:249)
	... 34 more

[logs/Android_OnePlus_3T INFO ] 2020-05-10 14:30:47.088 BaseTest:149 - video path: videos/Android_OnePlus_3T/2020-05-10-14-30-01/LoginTests/invalidUserName.mp4
[logs/Android_OnePlus_3T INFO ] 2020-05-10 14:30:58.476 BaseTest:206 - log path: logs/Android_OnePlus_3T
[logs/Android_OnePlus_3T INFO ] 2020-05-10 14:30:58.505 BaseTest:213 - load config.properties
[logs/Android_OnePlus_3T INFO ] 2020-05-10 14:30:58.505 BaseTest:218 - load strings/strings.xml
[logs/Android_OnePlus_3T INFO ] 2020-05-10 14:30:58.510 BaseTest:238 - appUrl is/Users/srikanthparvatikar/Downloads/appium-pageobjectmodel-master/target/test-classes/app/Amazon_Shopping.apk
[logs/Android_OnePlus_3T INFO ] 2020-05-10 14:31:11.207 BaseTest:256 - driver initialized: io.appium.java_client.android.AndroidDriver, Capabilities: {app=/Users/srikanthparvatikar/Downloads/appium-pageobjectmodel-master/target/test-classes/app/Amazon_Shopping.apk, appActivity=com.amazon.mShop.splashscreen.StartupActivity, appPackage=com.amazon.mShop.android.shopping, automationName=UiAutomator2, databaseEnabled=false, desired={platformName=android, app=/Users/srikanthparvatikar/Downloads/appium-pageobjectmodel-master/target/test-classes/app/Amazon_Shopping.apk, appActivity=com.amazon.mShop.splashscreen.StartupActivity, appPackage=com.amazon.mShop.android.shopping, automationName=UiAutomator2, deviceName=OnePlus_3T, udid=614a12ef}, deviceApiLevel=28, deviceManufacturer=OnePlus, deviceModel=ONEPLUS A3003, deviceName=614a12ef, deviceScreenDensity=420, deviceScreenSize=1080x1920, deviceUDID=614a12ef, javascriptEnabled=true, locationContextEnabled=false, networkConnectionEnabled=true, pixelRatio=2.625, platform=LINUX, platformName=Android, platformVersion=9, statBarHeight=63, takesScreenshot=true, udid=614a12ef, viewportRect={left=0, top=63, width=1080, height=1857}, warnings={}, webStorageEnabled=false}
[logs/Android_OnePlus_3T INFO ] 2020-05-10 14:31:11.807 LoginTests:58 - 
****** starting test:invalidUserName******

[logs/Android_OnePlus_3T INFO ] 2020-05-10 14:31:16.515 BaseTest:329 - Sign in to your account
[logs/Android_OnePlus_3T ERROR] 2020-05-10 14:31:39.030 TestListener:33 - org.openqa.selenium.TimeoutException: Expected condition failed: waiting for visibility of Located by By.chained({By.xpath: //*[@id='accordion-signin-signup-page']//preceding-sibling}) (tried for 20 second(s) with 500 milliseconds interval)
	at org.openqa.selenium.support.ui.WebDriverWait.timeoutException(WebDriverWait.java:95)
	at org.openqa.selenium.support.ui.FluentWait.until(FluentWait.java:272)
	at com.qa.BaseTest.waitForVisibility(BaseTest.java:272)
	at com.qa.BaseTest.getText(BaseTest.java:320)
	at com.qa.pages.Login.LoginUserNamePage.welcomeMsgTxt(LoginUserNamePage.java:28)
	at com.qa.tests.LoginTests.invalidUserName(LoginTests.java:76)
	at sun.reflect.NativeMethodAccessorImpl.invoke0(Native Method)
	at sun.reflect.NativeMethodAccessorImpl.invoke(NativeMethodAccessorImpl.java:62)
	at sun.reflect.DelegatingMethodAccessorImpl.invoke(DelegatingMethodAccessorImpl.java:43)
	at java.lang.reflect.Method.invoke(Method.java:498)
	at org.testng.internal.MethodInvocationHelper.invokeMethod(MethodInvocationHelper.java:124)
	at org.testng.internal.Invoker.invokeMethod(Invoker.java:583)
	at org.testng.internal.Invoker.invokeTestMethod(Invoker.java:719)
	at org.testng.internal.Invoker.invokeTestMethods(Invoker.java:989)
	at org.testng.internal.TestMethodWorker.invokeTestMethods(TestMethodWorker.java:125)
	at org.testng.internal.TestMethodWorker.run(TestMethodWorker.java:109)
	at org.testng.TestRunner.privateRun(TestRunner.java:648)
	at org.testng.TestRunner.run(TestRunner.java:505)
	at org.testng.SuiteRunner.runTest(SuiteRunner.java:455)
	at org.testng.SuiteRunner.access$000(SuiteRunner.java:40)
	at org.testng.SuiteRunner$SuiteWorker.run(SuiteRunner.java:489)
	at org.testng.internal.thread.ThreadUtil$1.call(ThreadUtil.java:52)
	at java.util.concurrent.FutureTask.run$$$capture(FutureTask.java:266)
	at java.util.concurrent.FutureTask.run(FutureTask.java)
	at java.util.concurrent.ThreadPoolExecutor.runWorker(ThreadPoolExecutor.java:1149)
	at java.util.concurrent.ThreadPoolExecutor$Worker.run(ThreadPoolExecutor.java:624)
	at java.lang.Thread.run(Thread.java:748)
Caused by: org.openqa.selenium.NoSuchElementException: Can't locate an element by this strategy: By.chained({By.xpath: //*[@id='accordion-signin-signup-page']//preceding-sibling})
	at io.appium.java_client.pagefactory.AppiumElementLocator.findElement(AppiumElementLocator.java:126)
	at io.appium.java_client.pagefactory.interceptors.InterceptorOfASingleElement.intercept(InterceptorOfASingleElement.java:59)
	at io.appium.java_client.android.AndroidElement$$EnhancerByCGLIB$$b598166c.isDisplayed(<generated>)
	at org.openqa.selenium.support.ui.ExpectedConditions.elementIfVisible(ExpectedConditions.java:314)
	at org.openqa.selenium.support.ui.ExpectedConditions.access$000(ExpectedConditions.java:43)
	at org.openqa.selenium.support.ui.ExpectedConditions$10.apply(ExpectedConditions.java:300)
	at org.openqa.selenium.support.ui.ExpectedConditions$10.apply(ExpectedConditions.java:297)
	at org.openqa.selenium.support.ui.FluentWait.until(FluentWait.java:249)
	... 25 more
Caused by: org.openqa.selenium.TimeoutException: Expected condition failed: waiting for io.appium.java_client.pagefactory.AppiumElementLocator$WaitingFunction@257254e1 (tried for 1 second(s) with 500 milliseconds interval)
	at org.openqa.selenium.support.ui.FluentWait.timeoutException(FluentWait.java:304)
	at org.openqa.selenium.support.ui.FluentWait.until(FluentWait.java:272)
	at io.appium.java_client.pagefactory.AppiumElementLocator.waitFor(AppiumElementLocator.java:99)
	at io.appium.java_client.pagefactory.AppiumElementLocator.findElement(AppiumElementLocator.java:119)
	... 32 more
Caused by: org.openqa.selenium.NoSuchElementException: Cannot locate an element using By.chained({By.xpath: //*[@id='accordion-signin-signup-page']//preceding-sibling})
For documentation on this error, please visit: https://www.seleniumhq.org/exceptions/no_such_element.html
Build info: version: '3.141.59', revision: 'e82be7d358', time: '2018-11-14T08:17:03'
System info: host: 'Srikanths-MBP', ip: '2401:4900:26f6:6aca:95b1:6b0d:c8a0:34a8%en0', os.name: 'Mac OS X', os.arch: 'x86_64', os.version: '10.14.6', java.version: '1.8.0_231'
Driver info: driver.version: AndroidDriver
	at io.appium.java_client.pagefactory.bys.builder.ByChained.findElement(ByChained.java:74)
	at org.openqa.selenium.remote.RemoteWebDriver.findElement(RemoteWebDriver.java:315)
	at io.appium.java_client.DefaultGenericMobileDriver.findElement(DefaultGenericMobileDriver.java:57)
	at io.appium.java_client.AppiumDriver.findElement(AppiumDriver.java:1)
	at io.appium.java_client.android.AndroidDriver.findElement(AndroidDriver.java:1)
	at io.appium.java_client.pagefactory.bys.ContentMappedBy.findElement(ContentMappedBy.java:50)
	at org.openqa.selenium.remote.RemoteWebDriver.findElement(RemoteWebDriver.java:315)
	at io.appium.java_client.DefaultGenericMobileDriver.findElement(DefaultGenericMobileDriver.java:57)
	at io.appium.java_client.AppiumDriver.findElement(AppiumDriver.java:1)
	at io.appium.java_client.android.AndroidDriver.findElement(AndroidDriver.java:1)
	at io.appium.java_client.pagefactory.AppiumElementLocator.lambda$0(AppiumElementLocator.java:120)
	at io.appium.java_client.pagefactory.AppiumElementLocator$WaitingFunction.apply(AppiumElementLocator.java:172)
	at io.appium.java_client.pagefactory.AppiumElementLocator$WaitingFunction.apply(AppiumElementLocator.java:1)
	at org.openqa.selenium.support.ui.FluentWait.until(FluentWait.java:249)
	... 34 more

[logs/Android_OnePlus_3T INFO ] 2020-05-10 14:31:40.869 BaseTest:149 - video path: videos/Android_OnePlus_3T/2020-05-10-14-30-58/LoginTests/invalidUserName.mp4
